{"/mnt/safe/node/radic/lib/index.js":{"path":"/mnt/safe/node/radic/lib/index.js","s":{"1":1,"2":1},"b":{},"f":{},"fnMap":{},"statementMap":{"1":{"start":{"line":7,"column":0},"end":{"line":12,"column":26}},"2":{"start":{"line":16,"column":0},"end":{"line":105,"column":2}}},"branchMap":{}},"/mnt/safe/node/radic/lib/app.js":{"path":"/mnt/safe/node/radic/lib/app.js","s":{"1":1,"2":1,"3":1,"4":1,"5":1,"6":1,"7":1,"8":1,"9":1,"10":1,"11":0,"12":0,"13":0,"14":1,"15":0,"16":1},"b":{"1":[0,1],"2":[1,1]},"f":{"1":1,"2":1,"3":0},"fnMap":{"1":{"name":"(anonymous_1)","line":18,"loc":{"start":{"line":18,"column":27},"end":{"line":18,"column":39}}},"2":{"name":"App","line":19,"loc":{"start":{"line":19,"column":4},"end":{"line":19,"column":18}}},"3":{"name":"(anonymous_3)","line":31,"loc":{"start":{"line":31,"column":24},"end":{"line":31,"column":38}}}},"statementMap":{"1":{"start":{"line":1,"column":0},"end":{"line":6,"column":33}},"2":{"start":{"line":8,"column":0},"end":{"line":8,"column":28}},"3":{"start":{"line":9,"column":0},"end":{"line":14,"column":2}},"4":{"start":{"line":18,"column":0},"end":{"line":38,"column":9}},"5":{"start":{"line":19,"column":4},"end":{"line":29,"column":5}},"6":{"start":{"line":20,"column":8},"end":{"line":20,"column":63}},"7":{"start":{"line":21,"column":8},"end":{"line":21,"column":36}},"8":{"start":{"line":22,"column":8},"end":{"line":22,"column":50}},"9":{"start":{"line":23,"column":8},"end":{"line":23,"column":42}},"10":{"start":{"line":24,"column":8},"end":{"line":28,"column":9}},"11":{"start":{"line":25,"column":12},"end":{"line":25,"column":77}},"12":{"start":{"line":26,"column":12},"end":{"line":26,"column":60}},"13":{"start":{"line":27,"column":12},"end":{"line":27,"column":31}},"14":{"start":{"line":31,"column":4},"end":{"line":33,"column":6}},"15":{"start":{"line":32,"column":8},"end":{"line":32,"column":36}},"16":{"start":{"line":37,"column":4},"end":{"line":37,"column":21}}},"branchMap":{"1":{"line":24,"type":"if","locations":[{"start":{"line":24,"column":8},"end":{"line":24,"column":8}},{"start":{"line":24,"column":8},"end":{"line":24,"column":8}}]},"2":{"line":24,"type":"binary-expr","locations":[{"start":{"line":24,"column":11},"end":{"line":24,"column":67}},{"start":{"line":24,"column":71},"end":{"line":24,"column":129}}]}}},"/mnt/safe/node/radic/lib/util/index.js":{"path":"/mnt/safe/node/radic/lib/util/index.js","s":{"1":1,"2":1,"3":1,"4":1,"5":1,"6":1},"b":{},"f":{},"fnMap":{},"statementMap":{"1":{"start":{"line":2,"column":0},"end":{"line":9,"column":25}},"2":{"start":{"line":14,"column":0},"end":{"line":14,"column":26}},"3":{"start":{"line":15,"column":0},"end":{"line":15,"column":27}},"4":{"start":{"line":17,"column":0},"end":{"line":17,"column":37}},"5":{"start":{"line":18,"column":0},"end":{"line":18,"column":39}},"6":{"start":{"line":19,"column":0},"end":{"line":19,"column":55}}},"branchMap":{}},"/mnt/safe/node/radic/lib/util/general.js":{"path":"/mnt/safe/node/radic/lib/util/general.js","s":{"1":1,"2":1,"3":0,"4":0,"5":0,"6":0,"7":0,"8":0,"9":0,"10":0,"11":0,"12":0,"13":5,"14":10,"15":1,"16":1,"17":1,"18":0,"19":0,"20":0,"21":0,"22":0,"23":0,"24":0,"25":0,"26":0,"27":0,"28":1,"29":0,"30":0,"31":0,"32":0,"33":0},"b":{"1":[0,0],"2":[0,0],"3":[0,0],"4":[5,0,0],"5":[1,0],"6":[0,0],"7":[0,0],"8":[0,0],"9":[0,0]},"f":{"1":0,"2":0,"3":5,"4":10,"5":1,"6":1,"7":0,"8":0,"9":0},"fnMap":{"1":{"name":"(anonymous_1)","line":7,"loc":{"start":{"line":7,"column":9},"end":{"line":7,"column":21}}},"2":{"name":"(anonymous_2)","line":9,"loc":{"start":{"line":9,"column":21},"end":{"line":9,"column":39}}},"3":{"name":"(anonymous_3)","line":31,"loc":{"start":{"line":31,"column":20},"end":{"line":31,"column":32}}},"4":{"name":"(anonymous_4)","line":35,"loc":{"start":{"line":35,"column":13},"end":{"line":35,"column":28}}},"5":{"name":"(anonymous_5)","line":40,"loc":{"start":{"line":40,"column":22},"end":{"line":40,"column":43}}},"6":{"name":"(anonymous_6)","line":42,"loc":{"start":{"line":42,"column":24},"end":{"line":42,"column":42}}},"7":{"name":"(anonymous_7)","line":48,"loc":{"start":{"line":48,"column":31},"end":{"line":48,"column":52}}},"8":{"name":"(anonymous_8)","line":66,"loc":{"start":{"line":66,"column":13},"end":{"line":66,"column":28}}},"9":{"name":"(anonymous_9)","line":75,"loc":{"start":{"line":75,"column":30},"end":{"line":75,"column":52}}}},"statementMap":{"1":{"start":{"line":1,"column":0},"end":{"line":3,"column":29}},"2":{"start":{"line":6,"column":0},"end":{"line":81,"column":0}},"3":{"start":{"line":8,"column":8},"end":{"line":8,"column":40}},"4":{"start":{"line":9,"column":8},"end":{"line":21,"column":22}},"5":{"start":{"line":10,"column":12},"end":{"line":20,"column":13}},"6":{"start":{"line":11,"column":16},"end":{"line":15,"column":17}},"7":{"start":{"line":12,"column":20},"end":{"line":12,"column":52}},"8":{"start":{"line":14,"column":20},"end":{"line":14,"column":48}},"9":{"start":{"line":16,"column":19},"end":{"line":20,"column":13}},"10":{"start":{"line":17,"column":16},"end":{"line":17,"column":88}},"11":{"start":{"line":19,"column":16},"end":{"line":19,"column":66}},"12":{"start":{"line":22,"column":8},"end":{"line":22,"column":41}},"13":{"start":{"line":32,"column":8},"end":{"line":32,"column":83}},"14":{"start":{"line":36,"column":8},"end":{"line":36,"column":42}},"15":{"start":{"line":42,"column":8},"end":{"line":60,"column":11}},"16":{"start":{"line":43,"column":12},"end":{"line":59,"column":13}},"17":{"start":{"line":44,"column":16},"end":{"line":44,"column":49}},"18":{"start":{"line":45,"column":19},"end":{"line":59,"column":13}},"19":{"start":{"line":46,"column":16},"end":{"line":46,"column":33}},"20":{"start":{"line":47,"column":19},"end":{"line":59,"column":13}},"21":{"start":{"line":48,"column":16},"end":{"line":58,"column":19}},"22":{"start":{"line":49,"column":20},"end":{"line":49,"column":38}},"23":{"start":{"line":50,"column":20},"end":{"line":52,"column":21}},"24":{"start":{"line":51,"column":24},"end":{"line":51,"column":37}},"25":{"start":{"line":53,"column":20},"end":{"line":57,"column":21}},"26":{"start":{"line":54,"column":24},"end":{"line":54,"column":51}},"27":{"start":{"line":56,"column":24},"end":{"line":56,"column":79}},"28":{"start":{"line":62,"column":8},"end":{"line":62,"column":19}},"29":{"start":{"line":68,"column":8},"end":{"line":68,"column":18}},"30":{"start":{"line":69,"column":8},"end":{"line":70,"column":27}},"31":{"start":{"line":71,"column":8},"end":{"line":71,"column":33}},"32":{"start":{"line":76,"column":8},"end":{"line":76,"column":59}},"33":{"start":{"line":77,"column":8},"end":{"line":77,"column":54}}},"branchMap":{"1":{"line":10,"type":"if","locations":[{"start":{"line":10,"column":12},"end":{"line":10,"column":12}},{"start":{"line":10,"column":12},"end":{"line":10,"column":12}}]},"2":{"line":11,"type":"if","locations":[{"start":{"line":11,"column":16},"end":{"line":11,"column":16}},{"start":{"line":11,"column":16},"end":{"line":11,"column":16}}]},"3":{"line":16,"type":"if","locations":[{"start":{"line":16,"column":19},"end":{"line":16,"column":19}},{"start":{"line":16,"column":19},"end":{"line":16,"column":19}}]},"4":{"line":32,"type":"binary-expr","locations":[{"start":{"line":32,"column":15},"end":{"line":32,"column":31}},{"start":{"line":32,"column":35},"end":{"line":32,"column":55}},{"start":{"line":32,"column":59},"end":{"line":32,"column":82}}]},"5":{"line":43,"type":"if","locations":[{"start":{"line":43,"column":12},"end":{"line":43,"column":12}},{"start":{"line":43,"column":12},"end":{"line":43,"column":12}}]},"6":{"line":45,"type":"if","locations":[{"start":{"line":45,"column":19},"end":{"line":45,"column":19}},{"start":{"line":45,"column":19},"end":{"line":45,"column":19}}]},"7":{"line":47,"type":"if","locations":[{"start":{"line":47,"column":19},"end":{"line":47,"column":19}},{"start":{"line":47,"column":19},"end":{"line":47,"column":19}}]},"8":{"line":50,"type":"if","locations":[{"start":{"line":50,"column":20},"end":{"line":50,"column":20}},{"start":{"line":50,"column":20},"end":{"line":50,"column":20}}]},"9":{"line":53,"type":"if","locations":[{"start":{"line":53,"column":20},"end":{"line":53,"column":20}},{"start":{"line":53,"column":20},"end":{"line":53,"column":20}}]}}},"/mnt/safe/node/radic/lib/util/dotaccess.js":{"path":"/mnt/safe/node/radic/lib/util/dotaccess.js","s":{"1":1,"2":65,"3":0,"4":65,"5":1,"6":20,"7":20,"8":20,"9":16,"10":16,"11":8,"12":16,"13":16,"14":0,"15":20,"16":1,"17":16,"18":16,"19":15,"20":45,"21":0,"22":45,"23":45,"24":94,"25":94,"26":16,"27":78,"28":29,"29":4,"30":4},"b":{"1":[0,65],"2":[8,8],"3":[0,16],"4":[15,1],"5":[16,5],"6":[0,45],"7":[16,78]},"f":{"1":65,"2":20,"3":16,"4":45,"5":4},"fnMap":{"1":{"name":"parts","line":1,"loc":{"start":{"line":1,"column":-15},"end":{"line":1,"column":20}}},"2":{"name":"lookup","line":6,"loc":{"start":{"line":6,"column":0},"end":{"line":6,"column":26}}},"3":{"name":"(anonymous_3)","line":29,"loc":{"start":{"line":29,"column":13},"end":{"line":29,"column":51}}},"4":{"name":"(anonymous_4)","line":44,"loc":{"start":{"line":44,"column":13},"end":{"line":44,"column":38}}},"5":{"name":"(anonymous_5)","line":64,"loc":{"start":{"line":64,"column":13},"end":{"line":64,"column":33}}}},"statementMap":{"1":{"start":{"line":1,"column":-15},"end":{"line":4,"column":1}},"2":{"start":{"line":2,"column":4},"end":{"line":2,"column":39}},"3":{"start":{"line":2,"column":28},"end":{"line":2,"column":39}},"4":{"start":{"line":3,"column":4},"end":{"line":4,"column":0}},"5":{"start":{"line":6,"column":0},"end":{"line":16,"column":1}},"6":{"start":{"line":7,"column":4},"end":{"line":7,"column":21}},"7":{"start":{"line":8,"column":4},"end":{"line":8,"column":28}},"8":{"start":{"line":9,"column":4},"end":{"line":14,"column":5}},"9":{"start":{"line":10,"column":8},"end":{"line":10,"column":26}},"10":{"start":{"line":11,"column":8},"end":{"line":11,"column":43}},"11":{"start":{"line":11,"column":28},"end":{"line":11,"column":43}},"12":{"start":{"line":12,"column":8},"end":{"line":12,"column":24}},"13":{"start":{"line":13,"column":8},"end":{"line":14,"column":4}},"14":{"start":{"line":13,"column":18},"end":{"line":14,"column":4}},"15":{"start":{"line":15,"column":4},"end":{"line":15,"column":26}},"16":{"start":{"line":19,"column":0},"end":{"line":70,"column":2}},"17":{"start":{"line":30,"column":8},"end":{"line":32,"column":34}},"18":{"start":{"line":33,"column":8},"end":{"line":34,"column":4}},"19":{"start":{"line":33,"column":40},"end":{"line":34,"column":4}},"20":{"start":{"line":45,"column":8},"end":{"line":47,"column":9}},"21":{"start":{"line":46,"column":12},"end":{"line":46,"column":23}},"22":{"start":{"line":48,"column":8},"end":{"line":48,"column":25}},"23":{"start":{"line":49,"column":8},"end":{"line":53,"column":9}},"24":{"start":{"line":50,"column":12},"end":{"line":50,"column":30}},"25":{"start":{"line":51,"column":12},"end":{"line":51,"column":43}},"26":{"start":{"line":51,"column":32},"end":{"line":51,"column":43}},"27":{"start":{"line":52,"column":12},"end":{"line":53,"column":8}},"28":{"start":{"line":54,"column":8},"end":{"line":55,"column":4}},"29":{"start":{"line":65,"column":8},"end":{"line":67,"column":34}},"30":{"start":{"line":68,"column":8},"end":{"line":68,"column":31}}},"branchMap":{"1":{"line":2,"type":"if","locations":[{"start":{"line":2,"column":4},"end":{"line":2,"column":4}},{"start":{"line":2,"column":4},"end":{"line":2,"column":4}}]},"2":{"line":11,"type":"if","locations":[{"start":{"line":11,"column":8},"end":{"line":11,"column":8}},{"start":{"line":11,"column":8},"end":{"line":11,"column":8}}]},"3":{"line":13,"type":"if","locations":[{"start":{"line":13,"column":8},"end":{"line":13,"column":8}},{"start":{"line":13,"column":8},"end":{"line":13,"column":8}}]},"4":{"line":33,"type":"if","locations":[{"start":{"line":33,"column":8},"end":{"line":33,"column":8}},{"start":{"line":33,"column":8},"end":{"line":33,"column":8}}]},"5":{"line":33,"type":"binary-expr","locations":[{"start":{"line":33,"column":12},"end":{"line":33,"column":21}},{"start":{"line":33,"column":25},"end":{"line":33,"column":38}}]},"6":{"line":45,"type":"if","locations":[{"start":{"line":45,"column":8},"end":{"line":45,"column":8}},{"start":{"line":45,"column":8},"end":{"line":45,"column":8}}]},"7":{"line":51,"type":"if","locations":[{"start":{"line":51,"column":12},"end":{"line":51,"column":12}},{"start":{"line":51,"column":12},"end":{"line":51,"column":12}}]}}},"/mnt/safe/node/radic/lib/util/require-directory.js":{"path":"/mnt/safe/node/radic/lib/util/require-directory.js","s":{"1":1,"2":1,"3":0,"4":0,"5":1,"6":0,"7":0,"8":0,"9":0,"10":0,"11":0,"12":0,"13":0,"14":0,"15":0,"16":0,"17":0,"18":0,"19":0,"20":0,"21":0,"22":0,"23":0,"24":0,"25":0,"26":0,"27":0,"28":0,"29":0,"30":0,"31":0,"32":0,"33":0,"34":0,"35":0,"36":0,"37":0,"38":1,"39":1},"b":{"1":[0,0],"2":[0,0,0],"3":[0,0],"4":[0,0],"5":[0,0],"6":[0,0],"7":[0,0,0],"8":[0,0],"9":[0,0,0],"10":[0,0],"11":[0,0,0],"12":[0,0],"13":[0,0,0],"14":[0,0],"15":[0,0],"16":[0,0],"17":[0,0],"18":[0,0],"19":[0,0]},"f":{"1":1,"2":0,"3":0,"4":0,"5":0,"6":0},"fnMap":{"1":{"name":"(anonymous_1)","line":1,"loc":{"start":{"line":1,"column":1},"end":{"line":1,"column":13}}},"2":{"name":"(anonymous_2)","line":12,"loc":{"start":{"line":12,"column":20},"end":{"line":12,"column":36}}},"3":{"name":"(anonymous_3)","line":15,"loc":{"start":{"line":15,"column":19},"end":{"line":15,"column":34}}},"4":{"name":"requireDirectory","line":28,"loc":{"start":{"line":28,"column":4},"end":{"line":28,"column":48}}},"5":{"name":"(anonymous_5)","line":49,"loc":{"start":{"line":49,"column":22},"end":{"line":49,"column":48}}},"6":{"name":"(anonymous_6)","line":80,"loc":{"start":{"line":80,"column":37},"end":{"line":80,"column":57}}}},"statementMap":{"1":{"start":{"line":1,"column":0},"end":{"line":108,"column":5}},"2":{"start":{"line":4,"column":4},"end":{"line":18,"column":10}},"3":{"start":{"line":13,"column":16},"end":{"line":13,"column":28}},"4":{"start":{"line":16,"column":16},"end":{"line":16,"column":27}},"5":{"start":{"line":28,"column":4},"end":{"line":99,"column":5}},"6":{"start":{"line":29,"column":8},"end":{"line":30,"column":31}},"7":{"start":{"line":33,"column":8},"end":{"line":36,"column":9}},"8":{"start":{"line":34,"column":12},"end":{"line":34,"column":27}},"9":{"start":{"line":35,"column":12},"end":{"line":35,"column":24}},"10":{"start":{"line":39,"column":8},"end":{"line":39,"column":60}},"11":{"start":{"line":43,"column":8},"end":{"line":47,"column":9}},"12":{"start":{"line":44,"column":12},"end":{"line":44,"column":39}},"13":{"start":{"line":46,"column":12},"end":{"line":46,"column":54}},"14":{"start":{"line":49,"column":8},"end":{"line":76,"column":10}},"15":{"start":{"line":51,"column":12},"end":{"line":53,"column":13}},"16":{"start":{"line":52,"column":16},"end":{"line":52,"column":29}},"17":{"start":{"line":56,"column":12},"end":{"line":58,"column":13}},"18":{"start":{"line":57,"column":16},"end":{"line":57,"column":29}},"19":{"start":{"line":61,"column":12},"end":{"line":63,"column":13}},"20":{"start":{"line":62,"column":16},"end":{"line":62,"column":29}},"21":{"start":{"line":66,"column":12},"end":{"line":68,"column":13}},"22":{"start":{"line":67,"column":16},"end":{"line":67,"column":29}},"23":{"start":{"line":71,"column":12},"end":{"line":73,"column":13}},"24":{"start":{"line":72,"column":16},"end":{"line":72,"column":29}},"25":{"start":{"line":75,"column":12},"end":{"line":75,"column":24}},"26":{"start":{"line":79,"column":8},"end":{"line":79,"column":29}},"27":{"start":{"line":80,"column":8},"end":{"line":97,"column":11}},"28":{"start":{"line":81,"column":12},"end":{"line":84,"column":20}},"29":{"start":{"line":85,"column":12},"end":{"line":96,"column":13}},"30":{"start":{"line":86,"column":16},"end":{"line":86,"column":61}},"31":{"start":{"line":87,"column":16},"end":{"line":89,"column":17}},"32":{"start":{"line":88,"column":20},"end":{"line":88,"column":79}},"33":{"start":{"line":91,"column":16},"end":{"line":95,"column":17}},"34":{"start":{"line":92,"column":20},"end":{"line":92,"column":75}},"35":{"start":{"line":93,"column":20},"end":{"line":93,"column":44}},"36":{"start":{"line":94,"column":20},"end":{"line":94,"column":112}},"37":{"start":{"line":98,"column":8},"end":{"line":98,"column":22}},"38":{"start":{"line":105,"column":4},"end":{"line":105,"column":38}},"39":{"start":{"line":106,"column":4},"end":{"line":106,"column":45}}},"branchMap":{"1":{"line":33,"type":"if","locations":[{"start":{"line":33,"column":8},"end":{"line":33,"column":8}},{"start":{"line":33,"column":8},"end":{"line":33,"column":8}}]},"2":{"line":33,"type":"binary-expr","locations":[{"start":{"line":33,"column":12},"end":{"line":33,"column":16}},{"start":{"line":33,"column":20},"end":{"line":33,"column":28}},{"start":{"line":33,"column":32},"end":{"line":33,"column":49}}]},"3":{"line":39,"type":"binary-expr","locations":[{"start":{"line":39,"column":29},"end":{"line":39,"column":36}},{"start":{"line":39,"column":40},"end":{"line":39,"column":42}}]},"4":{"line":43,"type":"if","locations":[{"start":{"line":43,"column":8},"end":{"line":43,"column":8}},{"start":{"line":43,"column":8},"end":{"line":43,"column":8}}]},"5":{"line":51,"type":"if","locations":[{"start":{"line":51,"column":12},"end":{"line":51,"column":12}},{"start":{"line":51,"column":12},"end":{"line":51,"column":12}}]},"6":{"line":56,"type":"if","locations":[{"start":{"line":56,"column":12},"end":{"line":56,"column":12}},{"start":{"line":56,"column":12},"end":{"line":56,"column":12}}]},"7":{"line":56,"type":"binary-expr","locations":[{"start":{"line":56,"column":16},"end":{"line":56,"column":31}},{"start":{"line":56,"column":35},"end":{"line":56,"column":68}},{"start":{"line":56,"column":72},"end":{"line":56,"column":99}}]},"8":{"line":61,"type":"if","locations":[{"start":{"line":61,"column":12},"end":{"line":61,"column":12}},{"start":{"line":61,"column":12},"end":{"line":61,"column":12}}]},"9":{"line":61,"type":"binary-expr","locations":[{"start":{"line":61,"column":16},"end":{"line":61,"column":31}},{"start":{"line":61,"column":35},"end":{"line":61,"column":64}},{"start":{"line":61,"column":68},"end":{"line":61,"column":100}}]},"10":{"line":66,"type":"if","locations":[{"start":{"line":66,"column":12},"end":{"line":66,"column":12}},{"start":{"line":66,"column":12},"end":{"line":66,"column":12}}]},"11":{"line":66,"type":"binary-expr","locations":[{"start":{"line":66,"column":16},"end":{"line":66,"column":31}},{"start":{"line":66,"column":35},"end":{"line":66,"column":68}},{"start":{"line":66,"column":72},"end":{"line":66,"column":98}}]},"12":{"line":71,"type":"if","locations":[{"start":{"line":71,"column":12},"end":{"line":71,"column":12}},{"start":{"line":71,"column":12},"end":{"line":71,"column":12}}]},"13":{"line":71,"type":"binary-expr","locations":[{"start":{"line":71,"column":16},"end":{"line":71,"column":31}},{"start":{"line":71,"column":35},"end":{"line":71,"column":64}},{"start":{"line":71,"column":68},"end":{"line":71,"column":99}}]},"14":{"line":85,"type":"if","locations":[{"start":{"line":85,"column":12},"end":{"line":85,"column":12}},{"start":{"line":85,"column":12},"end":{"line":85,"column":12}}]},"15":{"line":85,"type":"binary-expr","locations":[{"start":{"line":85,"column":16},"end":{"line":85,"column":49}},{"start":{"line":85,"column":53},"end":{"line":85,"column":68}}]},"16":{"line":87,"type":"if","locations":[{"start":{"line":87,"column":16},"end":{"line":87,"column":16}},{"start":{"line":87,"column":16},"end":{"line":87,"column":16}}]},"17":{"line":91,"type":"if","locations":[{"start":{"line":91,"column":16},"end":{"line":91,"column":16}},{"start":{"line":91,"column":16},"end":{"line":91,"column":16}}]},"18":{"line":91,"type":"binary-expr","locations":[{"start":{"line":91,"column":20},"end":{"line":91,"column":41}},{"start":{"line":91,"column":45},"end":{"line":91,"column":74}}]},"19":{"line":94,"type":"binary-expr","locations":[{"start":{"line":94,"column":68},"end":{"line":94,"column":104}},{"start":{"line":94,"column":108},"end":{"line":94,"column":111}}]}}},"/mnt/safe/node/radic/lib/config/index.js":{"path":"/mnt/safe/node/radic/lib/config/index.js","s":{"1":1,"2":1,"3":4,"4":1,"5":3,"6":3,"7":3,"8":3,"9":1,"10":3,"11":1,"12":1,"13":10,"14":10,"15":10,"16":1,"17":10,"18":10,"19":1,"20":9,"21":2,"22":1,"23":37,"24":1,"25":3,"26":3,"27":3,"28":1,"29":2,"30":1,"31":3,"32":1,"33":3,"34":3,"35":3,"36":1,"37":2,"38":1,"39":3,"40":1,"41":9,"42":9,"43":9,"44":4,"45":4,"46":5,"47":9},"b":{"1":[1,3],"2":[3,1],"3":[1,2],"4":[10,7],"5":[1,9],"6":[1,9],"7":[2,7],"8":[3,1],"9":[1,2],"10":[1,1],"11":[3,1],"12":[1,2],"13":[1,1],"14":[9,5],"15":[4,5]},"f":{"1":4,"2":10,"3":37,"4":3,"5":3,"6":9,"7":4},"fnMap":{"1":{"name":"Config","line":34,"loc":{"start":{"line":34,"column":0},"end":{"line":34,"column":31}}},"2":{"name":"(anonymous_2)","line":62,"loc":{"start":{"line":62,"column":23},"end":{"line":62,"column":52}}},"3":{"name":"(anonymous_3)","line":87,"loc":{"start":{"line":87,"column":23},"end":{"line":87,"column":49}}},"4":{"name":"(anonymous_4)","line":98,"loc":{"start":{"line":98,"column":23},"end":{"line":98,"column":45}}},"5":{"name":"(anonymous_5)","line":116,"loc":{"start":{"line":116,"column":25},"end":{"line":116,"column":41}}},"6":{"name":"(anonymous_6)","line":133,"loc":{"start":{"line":133,"column":24},"end":{"line":133,"column":44}}},"7":{"name":"(anonymous_7)","line":137,"loc":{"start":{"line":137,"column":47},"end":{"line":137,"column":60}}}},"statementMap":{"1":{"start":{"line":1,"column":0},"end":{"line":7,"column":30}},"2":{"start":{"line":34,"column":0},"end":{"line":53,"column":1}},"3":{"start":{"line":35,"column":4},"end":{"line":35,"column":125}},"4":{"start":{"line":35,"column":29},"end":{"line":35,"column":125}},"5":{"start":{"line":38,"column":4},"end":{"line":38,"column":33}},"6":{"start":{"line":39,"column":4},"end":{"line":43,"column":7}},"7":{"start":{"line":44,"column":4},"end":{"line":44,"column":70}},"8":{"start":{"line":47,"column":4},"end":{"line":49,"column":5}},"9":{"start":{"line":48,"column":8},"end":{"line":48,"column":42}},"10":{"start":{"line":51,"column":4},"end":{"line":51,"column":50}},"11":{"start":{"line":54,"column":0},"end":{"line":54,"column":24}},"12":{"start":{"line":62,"column":0},"end":{"line":78,"column":2}},"13":{"start":{"line":63,"column":4},"end":{"line":63,"column":25}},"14":{"start":{"line":66,"column":4},"end":{"line":66,"column":29}},"15":{"start":{"line":68,"column":4},"end":{"line":70,"column":5}},"16":{"start":{"line":69,"column":8},"end":{"line":69,"column":36}},"17":{"start":{"line":72,"column":4},"end":{"line":72,"column":49}},"18":{"start":{"line":73,"column":4},"end":{"line":77,"column":5}},"19":{"start":{"line":74,"column":8},"end":{"line":74,"column":24}},"20":{"start":{"line":75,"column":11},"end":{"line":77,"column":5}},"21":{"start":{"line":76,"column":8},"end":{"line":76,"column":20}},"22":{"start":{"line":87,"column":0},"end":{"line":89,"column":2}},"23":{"start":{"line":88,"column":4},"end":{"line":88,"column":53}},"24":{"start":{"line":98,"column":0},"end":{"line":108,"column":2}},"25":{"start":{"line":99,"column":4},"end":{"line":99,"column":25}},"26":{"start":{"line":101,"column":4},"end":{"line":101,"column":36}},"27":{"start":{"line":102,"column":4},"end":{"line":106,"column":5}},"28":{"start":{"line":103,"column":8},"end":{"line":103,"column":24}},"29":{"start":{"line":104,"column":11},"end":{"line":106,"column":5}},"30":{"start":{"line":105,"column":8},"end":{"line":105,"column":20}},"31":{"start":{"line":107,"column":4},"end":{"line":107,"column":16}},"32":{"start":{"line":116,"column":0},"end":{"line":125,"column":2}},"33":{"start":{"line":117,"column":4},"end":{"line":117,"column":25}},"34":{"start":{"line":118,"column":4},"end":{"line":118,"column":21}},"35":{"start":{"line":119,"column":4},"end":{"line":123,"column":5}},"36":{"start":{"line":120,"column":8},"end":{"line":120,"column":24}},"37":{"start":{"line":121,"column":11},"end":{"line":123,"column":5}},"38":{"start":{"line":122,"column":8},"end":{"line":122,"column":20}},"39":{"start":{"line":124,"column":4},"end":{"line":124,"column":16}},"40":{"start":{"line":133,"column":0},"end":{"line":144,"column":2}},"41":{"start":{"line":134,"column":4},"end":{"line":134,"column":20}},"42":{"start":{"line":135,"column":4},"end":{"line":135,"column":33}},"43":{"start":{"line":136,"column":4},"end":{"line":142,"column":5}},"44":{"start":{"line":137,"column":8},"end":{"line":140,"column":4}},"45":{"start":{"line":138,"column":12},"end":{"line":139,"column":8}},"46":{"start":{"line":141,"column":8},"end":{"line":141,"column":51}},"47":{"start":{"line":143,"column":4},"end":{"line":143,"column":16}}},"branchMap":{"1":{"line":35,"type":"if","locations":[{"start":{"line":35,"column":4},"end":{"line":35,"column":4}},{"start":{"line":35,"column":4},"end":{"line":35,"column":4}}]},"2":{"line":38,"type":"binary-expr","locations":[{"start":{"line":38,"column":19},"end":{"line":38,"column":26}},{"start":{"line":38,"column":30},"end":{"line":38,"column":32}}]},"3":{"line":47,"type":"if","locations":[{"start":{"line":47,"column":4},"end":{"line":47,"column":4}},{"start":{"line":47,"column":4},"end":{"line":47,"column":4}}]},"4":{"line":63,"type":"binary-expr","locations":[{"start":{"line":63,"column":11},"end":{"line":63,"column":15}},{"start":{"line":63,"column":19},"end":{"line":63,"column":24}}]},"5":{"line":68,"type":"if","locations":[{"start":{"line":68,"column":4},"end":{"line":68,"column":4}},{"start":{"line":68,"column":4},"end":{"line":68,"column":4}}]},"6":{"line":73,"type":"if","locations":[{"start":{"line":73,"column":4},"end":{"line":73,"column":4}},{"start":{"line":73,"column":4},"end":{"line":73,"column":4}}]},"7":{"line":75,"type":"if","locations":[{"start":{"line":75,"column":11},"end":{"line":75,"column":11}},{"start":{"line":75,"column":11},"end":{"line":75,"column":11}}]},"8":{"line":99,"type":"binary-expr","locations":[{"start":{"line":99,"column":11},"end":{"line":99,"column":15}},{"start":{"line":99,"column":19},"end":{"line":99,"column":24}}]},"9":{"line":102,"type":"if","locations":[{"start":{"line":102,"column":4},"end":{"line":102,"column":4}},{"start":{"line":102,"column":4},"end":{"line":102,"column":4}}]},"10":{"line":104,"type":"if","locations":[{"start":{"line":104,"column":11},"end":{"line":104,"column":11}},{"start":{"line":104,"column":11},"end":{"line":104,"column":11}}]},"11":{"line":117,"type":"binary-expr","locations":[{"start":{"line":117,"column":11},"end":{"line":117,"column":15}},{"start":{"line":117,"column":19},"end":{"line":117,"column":24}}]},"12":{"line":119,"type":"if","locations":[{"start":{"line":119,"column":4},"end":{"line":119,"column":4}},{"start":{"line":119,"column":4},"end":{"line":119,"column":4}}]},"13":{"line":121,"type":"if","locations":[{"start":{"line":121,"column":11},"end":{"line":121,"column":11}},{"start":{"line":121,"column":11},"end":{"line":121,"column":11}}]},"14":{"line":135,"type":"binary-expr","locations":[{"start":{"line":135,"column":15},"end":{"line":135,"column":23}},{"start":{"line":135,"column":27},"end":{"line":135,"column":32}}]},"15":{"line":136,"type":"if","locations":[{"start":{"line":136,"column":4},"end":{"line":136,"column":4}},{"start":{"line":136,"column":4},"end":{"line":136,"column":4}}]}}},"/mnt/safe/node/radic/lib/binwraps.js":{"path":"/mnt/safe/node/radic/lib/binwraps.js","s":{"1":1,"2":1,"3":1,"4":1,"5":1,"6":1,"7":1,"8":26,"9":26,"10":1,"11":1,"12":26,"13":1,"14":1,"15":0,"16":0,"17":0,"18":0,"19":0,"20":0,"21":0,"22":0,"23":0,"24":1,"25":14,"26":13,"27":13,"28":13,"29":14,"30":1,"31":1,"32":0,"33":1,"34":13},"b":{"1":[1,0],"2":[0,0],"3":[0,0],"4":[0,0],"5":[13,1]},"f":{"1":26,"2":1,"3":1,"4":0,"5":0,"6":14,"7":0,"8":13},"fnMap":{"1":{"name":"(anonymous_1)","line":63,"loc":{"start":{"line":63,"column":20},"end":{"line":63,"column":39}}},"2":{"name":"(anonymous_2)","line":65,"loc":{"start":{"line":65,"column":25},"end":{"line":65,"column":35}}},"3":{"name":"(anonymous_3)","line":70,"loc":{"start":{"line":70,"column":16},"end":{"line":70,"column":26}}},"4":{"name":"(anonymous_4)","line":76,"loc":{"start":{"line":76,"column":24},"end":{"line":76,"column":42}}},"5":{"name":"(anonymous_5)","line":84,"loc":{"start":{"line":84,"column":47},"end":{"line":84,"column":78}}},"6":{"name":"(anonymous_6)","line":96,"loc":{"start":{"line":96,"column":25},"end":{"line":96,"column":38}}},"7":{"name":"(anonymous_7)","line":110,"loc":{"start":{"line":110,"column":23},"end":{"line":110,"column":33}}},"8":{"name":"(anonymous_8)","line":114,"loc":{"start":{"line":114,"column":17},"end":{"line":114,"column":30}}}},"statementMap":{"1":{"start":{"line":1,"column":0},"end":{"line":4,"column":25}},"2":{"start":{"line":7,"column":0},"end":{"line":21,"column":2}},"3":{"start":{"line":51,"column":0},"end":{"line":51,"column":35}},"4":{"start":{"line":57,"column":0},"end":{"line":57,"column":29}},"5":{"start":{"line":60,"column":0},"end":{"line":60,"column":19}},"6":{"start":{"line":61,"column":0},"end":{"line":61,"column":34}},"7":{"start":{"line":63,"column":0},"end":{"line":90,"column":2}},"8":{"start":{"line":64,"column":4},"end":{"line":64,"column":20}},"9":{"start":{"line":65,"column":4},"end":{"line":69,"column":6}},"10":{"start":{"line":66,"column":8},"end":{"line":66,"column":66}},"11":{"start":{"line":68,"column":8},"end":{"line":68,"column":31}},"12":{"start":{"line":70,"column":4},"end":{"line":87,"column":6}},"13":{"start":{"line":71,"column":8},"end":{"line":73,"column":9}},"14":{"start":{"line":72,"column":12},"end":{"line":72,"column":61}},"15":{"start":{"line":74,"column":8},"end":{"line":74,"column":40}},"16":{"start":{"line":75,"column":8},"end":{"line":75,"column":21}},"17":{"start":{"line":76,"column":8},"end":{"line":80,"column":11}},"18":{"start":{"line":77,"column":12},"end":{"line":79,"column":13}},"19":{"start":{"line":78,"column":16},"end":{"line":78,"column":31}},"20":{"start":{"line":81,"column":8},"end":{"line":83,"column":9}},"21":{"start":{"line":82,"column":12},"end":{"line":83,"column":8}},"22":{"start":{"line":84,"column":8},"end":{"line":86,"column":11}},"23":{"start":{"line":85,"column":12},"end":{"line":85,"column":34}},"24":{"start":{"line":96,"column":0},"end":{"line":103,"column":2}},"25":{"start":{"line":97,"column":4},"end":{"line":101,"column":5}},"26":{"start":{"line":98,"column":8},"end":{"line":98,"column":47}},"27":{"start":{"line":99,"column":8},"end":{"line":99,"column":62}},"28":{"start":{"line":100,"column":8},"end":{"line":100,"column":27}},"29":{"start":{"line":102,"column":4},"end":{"line":102,"column":25}},"30":{"start":{"line":104,"column":0},"end":{"line":104,"column":41}},"31":{"start":{"line":110,"column":0},"end":{"line":112,"column":2}},"32":{"start":{"line":111,"column":4},"end":{"line":111,"column":20}},"33":{"start":{"line":114,"column":0},"end":{"line":116,"column":3}},"34":{"start":{"line":115,"column":4},"end":{"line":115,"column":32}}},"branchMap":{"1":{"line":71,"type":"if","locations":[{"start":{"line":71,"column":8},"end":{"line":71,"column":8}},{"start":{"line":71,"column":8},"end":{"line":71,"column":8}}]},"2":{"line":77,"type":"if","locations":[{"start":{"line":77,"column":12},"end":{"line":77,"column":12}},{"start":{"line":77,"column":12},"end":{"line":77,"column":12}}]},"3":{"line":77,"type":"binary-expr","locations":[{"start":{"line":77,"column":16},"end":{"line":77,"column":41}},{"start":{"line":77,"column":45},"end":{"line":77,"column":68}}]},"4":{"line":81,"type":"if","locations":[{"start":{"line":81,"column":8},"end":{"line":81,"column":8}},{"start":{"line":81,"column":8},"end":{"line":81,"column":8}}]},"5":{"line":97,"type":"if","locations":[{"start":{"line":97,"column":4},"end":{"line":97,"column":4}},{"start":{"line":97,"column":4},"end":{"line":97,"column":4}}]}}},"/mnt/safe/node/radic/lib/sh.js":{"path":"/mnt/safe/node/radic/lib/sh.js","s":{"1":1,"2":1,"3":1,"4":1,"5":1,"6":0,"7":0,"8":0,"9":0,"10":0,"11":0,"12":0,"13":0,"14":0,"15":0,"16":0,"17":0,"18":0,"19":0,"20":0,"21":0,"22":0,"23":0,"24":0,"25":0,"26":0,"27":0,"28":0,"29":0,"30":0,"31":0,"32":0,"33":0,"34":0,"35":0,"36":0,"37":0,"38":0,"39":0,"40":0,"41":0,"42":1,"43":3,"44":1,"45":0,"46":1,"47":1,"48":1,"49":1,"50":1,"51":1},"b":{"1":[0,0],"2":[0,0],"3":[0,0],"4":[0,0],"5":[0,0],"6":[0,0],"7":[0,0],"8":[0,0],"9":[0,0],"10":[0,0],"11":[0,0],"12":[0,0],"13":[0,0],"14":[0,0],"15":[0,0],"16":[0,1]},"f":{"1":0,"2":0,"3":0,"4":0,"5":0,"6":0,"7":0,"8":3,"9":0,"10":1},"fnMap":{"1":{"name":"(anonymous_1)","line":31,"loc":{"start":{"line":31,"column":10},"end":{"line":31,"column":50}}},"2":{"name":"(anonymous_2)","line":58,"loc":{"start":{"line":58,"column":44},"end":{"line":58,"column":56}}},"3":{"name":"(anonymous_3)","line":60,"loc":{"start":{"line":60,"column":42},"end":{"line":60,"column":54}}},"4":{"name":"(anonymous_4)","line":62,"loc":{"start":{"line":62,"column":42},"end":{"line":62,"column":54}}},"5":{"name":"(anonymous_5)","line":75,"loc":{"start":{"line":75,"column":27},"end":{"line":75,"column":43}}},"6":{"name":"(anonymous_6)","line":81,"loc":{"start":{"line":81,"column":27},"end":{"line":81,"column":43}}},"7":{"name":"(anonymous_7)","line":87,"loc":{"start":{"line":87,"column":20},"end":{"line":87,"column":36}}},"8":{"name":"(anonymous_8)","line":108,"loc":{"start":{"line":108,"column":14},"end":{"line":108,"column":26}}},"9":{"name":"(anonymous_9)","line":118,"loc":{"start":{"line":118,"column":9},"end":{"line":118,"column":41}}},"10":{"name":"(anonymous_10)","line":147,"loc":{"start":{"line":147,"column":18},"end":{"line":147,"column":51}}}},"statementMap":{"1":{"start":{"line":1,"column":0},"end":{"line":9,"column":29}},"2":{"start":{"line":13,"column":0},"end":{"line":13,"column":13}},"3":{"start":{"line":19,"column":0},"end":{"line":19,"column":24}},"4":{"start":{"line":30,"column":0},"end":{"line":30,"column":15}},"5":{"start":{"line":31,"column":0},"end":{"line":98,"column":2}},"6":{"start":{"line":33,"column":4},"end":{"line":41,"column":5}},"7":{"start":{"line":34,"column":8},"end":{"line":34,"column":24}},"8":{"start":{"line":35,"column":8},"end":{"line":35,"column":18}},"9":{"start":{"line":36,"column":8},"end":{"line":36,"column":17}},"10":{"start":{"line":37,"column":11},"end":{"line":41,"column":5}},"11":{"start":{"line":38,"column":8},"end":{"line":38,"column":23}},"12":{"start":{"line":39,"column":8},"end":{"line":39,"column":19}},"13":{"start":{"line":40,"column":8},"end":{"line":40,"column":18}},"14":{"start":{"line":44,"column":4},"end":{"line":47,"column":5}},"15":{"start":{"line":45,"column":8},"end":{"line":45,"column":23}},"16":{"start":{"line":46,"column":8},"end":{"line":46,"column":17}},"17":{"start":{"line":50,"column":4},"end":{"line":50,"column":50}},"18":{"start":{"line":50,"column":19},"end":{"line":50,"column":50}},"19":{"start":{"line":52,"column":4},"end":{"line":52,"column":23}},"20":{"start":{"line":54,"column":4},"end":{"line":56,"column":5}},"21":{"start":{"line":55,"column":8},"end":{"line":55,"column":29}},"22":{"start":{"line":58,"column":4},"end":{"line":59,"column":6}},"23":{"start":{"line":58,"column":26},"end":{"line":59,"column":6}},"24":{"start":{"line":60,"column":4},"end":{"line":61,"column":6}},"25":{"start":{"line":60,"column":25},"end":{"line":61,"column":6}},"26":{"start":{"line":62,"column":4},"end":{"line":63,"column":6}},"27":{"start":{"line":62,"column":25},"end":{"line":63,"column":6}},"28":{"start":{"line":66,"column":4},"end":{"line":70,"column":6}},"29":{"start":{"line":73,"column":4},"end":{"line":73,"column":83}},"30":{"start":{"line":75,"column":4},"end":{"line":79,"column":7}},"31":{"start":{"line":76,"column":8},"end":{"line":76,"column":26}},"32":{"start":{"line":78,"column":8},"end":{"line":78,"column":29}},"33":{"start":{"line":81,"column":4},"end":{"line":85,"column":7}},"34":{"start":{"line":82,"column":8},"end":{"line":82,"column":26}},"35":{"start":{"line":84,"column":8},"end":{"line":84,"column":30}},"36":{"start":{"line":87,"column":4},"end":{"line":94,"column":7}},"37":{"start":{"line":89,"column":8},"end":{"line":93,"column":9}},"38":{"start":{"line":90,"column":12},"end":{"line":90,"column":105}},"39":{"start":{"line":91,"column":15},"end":{"line":93,"column":9}},"40":{"start":{"line":92,"column":12},"end":{"line":92,"column":33}},"41":{"start":{"line":96,"column":4},"end":{"line":96,"column":16}},"42":{"start":{"line":108,"column":0},"end":{"line":110,"column":2}},"43":{"start":{"line":109,"column":4},"end":{"line":110,"column":0}},"44":{"start":{"line":118,"column":0},"end":{"line":121,"column":2}},"45":{"start":{"line":119,"column":4},"end":{"line":119,"column":78}},"46":{"start":{"line":147,"column":0},"end":{"line":156,"column":2}},"47":{"start":{"line":148,"column":4},"end":{"line":148,"column":52}},"48":{"start":{"line":149,"column":4},"end":{"line":149,"column":51}},"49":{"start":{"line":151,"column":4},"end":{"line":151,"column":84}},"50":{"start":{"line":152,"column":4},"end":{"line":152,"column":25}},"51":{"start":{"line":153,"column":4},"end":{"line":153,"column":74}}},"branchMap":{"1":{"line":33,"type":"if","locations":[{"start":{"line":33,"column":4},"end":{"line":33,"column":4}},{"start":{"line":33,"column":4},"end":{"line":33,"column":4}}]},"2":{"line":37,"type":"if","locations":[{"start":{"line":37,"column":11},"end":{"line":37,"column":11}},{"start":{"line":37,"column":11},"end":{"line":37,"column":11}}]},"3":{"line":44,"type":"if","locations":[{"start":{"line":44,"column":4},"end":{"line":44,"column":4}},{"start":{"line":44,"column":4},"end":{"line":44,"column":4}}]},"4":{"line":50,"type":"if","locations":[{"start":{"line":50,"column":4},"end":{"line":50,"column":4}},{"start":{"line":50,"column":4},"end":{"line":50,"column":4}}]},"5":{"line":50,"type":"binary-expr","locations":[{"start":{"line":50,"column":30},"end":{"line":50,"column":42}},{"start":{"line":50,"column":46},"end":{"line":50,"column":49}}]},"6":{"line":54,"type":"if","locations":[{"start":{"line":54,"column":4},"end":{"line":54,"column":4}},{"start":{"line":54,"column":4},"end":{"line":54,"column":4}}]},"7":{"line":58,"type":"if","locations":[{"start":{"line":58,"column":4},"end":{"line":58,"column":4}},{"start":{"line":58,"column":4},"end":{"line":58,"column":4}}]},"8":{"line":60,"type":"if","locations":[{"start":{"line":60,"column":4},"end":{"line":60,"column":4}},{"start":{"line":60,"column":4},"end":{"line":60,"column":4}}]},"9":{"line":62,"type":"if","locations":[{"start":{"line":62,"column":4},"end":{"line":62,"column":4}},{"start":{"line":62,"column":4},"end":{"line":62,"column":4}}]},"10":{"line":73,"type":"binary-expr","locations":[{"start":{"line":73,"column":30},"end":{"line":73,"column":38}},{"start":{"line":73,"column":42},"end":{"line":73,"column":46}}]},"11":{"line":89,"type":"if","locations":[{"start":{"line":89,"column":8},"end":{"line":89,"column":8}},{"start":{"line":89,"column":8},"end":{"line":89,"column":8}}]},"12":{"line":90,"type":"cond-expr","locations":[{"start":{"line":90,"column":37},"end":{"line":90,"column":53}},{"start":{"line":90,"column":56},"end":{"line":90,"column":61}}]},"13":{"line":90,"type":"cond-expr","locations":[{"start":{"line":90,"column":79},"end":{"line":90,"column":95}},{"start":{"line":90,"column":98},"end":{"line":90,"column":103}}]},"14":{"line":91,"type":"if","locations":[{"start":{"line":91,"column":15},"end":{"line":91,"column":15}},{"start":{"line":91,"column":15},"end":{"line":91,"column":15}}]},"15":{"line":119,"type":"cond-expr","locations":[{"start":{"line":119,"column":57},"end":{"line":119,"column":71}},{"start":{"line":119,"column":74},"end":{"line":119,"column":76}}]},"16":{"line":151,"type":"cond-expr","locations":[{"start":{"line":151,"column":57},"end":{"line":151,"column":72}},{"start":{"line":151,"column":75},"end":{"line":151,"column":81}}]}}},"/mnt/safe/node/radic/lib/git/index.js":{"path":"/mnt/safe/node/radic/lib/git/index.js","s":{"1":1,"2":1,"3":1,"4":1,"5":0},"b":{},"f":{"1":0},"fnMap":{"1":{"name":"(anonymous_1)","line":35,"loc":{"start":{"line":35,"column":13},"end":{"line":35,"column":33}}}},"statementMap":{"1":{"start":{"line":1,"column":0},"end":{"line":8,"column":24}},"2":{"start":{"line":25,"column":0},"end":{"line":25,"column":50}},"3":{"start":{"line":27,"column":0},"end":{"line":27,"column":31}},"4":{"start":{"line":35,"column":0},"end":{"line":37,"column":2}},"5":{"start":{"line":36,"column":4},"end":{"line":36,"column":36}}},"branchMap":{}},"/mnt/safe/node/radic/lib/cli/index.js":{"path":"/mnt/safe/node/radic/lib/cli/index.js","s":{"1":1,"2":1,"3":1,"4":1,"5":1,"6":25,"7":1,"8":1,"9":1,"10":1,"11":0,"12":1,"13":0,"14":1,"15":0,"16":1,"17":0,"18":1,"19":0,"20":1,"21":0,"22":1,"23":0,"24":1,"25":0,"26":0,"27":0,"28":0,"29":0,"30":0,"31":0,"32":0,"33":0,"34":0,"35":0,"36":0,"37":0,"38":0,"39":0,"40":0,"41":0,"42":0,"43":0,"44":0,"45":0,"46":0,"47":0,"48":1,"49":0,"50":0,"51":0,"52":1,"53":1,"54":1,"55":0,"56":0,"57":0,"58":0,"59":0,"60":1,"61":0,"62":1,"63":0,"64":1,"65":0,"66":0,"67":1,"68":6,"69":0,"70":0,"71":0,"72":0,"73":0,"74":0,"75":0,"76":0,"77":0},"b":{"1":[0,0],"2":[0,0],"3":[0,0],"4":[0,0],"5":[0,0],"6":[0,0],"7":[0,0],"8":[0,0],"9":[0,0],"10":[0,0],"11":[0,0],"12":[0,0],"13":[0,0]},"f":{"1":25,"2":0,"3":0,"4":0,"5":0,"6":0,"7":0,"8":0,"9":0,"10":0,"11":0,"12":0,"13":0,"14":0,"15":0,"16":0,"17":0,"18":6,"19":0},"fnMap":{"1":{"name":"(anonymous_1)","line":55,"loc":{"start":{"line":55,"column":20},"end":{"line":55,"column":35}}},"2":{"name":"(anonymous_2)","line":65,"loc":{"start":{"line":65,"column":13},"end":{"line":65,"column":39}}},"3":{"name":"(anonymous_3)","line":74,"loc":{"start":{"line":74,"column":11},"end":{"line":74,"column":24}}},"4":{"name":"(anonymous_4)","line":90,"loc":{"start":{"line":90,"column":12},"end":{"line":90,"column":46}}},"5":{"name":"(anonymous_5)","line":100,"loc":{"start":{"line":100,"column":14},"end":{"line":100,"column":30}}},"6":{"name":"(anonymous_6)","line":108,"loc":{"start":{"line":108,"column":12},"end":{"line":108,"column":25}}},"7":{"name":"(anonymous_7)","line":116,"loc":{"start":{"line":116,"column":12},"end":{"line":116,"column":25}}},"8":{"name":"(anonymous_8)","line":120,"loc":{"start":{"line":120,"column":15},"end":{"line":120,"column":28}}},"9":{"name":"(anonymous_9)","line":130,"loc":{"start":{"line":130,"column":12},"end":{"line":130,"column":28}}},"10":{"name":"(anonymous_10)","line":131,"loc":{"start":{"line":131,"column":26},"end":{"line":131,"column":45}}},"11":{"name":"(anonymous_11)","line":148,"loc":{"start":{"line":148,"column":34},"end":{"line":148,"column":54}}},"12":{"name":"(anonymous_12)","line":160,"loc":{"start":{"line":160,"column":37},"end":{"line":160,"column":57}}},"13":{"name":"(anonymous_13)","line":193,"loc":{"start":{"line":193,"column":11},"end":{"line":193,"column":29}}},"14":{"name":"(anonymous_14)","line":220,"loc":{"start":{"line":220,"column":10},"end":{"line":220,"column":20}}},"15":{"name":"(anonymous_15)","line":232,"loc":{"start":{"line":232,"column":12},"end":{"line":232,"column":25}}},"16":{"name":"(anonymous_16)","line":240,"loc":{"start":{"line":240,"column":12},"end":{"line":240,"column":25}}},"17":{"name":"(anonymous_17)","line":248,"loc":{"start":{"line":248,"column":14},"end":{"line":248,"column":27}}},"18":{"name":"(anonymous_18)","line":254,"loc":{"start":{"line":254,"column":16},"end":{"line":254,"column":38}}},"19":{"name":"(anonymous_19)","line":255,"loc":{"start":{"line":255,"column":20},"end":{"line":255,"column":35}}}},"statementMap":{"1":{"start":{"line":1,"column":0},"end":{"line":13,"column":35}},"2":{"start":{"line":36,"column":0},"end":{"line":44,"column":2}},"3":{"start":{"line":45,"column":0},"end":{"line":45,"column":21}},"4":{"start":{"line":54,"column":0},"end":{"line":54,"column":270}},"5":{"start":{"line":55,"column":0},"end":{"line":57,"column":3}},"6":{"start":{"line":56,"column":4},"end":{"line":56,"column":30}},"7":{"start":{"line":61,"column":0},"end":{"line":61,"column":31}},"8":{"start":{"line":62,"column":0},"end":{"line":62,"column":14}},"9":{"start":{"line":63,"column":0},"end":{"line":63,"column":56}},"10":{"start":{"line":65,"column":0},"end":{"line":67,"column":2}},"11":{"start":{"line":66,"column":4},"end":{"line":67,"column":0}},"12":{"start":{"line":74,"column":0},"end":{"line":90,"column":0}},"13":{"start":{"line":75,"column":4},"end":{"line":75,"column":47}},"14":{"start":{"line":90,"column":0},"end":{"line":92,"column":2}},"15":{"start":{"line":91,"column":4},"end":{"line":92,"column":0}},"16":{"start":{"line":100,"column":0},"end":{"line":102,"column":2}},"17":{"start":{"line":101,"column":4},"end":{"line":101,"column":34}},"18":{"start":{"line":108,"column":0},"end":{"line":110,"column":2}},"19":{"start":{"line":109,"column":4},"end":{"line":109,"column":21}},"20":{"start":{"line":116,"column":0},"end":{"line":118,"column":2}},"21":{"start":{"line":117,"column":4},"end":{"line":117,"column":21}},"22":{"start":{"line":120,"column":0},"end":{"line":122,"column":2}},"23":{"start":{"line":121,"column":4},"end":{"line":121,"column":29}},"24":{"start":{"line":130,"column":0},"end":{"line":187,"column":2}},"25":{"start":{"line":131,"column":4},"end":{"line":173,"column":18}},"26":{"start":{"line":133,"column":8},"end":{"line":137,"column":10}},"27":{"start":{"line":139,"column":8},"end":{"line":156,"column":9}},"28":{"start":{"line":140,"column":12},"end":{"line":143,"column":48}},"29":{"start":{"line":148,"column":12},"end":{"line":150,"column":15}},"30":{"start":{"line":149,"column":16},"end":{"line":149,"column":39}},"31":{"start":{"line":152,"column":12},"end":{"line":152,"column":51}},"32":{"start":{"line":154,"column":13},"end":{"line":156,"column":9}},"33":{"start":{"line":155,"column":12},"end":{"line":155,"column":41}},"34":{"start":{"line":158,"column":8},"end":{"line":164,"column":9}},"35":{"start":{"line":159,"column":12},"end":{"line":159,"column":68}},"36":{"start":{"line":160,"column":12},"end":{"line":162,"column":15}},"37":{"start":{"line":161,"column":16},"end":{"line":161,"column":47}},"38":{"start":{"line":163,"column":12},"end":{"line":163,"column":99}},"39":{"start":{"line":166,"column":8},"end":{"line":168,"column":9}},"40":{"start":{"line":167,"column":12},"end":{"line":167,"column":50}},"41":{"start":{"line":170,"column":8},"end":{"line":170,"column":46}},"42":{"start":{"line":175,"column":4},"end":{"line":175,"column":29}},"43":{"start":{"line":176,"column":4},"end":{"line":176,"column":37}},"44":{"start":{"line":179,"column":4},"end":{"line":179,"column":29}},"45":{"start":{"line":182,"column":4},"end":{"line":182,"column":23}},"46":{"start":{"line":184,"column":4},"end":{"line":186,"column":5}},"47":{"start":{"line":185,"column":8},"end":{"line":185,"column":24}},"48":{"start":{"line":193,"column":0},"end":{"line":196,"column":2}},"49":{"start":{"line":194,"column":4},"end":{"line":194,"column":54}},"50":{"start":{"line":194,"column":41},"end":{"line":194,"column":54}},"51":{"start":{"line":195,"column":4},"end":{"line":195,"column":27}},"52":{"start":{"line":198,"column":0},"end":{"line":198,"column":29}},"53":{"start":{"line":200,"column":0},"end":{"line":207,"column":2}},"54":{"start":{"line":220,"column":0},"end":{"line":226,"column":2}},"55":{"start":{"line":221,"column":4},"end":{"line":221,"column":36}},"56":{"start":{"line":222,"column":4},"end":{"line":222,"column":19}},"57":{"start":{"line":223,"column":4},"end":{"line":223,"column":48}},"58":{"start":{"line":224,"column":4},"end":{"line":224,"column":47}},"59":{"start":{"line":225,"column":4},"end":{"line":225,"column":24}},"60":{"start":{"line":232,"column":0},"end":{"line":234,"column":2}},"61":{"start":{"line":233,"column":4},"end":{"line":233,"column":26}},"62":{"start":{"line":240,"column":0},"end":{"line":242,"column":2}},"63":{"start":{"line":241,"column":4},"end":{"line":241,"column":20}},"64":{"start":{"line":248,"column":0},"end":{"line":251,"column":2}},"65":{"start":{"line":249,"column":4},"end":{"line":249,"column":20}},"66":{"start":{"line":250,"column":4},"end":{"line":250,"column":26}},"67":{"start":{"line":254,"column":0},"end":{"line":271,"column":3}},"68":{"start":{"line":255,"column":4},"end":{"line":270,"column":6}},"69":{"start":{"line":257,"column":8},"end":{"line":259,"column":9}},"70":{"start":{"line":260,"column":8},"end":{"line":260,"column":35}},"71":{"start":{"line":261,"column":8},"end":{"line":261,"column":68}},"72":{"start":{"line":262,"column":8},"end":{"line":268,"column":9}},"73":{"start":{"line":263,"column":12},"end":{"line":265,"column":13}},"74":{"start":{"line":264,"column":16},"end":{"line":264,"column":42}},"75":{"start":{"line":267,"column":12},"end":{"line":267,"column":38}},"76":{"start":{"line":269,"column":8},"end":{"line":269,"column":44}},"77":{"start":{"line":269,"column":29},"end":{"line":269,"column":44}}},"branchMap":{"1":{"line":139,"type":"if","locations":[{"start":{"line":139,"column":8},"end":{"line":139,"column":8}},{"start":{"line":139,"column":8},"end":{"line":139,"column":8}}]},"2":{"line":154,"type":"if","locations":[{"start":{"line":154,"column":13},"end":{"line":154,"column":13}},{"start":{"line":154,"column":13},"end":{"line":154,"column":13}}]},"3":{"line":158,"type":"if","locations":[{"start":{"line":158,"column":8},"end":{"line":158,"column":8}},{"start":{"line":158,"column":8},"end":{"line":158,"column":8}}]},"4":{"line":166,"type":"if","locations":[{"start":{"line":166,"column":8},"end":{"line":166,"column":8}},{"start":{"line":166,"column":8},"end":{"line":166,"column":8}}]},"5":{"line":184,"type":"if","locations":[{"start":{"line":184,"column":4},"end":{"line":184,"column":4}},{"start":{"line":184,"column":4},"end":{"line":184,"column":4}}]},"6":{"line":194,"type":"if","locations":[{"start":{"line":194,"column":4},"end":{"line":194,"column":4}},{"start":{"line":194,"column":4},"end":{"line":194,"column":4}}]},"7":{"line":223,"type":"cond-expr","locations":[{"start":{"line":223,"column":31},"end":{"line":223,"column":37}},{"start":{"line":223,"column":40},"end":{"line":223,"column":47}}]},"8":{"line":224,"type":"cond-expr","locations":[{"start":{"line":224,"column":29},"end":{"line":224,"column":36}},{"start":{"line":224,"column":39},"end":{"line":224,"column":46}}]},"9":{"line":249,"type":"binary-expr","locations":[{"start":{"line":249,"column":10},"end":{"line":249,"column":13}},{"start":{"line":249,"column":17},"end":{"line":249,"column":19}}]},"10":{"line":257,"type":"if","locations":[{"start":{"line":257,"column":8},"end":{"line":257,"column":8}},{"start":{"line":257,"column":8},"end":{"line":257,"column":8}}]},"11":{"line":262,"type":"if","locations":[{"start":{"line":262,"column":8},"end":{"line":262,"column":8}},{"start":{"line":262,"column":8},"end":{"line":262,"column":8}}]},"12":{"line":263,"type":"if","locations":[{"start":{"line":263,"column":12},"end":{"line":263,"column":12}},{"start":{"line":263,"column":12},"end":{"line":263,"column":12}}]},"13":{"line":269,"type":"if","locations":[{"start":{"line":269,"column":8},"end":{"line":269,"column":8}},{"start":{"line":269,"column":8},"end":{"line":269,"column":8}}]}}},"/mnt/safe/node/radic/lib/cli/command.js":{"path":"/mnt/safe/node/radic/lib/cli/command.js","s":{"1":1,"2":0,"3":0,"4":1,"5":0,"6":0,"7":1,"8":0,"9":0,"10":1,"11":0,"12":0,"13":1,"14":0,"15":0,"16":1,"17":0,"18":0,"19":1,"20":0,"21":0,"22":1,"23":0,"24":0},"b":{},"f":{"1":0,"2":0,"3":0,"4":0,"5":0,"6":0,"7":0,"8":0},"fnMap":{"1":{"name":"Command","line":1,"loc":{"start":{"line":1,"column":31},"end":{"line":1,"column":59}}},"2":{"name":"(anonymous_2)","line":11,"loc":{"start":{"line":11,"column":26},"end":{"line":11,"column":41}}},"3":{"name":"(anonymous_3)","line":16,"loc":{"start":{"line":16,"column":30},"end":{"line":16,"column":45}}},"4":{"name":"(anonymous_4)","line":21,"loc":{"start":{"line":21,"column":26},"end":{"line":21,"column":41}}},"5":{"name":"(anonymous_5)","line":26,"loc":{"start":{"line":26,"column":32},"end":{"line":26,"column":53}}},"6":{"name":"(anonymous_6)","line":32,"loc":{"start":{"line":32,"column":27},"end":{"line":32,"column":43}}},"7":{"name":"(anonymous_7)","line":39,"loc":{"start":{"line":39,"column":29},"end":{"line":39,"column":47}}},"8":{"name":"(anonymous_8)","line":44,"loc":{"start":{"line":44,"column":27},"end":{"line":44,"column":43}}}},"statementMap":{"1":{"start":{"line":1,"column":0},"end":{"line":8,"column":2}},"2":{"start":{"line":2,"column":4},"end":{"line":2,"column":19}},"3":{"start":{"line":3,"column":4},"end":{"line":7,"column":6}},"4":{"start":{"line":11,"column":0},"end":{"line":14,"column":2}},"5":{"start":{"line":12,"column":4},"end":{"line":12,"column":31}},"6":{"start":{"line":13,"column":4},"end":{"line":13,"column":16}},"7":{"start":{"line":16,"column":0},"end":{"line":19,"column":2}},"8":{"start":{"line":17,"column":4},"end":{"line":17,"column":35}},"9":{"start":{"line":18,"column":4},"end":{"line":18,"column":16}},"10":{"start":{"line":21,"column":0},"end":{"line":24,"column":2}},"11":{"start":{"line":22,"column":4},"end":{"line":22,"column":31}},"12":{"start":{"line":23,"column":4},"end":{"line":23,"column":16}},"13":{"start":{"line":26,"column":0},"end":{"line":29,"column":2}},"14":{"start":{"line":27,"column":4},"end":{"line":27,"column":43}},"15":{"start":{"line":28,"column":4},"end":{"line":28,"column":16}},"16":{"start":{"line":32,"column":0},"end":{"line":35,"column":2}},"17":{"start":{"line":33,"column":4},"end":{"line":33,"column":33}},"18":{"start":{"line":34,"column":4},"end":{"line":34,"column":16}},"19":{"start":{"line":39,"column":0},"end":{"line":42,"column":2}},"20":{"start":{"line":40,"column":4},"end":{"line":40,"column":37}},"21":{"start":{"line":41,"column":4},"end":{"line":41,"column":16}},"22":{"start":{"line":44,"column":0},"end":{"line":47,"column":2}},"23":{"start":{"line":45,"column":3},"end":{"line":45,"column":32}},"24":{"start":{"line":46,"column":3},"end":{"line":46,"column":41}}},"branchMap":{}},"/mnt/safe/node/radic/lib/cli/table.js":{"path":"/mnt/safe/node/radic/lib/cli/table.js","s":{"1":1,"2":1,"3":1,"4":1,"5":0,"6":1,"7":1,"8":1,"9":0,"10":0,"11":0,"12":1,"13":0,"14":0,"15":1,"16":0,"17":0,"18":0,"19":0,"20":0,"21":0,"22":0,"23":1,"24":0,"25":0,"26":0,"27":0,"28":0,"29":0,"30":1,"31":0},"b":{"1":[0,0],"2":[0,0],"3":[0,0],"4":[0,0],"5":[0,0]},"f":{"1":0,"2":0,"3":0,"4":0,"5":0,"6":0,"7":0},"fnMap":{"1":{"name":"Table","line":74,"loc":{"start":{"line":74,"column":0},"end":{"line":74,"column":39}}},"2":{"name":"(anonymous_2)","line":92,"loc":{"start":{"line":92,"column":22},"end":{"line":92,"column":34}}},"3":{"name":"(anonymous_3)","line":102,"loc":{"start":{"line":102,"column":23},"end":{"line":102,"column":35}}},"4":{"name":"(anonymous_4)","line":106,"loc":{"start":{"line":106,"column":28},"end":{"line":106,"column":59}}},"5":{"name":"(anonymous_5)","line":117,"loc":{"start":{"line":117,"column":28},"end":{"line":117,"column":59}}},"6":{"name":"(anonymous_6)","line":123,"loc":{"start":{"line":123,"column":21},"end":{"line":123,"column":40}}},"7":{"name":"(anonymous_7)","line":130,"loc":{"start":{"line":130,"column":23},"end":{"line":130,"column":35}}}},"statementMap":{"1":{"start":{"line":1,"column":0},"end":{"line":1,"column":36}},"2":{"start":{"line":2,"column":0},"end":{"line":2,"column":30}},"3":{"start":{"line":6,"column":0},"end":{"line":65,"column":2}},"4":{"start":{"line":74,"column":0},"end":{"line":84,"column":1}},"5":{"start":{"line":76,"column":4},"end":{"line":83,"column":8}},"6":{"start":{"line":85,"column":0},"end":{"line":85,"column":31}},"7":{"start":{"line":86,"column":0},"end":{"line":86,"column":23}},"8":{"start":{"line":92,"column":0},"end":{"line":96,"column":2}},"9":{"start":{"line":93,"column":4},"end":{"line":93,"column":36}},"10":{"start":{"line":94,"column":4},"end":{"line":94,"column":20}},"11":{"start":{"line":95,"column":4},"end":{"line":95,"column":16}},"12":{"start":{"line":102,"column":0},"end":{"line":105,"column":2}},"13":{"start":{"line":103,"column":4},"end":{"line":103,"column":45}},"14":{"start":{"line":104,"column":4},"end":{"line":104,"column":16}},"15":{"start":{"line":106,"column":0},"end":{"line":115,"column":2}},"16":{"start":{"line":107,"column":4},"end":{"line":107,"column":50}},"17":{"start":{"line":108,"column":4},"end":{"line":108,"column":35}},"18":{"start":{"line":109,"column":4},"end":{"line":109,"column":58}},"19":{"start":{"line":110,"column":4},"end":{"line":110,"column":35}},"20":{"start":{"line":111,"column":4},"end":{"line":113,"column":5}},"21":{"start":{"line":112,"column":8},"end":{"line":112,"column":46}},"22":{"start":{"line":114,"column":4},"end":{"line":114,"column":16}},"23":{"start":{"line":117,"column":0},"end":{"line":128,"column":2}},"24":{"start":{"line":119,"column":4},"end":{"line":119,"column":68}},"25":{"start":{"line":121,"column":4},"end":{"line":121,"column":20}},"26":{"start":{"line":123,"column":4},"end":{"line":126,"column":7}},"27":{"start":{"line":124,"column":8},"end":{"line":124,"column":48}},"28":{"start":{"line":125,"column":8},"end":{"line":125,"column":46}},"29":{"start":{"line":127,"column":4},"end":{"line":127,"column":16}},"30":{"start":{"line":130,"column":0},"end":{"line":132,"column":2}},"31":{"start":{"line":131,"column":4},"end":{"line":131,"column":33}}},"branchMap":{"1":{"line":77,"type":"binary-expr","locations":[{"start":{"line":77,"column":31},"end":{"line":77,"column":37}},{"start":{"line":77,"column":41},"end":{"line":77,"column":50}}]},"2":{"line":82,"type":"binary-expr","locations":[{"start":{"line":82,"column":30},"end":{"line":82,"column":35}},{"start":{"line":82,"column":39},"end":{"line":82,"column":48}}]},"3":{"line":107,"type":"binary-expr","locations":[{"start":{"line":107,"column":14},"end":{"line":107,"column":21}},{"start":{"line":107,"column":25},"end":{"line":107,"column":49}}]},"4":{"line":108,"type":"binary-expr","locations":[{"start":{"line":108,"column":17},"end":{"line":108,"column":27}},{"start":{"line":108,"column":31},"end":{"line":108,"column":34}}]},"5":{"line":119,"type":"binary-expr","locations":[{"start":{"line":119,"column":16},"end":{"line":119,"column":25}},{"start":{"line":119,"column":29},"end":{"line":119,"column":67}}]}}},"/mnt/safe/node/radic/lib/net/index.js":{"path":"/mnt/safe/node/radic/lib/net/index.js","s":{"1":1,"2":1,"3":0,"4":0,"5":0,"6":0,"7":0,"8":0,"9":1,"10":1,"11":1,"12":0,"13":0,"14":0,"15":0,"16":0,"17":0,"18":0,"19":0,"20":0,"21":0,"22":0,"23":0,"24":0,"25":0},"b":{"1":[0,0],"2":[0,0],"3":[0,0],"4":[0,0],"5":[0,0]},"f":{"1":0,"2":0,"3":0,"4":0,"5":0,"6":0,"7":0},"fnMap":{"1":{"name":"_download","line":9,"loc":{"start":{"line":9,"column":0},"end":{"line":9,"column":49}}},"2":{"name":"(anonymous_2)","line":15,"loc":{"start":{"line":15,"column":17},"end":{"line":15,"column":47}}},"3":{"name":"(anonymous_3)","line":43,"loc":{"start":{"line":43,"column":15},"end":{"line":43,"column":55}}},"4":{"name":"(anonymous_4)","line":58,"loc":{"start":{"line":58,"column":23},"end":{"line":58,"column":42}}},"5":{"name":"(anonymous_5)","line":59,"loc":{"start":{"line":59,"column":23},"end":{"line":59,"column":37}}},"6":{"name":"(anonymous_6)","line":60,"loc":{"start":{"line":60,"column":47},"end":{"line":60,"column":59}}},"7":{"name":"(anonymous_7)","line":65,"loc":{"start":{"line":65,"column":31},"end":{"line":65,"column":46}}}},"statementMap":{"1":{"start":{"line":1,"column":0},"end":{"line":6,"column":30}},"2":{"start":{"line":9,"column":0},"end":{"line":24,"column":1}},"3":{"start":{"line":10,"column":4},"end":{"line":13,"column":25}},"4":{"start":{"line":15,"column":4},"end":{"line":23,"column":7}},"5":{"start":{"line":16,"column":8},"end":{"line":18,"column":9}},"6":{"start":{"line":17,"column":12},"end":{"line":17,"column":22}},"7":{"start":{"line":20,"column":8},"end":{"line":22,"column":9}},"8":{"start":{"line":21,"column":12},"end":{"line":21,"column":41}},"9":{"start":{"line":30,"column":0},"end":{"line":30,"column":25}},"10":{"start":{"line":31,"column":0},"end":{"line":31,"column":21}},"11":{"start":{"line":43,"column":0},"end":{"line":72,"column":2}},"12":{"start":{"line":45,"column":4},"end":{"line":48,"column":5}},"13":{"start":{"line":46,"column":8},"end":{"line":46,"column":24}},"14":{"start":{"line":47,"column":8},"end":{"line":47,"column":18}},"15":{"start":{"line":56,"column":4},"end":{"line":71,"column":5}},"16":{"start":{"line":57,"column":8},"end":{"line":57,"column":23}},"17":{"start":{"line":58,"column":8},"end":{"line":64,"column":11}},"18":{"start":{"line":59,"column":12},"end":{"line":64,"column":8}},"19":{"start":{"line":60,"column":16},"end":{"line":62,"column":19}},"20":{"start":{"line":61,"column":20},"end":{"line":61,"column":27}},"21":{"start":{"line":65,"column":8},"end":{"line":68,"column":11}},"22":{"start":{"line":66,"column":12},"end":{"line":66,"column":31}},"23":{"start":{"line":66,"column":21},"end":{"line":66,"column":31}},"24":{"start":{"line":67,"column":12},"end":{"line":67,"column":26}},"25":{"start":{"line":70,"column":8},"end":{"line":70,"column":48}}},"branchMap":{"1":{"line":16,"type":"if","locations":[{"start":{"line":16,"column":8},"end":{"line":16,"column":8}},{"start":{"line":16,"column":8},"end":{"line":16,"column":8}}]},"2":{"line":20,"type":"if","locations":[{"start":{"line":20,"column":8},"end":{"line":20,"column":8}},{"start":{"line":20,"column":8},"end":{"line":20,"column":8}}]},"3":{"line":45,"type":"if","locations":[{"start":{"line":45,"column":4},"end":{"line":45,"column":4}},{"start":{"line":45,"column":4},"end":{"line":45,"column":4}}]},"4":{"line":56,"type":"if","locations":[{"start":{"line":56,"column":4},"end":{"line":56,"column":4}},{"start":{"line":56,"column":4},"end":{"line":56,"column":4}}]},"5":{"line":66,"type":"if","locations":[{"start":{"line":66,"column":12},"end":{"line":66,"column":12}},{"start":{"line":66,"column":12},"end":{"line":66,"column":12}}]}}},"/mnt/safe/node/radic/lib/net/download.js":{"path":"/mnt/safe/node/radic/lib/net/download.js","s":{"1":1,"2":1,"3":1,"4":0,"5":0,"6":0,"7":0,"8":0,"9":0,"10":0,"11":0,"12":0,"13":0,"14":0,"15":0,"16":0,"17":0,"18":0,"19":0,"20":0,"21":0,"22":0},"b":{"1":[0,0],"2":[0,0]},"f":{"1":0,"2":0,"3":0},"fnMap":{"1":{"name":"(anonymous_1)","line":9,"loc":{"start":{"line":9,"column":25},"end":{"line":9,"column":49}}},"2":{"name":"(anonymous_2)","line":28,"loc":{"start":{"line":28,"column":19},"end":{"line":28,"column":35}}},"3":{"name":"(anonymous_3)","line":37,"loc":{"start":{"line":37,"column":18},"end":{"line":37,"column":30}}}},"statementMap":{"1":{"start":{"line":1,"column":0},"end":{"line":5,"column":30}},"2":{"start":{"line":7,"column":0},"end":{"line":7,"column":26}},"3":{"start":{"line":9,"column":0},"end":{"line":46,"column":2}},"4":{"start":{"line":10,"column":4},"end":{"line":10,"column":17}},"5":{"start":{"line":11,"column":4},"end":{"line":11,"column":16}},"6":{"start":{"line":12,"column":4},"end":{"line":12,"column":64}},"7":{"start":{"line":13,"column":4},"end":{"line":13,"column":49}},"8":{"start":{"line":14,"column":4},"end":{"line":14,"column":35}},"9":{"start":{"line":15,"column":4},"end":{"line":25,"column":5}},"10":{"start":{"line":16,"column":8},"end":{"line":19,"column":21}},"11":{"start":{"line":21,"column":8},"end":{"line":21,"column":34}},"12":{"start":{"line":22,"column":8},"end":{"line":22,"column":22}},"13":{"start":{"line":23,"column":8},"end":{"line":23,"column":16}},"14":{"start":{"line":24,"column":8},"end":{"line":24,"column":15}},"15":{"start":{"line":27,"column":4},"end":{"line":27,"column":24}},"16":{"start":{"line":28,"column":4},"end":{"line":33,"column":7}},"17":{"start":{"line":30,"column":8},"end":{"line":30,"column":28}},"18":{"start":{"line":32,"column":8},"end":{"line":32,"column":27}},"19":{"start":{"line":35,"column":4},"end":{"line":35,"column":28}},"20":{"start":{"line":37,"column":4},"end":{"line":45,"column":18}},"21":{"start":{"line":39,"column":8},"end":{"line":39,"column":22}},"22":{"start":{"line":40,"column":8},"end":{"line":44,"column":11}}},"branchMap":{"1":{"line":15,"type":"if","locations":[{"start":{"line":15,"column":4},"end":{"line":15,"column":4}},{"start":{"line":15,"column":4},"end":{"line":15,"column":4}}]},"2":{"line":15,"type":"binary-expr","locations":[{"start":{"line":15,"column":8},"end":{"line":15,"column":28}},{"start":{"line":15,"column":32},"end":{"line":15,"column":53}}]}}},"/mnt/safe/node/radic/lib/db/index.js":{"path":"/mnt/safe/node/radic/lib/db/index.js","s":{"1":1,"2":1,"3":2,"4":2,"5":2,"6":2,"7":2,"8":2,"9":1,"10":1,"11":1,"12":2,"13":1,"14":1,"15":1,"16":0,"17":1,"18":1},"b":{"1":[2,0],"2":[1,1],"3":[1,0]},"f":{"1":2,"2":0,"3":2,"4":1},"fnMap":{"1":{"name":"DB","line":25,"loc":{"start":{"line":25,"column":0},"end":{"line":25,"column":26}}},"2":{"name":"(anonymous_2)","line":31,"loc":{"start":{"line":31,"column":18},"end":{"line":31,"column":28}}},"3":{"name":"(anonymous_3)","line":56,"loc":{"start":{"line":56,"column":21},"end":{"line":56,"column":43}}},"4":{"name":"(anonymous_4)","line":71,"loc":{"start":{"line":71,"column":24},"end":{"line":71,"column":38}}}},"statementMap":{"1":{"start":{"line":1,"column":0},"end":{"line":8,"column":28}},"2":{"start":{"line":25,"column":0},"end":{"line":37,"column":1}},"3":{"start":{"line":26,"column":4},"end":{"line":26,"column":28}},"4":{"start":{"line":27,"column":4},"end":{"line":32,"column":6}},"5":{"start":{"line":33,"column":4},"end":{"line":33,"column":56}},"6":{"start":{"line":34,"column":4},"end":{"line":34,"column":22}},"7":{"start":{"line":35,"column":4},"end":{"line":35,"column":97}},"8":{"start":{"line":36,"column":4},"end":{"line":36,"column":49}},"9":{"start":{"line":44,"column":0},"end":{"line":44,"column":17}},"10":{"start":{"line":45,"column":0},"end":{"line":45,"column":20}},"11":{"start":{"line":56,"column":0},"end":{"line":64,"column":2}},"12":{"start":{"line":57,"column":4},"end":{"line":63,"column":5}},"13":{"start":{"line":58,"column":8},"end":{"line":58,"column":70}},"14":{"start":{"line":59,"column":11},"end":{"line":63,"column":5}},"15":{"start":{"line":60,"column":8},"end":{"line":60,"column":34}},"16":{"start":{"line":62,"column":8},"end":{"line":63,"column":4}},"17":{"start":{"line":71,"column":0},"end":{"line":73,"column":2}},"18":{"start":{"line":72,"column":4},"end":{"line":72,"column":44}}},"branchMap":{"1":{"line":26,"type":"binary-expr","locations":[{"start":{"line":26,"column":14},"end":{"line":26,"column":21}},{"start":{"line":26,"column":25},"end":{"line":26,"column":27}}]},"2":{"line":57,"type":"if","locations":[{"start":{"line":57,"column":4},"end":{"line":57,"column":4}},{"start":{"line":57,"column":4},"end":{"line":57,"column":4}}]},"3":{"line":59,"type":"if","locations":[{"start":{"line":59,"column":11},"end":{"line":59,"column":11}},{"start":{"line":59,"column":11},"end":{"line":59,"column":11}}]}}},"/mnt/safe/node/radic/lib/db/model.js":{"path":"/mnt/safe/node/radic/lib/db/model.js","s":{"1":1,"2":1,"3":1,"4":0,"5":1,"6":1,"7":1,"8":1,"9":1,"10":1,"11":2,"12":2,"13":2,"14":0,"15":2,"16":1,"17":1,"18":1,"19":1,"20":1,"21":1,"22":0,"23":1,"24":1,"25":1,"26":2,"27":1,"28":0},"b":{"1":[0,2],"2":[1,1],"3":[0,1]},"f":{"1":0,"2":1,"3":2,"4":2,"5":1,"6":1,"7":1,"8":0,"9":2,"10":0},"fnMap":{"1":{"name":"store","line":7,"loc":{"start":{"line":7,"column":0},"end":{"line":7,"column":31}}},"2":{"name":"Model","line":46,"loc":{"start":{"line":46,"column":0},"end":{"line":46,"column":32}}},"3":{"name":"(anonymous_3)","line":63,"loc":{"start":{"line":63,"column":25},"end":{"line":63,"column":49}}},"4":{"name":"(anonymous_4)","line":65,"loc":{"start":{"line":65,"column":42},"end":{"line":65,"column":65}}},"5":{"name":"(anonymous_5)","line":68,"loc":{"start":{"line":68,"column":29},"end":{"line":68,"column":52}}},"6":{"name":"(anonymous_6)","line":83,"loc":{"start":{"line":83,"column":25},"end":{"line":83,"column":47}}},"7":{"name":"(anonymous_7)","line":84,"loc":{"start":{"line":84,"column":17},"end":{"line":84,"column":35}}},"8":{"name":"(anonymous_8)","line":90,"loc":{"start":{"line":90,"column":23},"end":{"line":90,"column":51}}},"9":{"name":"(anonymous_9)","line":94,"loc":{"start":{"line":94,"column":22},"end":{"line":94,"column":44}}},"10":{"name":"(anonymous_10)","line":98,"loc":{"start":{"line":98,"column":25},"end":{"line":98,"column":43}}}},"statementMap":{"1":{"start":{"line":1,"column":0},"end":{"line":1,"column":32}},"2":{"start":{"line":2,"column":0},"end":{"line":5,"column":32}},"3":{"start":{"line":7,"column":0},"end":{"line":9,"column":1}},"4":{"start":{"line":8,"column":4},"end":{"line":8,"column":46}},"5":{"start":{"line":46,"column":0},"end":{"line":50,"column":1}},"6":{"start":{"line":47,"column":4},"end":{"line":47,"column":21}},"7":{"start":{"line":48,"column":4},"end":{"line":48,"column":25}},"8":{"start":{"line":49,"column":4},"end":{"line":49,"column":17}},"9":{"start":{"line":51,"column":0},"end":{"line":51,"column":23}},"10":{"start":{"line":63,"column":0},"end":{"line":72,"column":2}},"11":{"start":{"line":64,"column":4},"end":{"line":64,"column":42}},"12":{"start":{"line":65,"column":4},"end":{"line":71,"column":18}},"13":{"start":{"line":66,"column":8},"end":{"line":66,"column":37}},"14":{"start":{"line":66,"column":16},"end":{"line":66,"column":37}},"15":{"start":{"line":67,"column":8},"end":{"line":67,"column":81}},"16":{"start":{"line":67,"column":34},"end":{"line":67,"column":81}},"17":{"start":{"line":68,"column":8},"end":{"line":70,"column":11}},"18":{"start":{"line":69,"column":12},"end":{"line":70,"column":8}},"19":{"start":{"line":83,"column":0},"end":{"line":88,"column":2}},"20":{"start":{"line":84,"column":4},"end":{"line":88,"column":0}},"21":{"start":{"line":85,"column":8},"end":{"line":85,"column":37}},"22":{"start":{"line":85,"column":16},"end":{"line":85,"column":37}},"23":{"start":{"line":86,"column":8},"end":{"line":86,"column":50}},"24":{"start":{"line":90,"column":0},"end":{"line":92,"column":2}},"25":{"start":{"line":94,"column":0},"end":{"line":96,"column":2}},"26":{"start":{"line":95,"column":4},"end":{"line":96,"column":0}},"27":{"start":{"line":98,"column":0},"end":{"line":100,"column":2}},"28":{"start":{"line":99,"column":4},"end":{"line":99,"column":31}}},"branchMap":{"1":{"line":66,"type":"if","locations":[{"start":{"line":66,"column":8},"end":{"line":66,"column":8}},{"start":{"line":66,"column":8},"end":{"line":66,"column":8}}]},"2":{"line":67,"type":"if","locations":[{"start":{"line":67,"column":8},"end":{"line":67,"column":8}},{"start":{"line":67,"column":8},"end":{"line":67,"column":8}}]},"3":{"line":85,"type":"if","locations":[{"start":{"line":85,"column":8},"end":{"line":85,"column":8}},{"start":{"line":85,"column":8},"end":{"line":85,"column":8}}]}}}}