{"/mnt/safe/node/radic/lib/index.js":{"path":"/mnt/safe/node/radic/lib/index.js","s":{"1":1,"2":1},"b":{},"f":{},"fnMap":{},"statementMap":{"1":{"start":{"line":7,"column":0},"end":{"line":16,"column":33}},"2":{"start":{"line":20,"column":0},"end":{"line":50,"column":2}}},"branchMap":{}},"/mnt/safe/node/radic/lib/app.js":{"path":"/mnt/safe/node/radic/lib/app.js","s":{"1":1,"2":1,"3":1,"4":1,"5":1,"6":1,"7":1,"8":1,"9":0,"10":1},"b":{},"f":{"1":1,"2":1,"3":0},"fnMap":{"1":{"name":"(anonymous_1)","line":6,"loc":{"start":{"line":6,"column":17},"end":{"line":6,"column":29}}},"2":{"name":"App","line":7,"loc":{"start":{"line":7,"column":4},"end":{"line":7,"column":18}}},"3":{"name":"(anonymous_3)","line":14,"loc":{"start":{"line":14,"column":24},"end":{"line":14,"column":38}}}},"statementMap":{"1":{"start":{"line":1,"column":0},"end":{"line":4,"column":33}},"2":{"start":{"line":6,"column":0},"end":{"line":19,"column":9}},"3":{"start":{"line":7,"column":4},"end":{"line":12,"column":5}},"4":{"start":{"line":8,"column":8},"end":{"line":8,"column":63}},"5":{"start":{"line":9,"column":8},"end":{"line":9,"column":36}},"6":{"start":{"line":10,"column":8},"end":{"line":10,"column":50}},"7":{"start":{"line":11,"column":8},"end":{"line":11,"column":42}},"8":{"start":{"line":14,"column":4},"end":{"line":16,"column":6}},"9":{"start":{"line":15,"column":8},"end":{"line":15,"column":36}},"10":{"start":{"line":18,"column":4},"end":{"line":18,"column":21}}},"branchMap":{}},"/mnt/safe/node/radic/lib/util/index.js":{"path":"/mnt/safe/node/radic/lib/util/index.js","s":{"1":1,"2":1,"3":1,"4":1,"5":1,"6":1},"b":{},"f":{},"fnMap":{},"statementMap":{"1":{"start":{"line":2,"column":0},"end":{"line":9,"column":25}},"2":{"start":{"line":13,"column":0},"end":{"line":13,"column":14}},"3":{"start":{"line":14,"column":0},"end":{"line":14,"column":27}},"4":{"start":{"line":15,"column":0},"end":{"line":15,"column":22}},"5":{"start":{"line":17,"column":0},"end":{"line":17,"column":37}},"6":{"start":{"line":18,"column":0},"end":{"line":18,"column":39}}},"branchMap":{}},"/mnt/safe/node/radic/lib/util/general.js":{"path":"/mnt/safe/node/radic/lib/util/general.js","s":{"1":1,"2":1,"3":0,"4":0,"5":0,"6":0,"7":0,"8":0,"9":0,"10":0,"11":0,"12":0,"13":1,"14":5,"15":1,"16":9,"17":1,"18":0,"19":0,"20":0,"21":1,"22":0,"23":0},"b":{"1":[0,0],"2":[0,0],"3":[0,0],"4":[5,0,0]},"f":{"1":0,"2":0,"3":5,"4":9,"5":0,"6":0},"fnMap":{"1":{"name":"(anonymous_1)","line":5,"loc":{"start":{"line":5,"column":14},"end":{"line":5,"column":26}}},"2":{"name":"(anonymous_2)","line":7,"loc":{"start":{"line":7,"column":17},"end":{"line":7,"column":35}}},"3":{"name":"(anonymous_3)","line":23,"loc":{"start":{"line":23,"column":25},"end":{"line":23,"column":37}}},"4":{"name":"(anonymous_4)","line":27,"loc":{"start":{"line":27,"column":18},"end":{"line":27,"column":33}}},"5":{"name":"(anonymous_5)","line":32,"loc":{"start":{"line":32,"column":18},"end":{"line":32,"column":33}}},"6":{"name":"(anonymous_6)","line":41,"loc":{"start":{"line":41,"column":35},"end":{"line":41,"column":57}}}},"statementMap":{"1":{"start":{"line":1,"column":0},"end":{"line":3,"column":29}},"2":{"start":{"line":5,"column":0},"end":{"line":21,"column":2}},"3":{"start":{"line":6,"column":4},"end":{"line":6,"column":36}},"4":{"start":{"line":7,"column":4},"end":{"line":19,"column":18}},"5":{"start":{"line":8,"column":8},"end":{"line":18,"column":9}},"6":{"start":{"line":9,"column":12},"end":{"line":13,"column":13}},"7":{"start":{"line":10,"column":16},"end":{"line":10,"column":48}},"8":{"start":{"line":12,"column":16},"end":{"line":12,"column":44}},"9":{"start":{"line":14,"column":15},"end":{"line":18,"column":9}},"10":{"start":{"line":15,"column":12},"end":{"line":15,"column":84}},"11":{"start":{"line":17,"column":12},"end":{"line":17,"column":62}},"12":{"start":{"line":20,"column":4},"end":{"line":20,"column":37}},"13":{"start":{"line":23,"column":0},"end":{"line":25,"column":2}},"14":{"start":{"line":24,"column":4},"end":{"line":24,"column":79}},"15":{"start":{"line":27,"column":0},"end":{"line":29,"column":2}},"16":{"start":{"line":28,"column":4},"end":{"line":28,"column":38}},"17":{"start":{"line":32,"column":0},"end":{"line":38,"column":2}},"18":{"start":{"line":34,"column":4},"end":{"line":34,"column":14}},"19":{"start":{"line":35,"column":4},"end":{"line":36,"column":23}},"20":{"start":{"line":37,"column":4},"end":{"line":37,"column":29}},"21":{"start":{"line":41,"column":0},"end":{"line":44,"column":2}},"22":{"start":{"line":42,"column":4},"end":{"line":42,"column":55}},"23":{"start":{"line":43,"column":4},"end":{"line":43,"column":50}}},"branchMap":{"1":{"line":8,"type":"if","locations":[{"start":{"line":8,"column":8},"end":{"line":8,"column":8}},{"start":{"line":8,"column":8},"end":{"line":8,"column":8}}]},"2":{"line":9,"type":"if","locations":[{"start":{"line":9,"column":12},"end":{"line":9,"column":12}},{"start":{"line":9,"column":12},"end":{"line":9,"column":12}}]},"3":{"line":14,"type":"if","locations":[{"start":{"line":14,"column":15},"end":{"line":14,"column":15}},{"start":{"line":14,"column":15},"end":{"line":14,"column":15}}]},"4":{"line":24,"type":"binary-expr","locations":[{"start":{"line":24,"column":11},"end":{"line":24,"column":27}},{"start":{"line":24,"column":31},"end":{"line":24,"column":51}},{"start":{"line":24,"column":55},"end":{"line":24,"column":78}}]}}},"/mnt/safe/node/radic/lib/util/dotaccess.js":{"path":"/mnt/safe/node/radic/lib/util/dotaccess.js","s":{"1":1,"2":1,"3":63,"4":0,"5":63,"6":1,"7":20,"8":20,"9":20,"10":16,"11":16,"12":8,"13":16,"14":16,"15":0,"16":20,"17":1,"18":16,"19":16,"20":15,"21":1,"22":4,"23":4,"24":1,"25":43,"26":0,"27":43,"28":43,"29":92,"30":92,"31":15,"32":77,"33":28,"34":1},"b":{"1":[0,63],"2":[8,8],"3":[0,16],"4":[15,1],"5":[16,5],"6":[0,43],"7":[15,77]},"f":{"1":1,"2":63,"3":20,"4":16,"5":4,"6":43},"fnMap":{"1":{"name":"(anonymous_1)","line":1,"loc":{"start":{"line":1,"column":17},"end":{"line":1,"column":29}}},"2":{"name":"parts","line":2,"loc":{"start":{"line":2,"column":4},"end":{"line":2,"column":24}}},"3":{"name":"lookup","line":7,"loc":{"start":{"line":7,"column":4},"end":{"line":7,"column":30}}},"4":{"name":"set","line":19,"loc":{"start":{"line":19,"column":4},"end":{"line":19,"column":45}}},"5":{"name":"unset","line":26,"loc":{"start":{"line":26,"column":4},"end":{"line":26,"column":29}}},"6":{"name":"get","line":33,"loc":{"start":{"line":33,"column":4},"end":{"line":33,"column":32}}}},"statementMap":{"1":{"start":{"line":1,"column":0},"end":{"line":51,"column":9}},"2":{"start":{"line":2,"column":4},"end":{"line":5,"column":5}},"3":{"start":{"line":3,"column":8},"end":{"line":3,"column":43}},"4":{"start":{"line":3,"column":32},"end":{"line":3,"column":43}},"5":{"start":{"line":4,"column":8},"end":{"line":5,"column":4}},"6":{"start":{"line":7,"column":4},"end":{"line":17,"column":5}},"7":{"start":{"line":8,"column":8},"end":{"line":8,"column":25}},"8":{"start":{"line":9,"column":8},"end":{"line":9,"column":32}},"9":{"start":{"line":10,"column":8},"end":{"line":15,"column":9}},"10":{"start":{"line":11,"column":12},"end":{"line":11,"column":30}},"11":{"start":{"line":12,"column":12},"end":{"line":12,"column":47}},"12":{"start":{"line":12,"column":32},"end":{"line":12,"column":47}},"13":{"start":{"line":13,"column":12},"end":{"line":13,"column":28}},"14":{"start":{"line":14,"column":12},"end":{"line":15,"column":8}},"15":{"start":{"line":14,"column":22},"end":{"line":15,"column":8}},"16":{"start":{"line":16,"column":8},"end":{"line":16,"column":30}},"17":{"start":{"line":19,"column":4},"end":{"line":24,"column":5}},"18":{"start":{"line":20,"column":8},"end":{"line":22,"column":34}},"19":{"start":{"line":23,"column":8},"end":{"line":24,"column":4}},"20":{"start":{"line":23,"column":40},"end":{"line":24,"column":4}},"21":{"start":{"line":26,"column":4},"end":{"line":31,"column":5}},"22":{"start":{"line":27,"column":8},"end":{"line":29,"column":34}},"23":{"start":{"line":30,"column":8},"end":{"line":30,"column":31}},"24":{"start":{"line":33,"column":4},"end":{"line":44,"column":5}},"25":{"start":{"line":34,"column":8},"end":{"line":36,"column":9}},"26":{"start":{"line":35,"column":12},"end":{"line":35,"column":23}},"27":{"start":{"line":37,"column":8},"end":{"line":37,"column":25}},"28":{"start":{"line":38,"column":8},"end":{"line":42,"column":9}},"29":{"start":{"line":39,"column":12},"end":{"line":39,"column":30}},"30":{"start":{"line":40,"column":12},"end":{"line":40,"column":43}},"31":{"start":{"line":40,"column":32},"end":{"line":40,"column":43}},"32":{"start":{"line":41,"column":12},"end":{"line":42,"column":8}},"33":{"start":{"line":43,"column":8},"end":{"line":44,"column":4}},"34":{"start":{"line":46,"column":4},"end":{"line":51,"column":0}}},"branchMap":{"1":{"line":3,"type":"if","locations":[{"start":{"line":3,"column":8},"end":{"line":3,"column":8}},{"start":{"line":3,"column":8},"end":{"line":3,"column":8}}]},"2":{"line":12,"type":"if","locations":[{"start":{"line":12,"column":12},"end":{"line":12,"column":12}},{"start":{"line":12,"column":12},"end":{"line":12,"column":12}}]},"3":{"line":14,"type":"if","locations":[{"start":{"line":14,"column":12},"end":{"line":14,"column":12}},{"start":{"line":14,"column":12},"end":{"line":14,"column":12}}]},"4":{"line":23,"type":"if","locations":[{"start":{"line":23,"column":8},"end":{"line":23,"column":8}},{"start":{"line":23,"column":8},"end":{"line":23,"column":8}}]},"5":{"line":23,"type":"binary-expr","locations":[{"start":{"line":23,"column":12},"end":{"line":23,"column":21}},{"start":{"line":23,"column":25},"end":{"line":23,"column":38}}]},"6":{"line":34,"type":"if","locations":[{"start":{"line":34,"column":8},"end":{"line":34,"column":8}},{"start":{"line":34,"column":8},"end":{"line":34,"column":8}}]},"7":{"line":40,"type":"if","locations":[{"start":{"line":40,"column":12},"end":{"line":40,"column":12}},{"start":{"line":40,"column":12},"end":{"line":40,"column":12}}]}}},"/mnt/safe/node/radic/lib/config/index.js":{"path":"/mnt/safe/node/radic/lib/config/index.js","s":{"1":1,"2":1,"3":4,"4":1,"5":3,"6":3,"7":3,"8":3,"9":1,"10":3,"11":1,"12":1,"13":10,"14":10,"15":10,"16":1,"17":10,"18":10,"19":1,"20":9,"21":2,"22":1,"23":35,"24":1,"25":3,"26":3,"27":3,"28":1,"29":2,"30":1,"31":3,"32":1,"33":3,"34":3,"35":3,"36":1,"37":2,"38":1,"39":3,"40":1,"41":9,"42":9,"43":9,"44":4,"45":4,"46":5,"47":9},"b":{"1":[1,3],"2":[3,1],"3":[1,2],"4":[10,7],"5":[1,9],"6":[1,9],"7":[2,7],"8":[3,1],"9":[1,2],"10":[1,1],"11":[3,1],"12":[1,2],"13":[1,1],"14":[9,5],"15":[4,5]},"f":{"1":4,"2":10,"3":35,"4":3,"5":3,"6":9,"7":4},"fnMap":{"1":{"name":"Config","line":34,"loc":{"start":{"line":34,"column":0},"end":{"line":34,"column":31}}},"2":{"name":"(anonymous_2)","line":61,"loc":{"start":{"line":61,"column":23},"end":{"line":61,"column":52}}},"3":{"name":"(anonymous_3)","line":86,"loc":{"start":{"line":86,"column":23},"end":{"line":86,"column":49}}},"4":{"name":"(anonymous_4)","line":97,"loc":{"start":{"line":97,"column":23},"end":{"line":97,"column":45}}},"5":{"name":"(anonymous_5)","line":115,"loc":{"start":{"line":115,"column":25},"end":{"line":115,"column":41}}},"6":{"name":"(anonymous_6)","line":132,"loc":{"start":{"line":132,"column":24},"end":{"line":132,"column":44}}},"7":{"name":"(anonymous_7)","line":136,"loc":{"start":{"line":136,"column":47},"end":{"line":136,"column":60}}}},"statementMap":{"1":{"start":{"line":1,"column":0},"end":{"line":7,"column":30}},"2":{"start":{"line":34,"column":0},"end":{"line":52,"column":1}},"3":{"start":{"line":35,"column":4},"end":{"line":35,"column":125}},"4":{"start":{"line":35,"column":29},"end":{"line":35,"column":125}},"5":{"start":{"line":38,"column":4},"end":{"line":38,"column":33}},"6":{"start":{"line":39,"column":4},"end":{"line":43,"column":7}},"7":{"start":{"line":44,"column":4},"end":{"line":44,"column":70}},"8":{"start":{"line":47,"column":4},"end":{"line":49,"column":5}},"9":{"start":{"line":48,"column":8},"end":{"line":48,"column":42}},"10":{"start":{"line":51,"column":4},"end":{"line":51,"column":50}},"11":{"start":{"line":53,"column":0},"end":{"line":53,"column":24}},"12":{"start":{"line":61,"column":0},"end":{"line":77,"column":2}},"13":{"start":{"line":62,"column":4},"end":{"line":62,"column":25}},"14":{"start":{"line":65,"column":4},"end":{"line":65,"column":29}},"15":{"start":{"line":67,"column":4},"end":{"line":69,"column":5}},"16":{"start":{"line":68,"column":8},"end":{"line":68,"column":36}},"17":{"start":{"line":71,"column":4},"end":{"line":71,"column":49}},"18":{"start":{"line":72,"column":4},"end":{"line":76,"column":5}},"19":{"start":{"line":73,"column":8},"end":{"line":73,"column":24}},"20":{"start":{"line":74,"column":11},"end":{"line":76,"column":5}},"21":{"start":{"line":75,"column":8},"end":{"line":75,"column":20}},"22":{"start":{"line":86,"column":0},"end":{"line":88,"column":2}},"23":{"start":{"line":87,"column":4},"end":{"line":87,"column":53}},"24":{"start":{"line":97,"column":0},"end":{"line":107,"column":2}},"25":{"start":{"line":98,"column":4},"end":{"line":98,"column":25}},"26":{"start":{"line":100,"column":4},"end":{"line":100,"column":36}},"27":{"start":{"line":101,"column":4},"end":{"line":105,"column":5}},"28":{"start":{"line":102,"column":8},"end":{"line":102,"column":24}},"29":{"start":{"line":103,"column":11},"end":{"line":105,"column":5}},"30":{"start":{"line":104,"column":8},"end":{"line":104,"column":20}},"31":{"start":{"line":106,"column":4},"end":{"line":106,"column":16}},"32":{"start":{"line":115,"column":0},"end":{"line":124,"column":2}},"33":{"start":{"line":116,"column":4},"end":{"line":116,"column":25}},"34":{"start":{"line":117,"column":4},"end":{"line":117,"column":21}},"35":{"start":{"line":118,"column":4},"end":{"line":122,"column":5}},"36":{"start":{"line":119,"column":8},"end":{"line":119,"column":24}},"37":{"start":{"line":120,"column":11},"end":{"line":122,"column":5}},"38":{"start":{"line":121,"column":8},"end":{"line":121,"column":20}},"39":{"start":{"line":123,"column":4},"end":{"line":123,"column":16}},"40":{"start":{"line":132,"column":0},"end":{"line":143,"column":2}},"41":{"start":{"line":133,"column":4},"end":{"line":133,"column":20}},"42":{"start":{"line":134,"column":4},"end":{"line":134,"column":33}},"43":{"start":{"line":135,"column":4},"end":{"line":141,"column":5}},"44":{"start":{"line":136,"column":8},"end":{"line":139,"column":4}},"45":{"start":{"line":137,"column":12},"end":{"line":138,"column":8}},"46":{"start":{"line":140,"column":8},"end":{"line":140,"column":51}},"47":{"start":{"line":142,"column":4},"end":{"line":142,"column":16}}},"branchMap":{"1":{"line":35,"type":"if","locations":[{"start":{"line":35,"column":4},"end":{"line":35,"column":4}},{"start":{"line":35,"column":4},"end":{"line":35,"column":4}}]},"2":{"line":38,"type":"binary-expr","locations":[{"start":{"line":38,"column":19},"end":{"line":38,"column":26}},{"start":{"line":38,"column":30},"end":{"line":38,"column":32}}]},"3":{"line":47,"type":"if","locations":[{"start":{"line":47,"column":4},"end":{"line":47,"column":4}},{"start":{"line":47,"column":4},"end":{"line":47,"column":4}}]},"4":{"line":62,"type":"binary-expr","locations":[{"start":{"line":62,"column":11},"end":{"line":62,"column":15}},{"start":{"line":62,"column":19},"end":{"line":62,"column":24}}]},"5":{"line":67,"type":"if","locations":[{"start":{"line":67,"column":4},"end":{"line":67,"column":4}},{"start":{"line":67,"column":4},"end":{"line":67,"column":4}}]},"6":{"line":72,"type":"if","locations":[{"start":{"line":72,"column":4},"end":{"line":72,"column":4}},{"start":{"line":72,"column":4},"end":{"line":72,"column":4}}]},"7":{"line":74,"type":"if","locations":[{"start":{"line":74,"column":11},"end":{"line":74,"column":11}},{"start":{"line":74,"column":11},"end":{"line":74,"column":11}}]},"8":{"line":98,"type":"binary-expr","locations":[{"start":{"line":98,"column":11},"end":{"line":98,"column":15}},{"start":{"line":98,"column":19},"end":{"line":98,"column":24}}]},"9":{"line":101,"type":"if","locations":[{"start":{"line":101,"column":4},"end":{"line":101,"column":4}},{"start":{"line":101,"column":4},"end":{"line":101,"column":4}}]},"10":{"line":103,"type":"if","locations":[{"start":{"line":103,"column":11},"end":{"line":103,"column":11}},{"start":{"line":103,"column":11},"end":{"line":103,"column":11}}]},"11":{"line":116,"type":"binary-expr","locations":[{"start":{"line":116,"column":11},"end":{"line":116,"column":15}},{"start":{"line":116,"column":19},"end":{"line":116,"column":24}}]},"12":{"line":118,"type":"if","locations":[{"start":{"line":118,"column":4},"end":{"line":118,"column":4}},{"start":{"line":118,"column":4},"end":{"line":118,"column":4}}]},"13":{"line":120,"type":"if","locations":[{"start":{"line":120,"column":11},"end":{"line":120,"column":11}},{"start":{"line":120,"column":11},"end":{"line":120,"column":11}}]},"14":{"line":134,"type":"binary-expr","locations":[{"start":{"line":134,"column":15},"end":{"line":134,"column":23}},{"start":{"line":134,"column":27},"end":{"line":134,"column":32}}]},"15":{"line":135,"type":"if","locations":[{"start":{"line":135,"column":4},"end":{"line":135,"column":4}},{"start":{"line":135,"column":4},"end":{"line":135,"column":4}}]}}},"/mnt/safe/node/radic/lib/git/index.js":{"path":"/mnt/safe/node/radic/lib/git/index.js","s":{"1":1,"2":1,"3":0,"4":0,"5":0,"6":0,"7":1,"8":1,"9":1,"10":0,"11":1,"12":0,"13":1,"14":0,"15":1,"16":0,"17":1,"18":0,"19":1,"20":0,"21":1,"22":0},"b":{"1":[0,0]},"f":{"1":0,"2":0,"3":0,"4":0,"5":0,"6":0,"7":0,"8":0,"9":0},"fnMap":{"1":{"name":"createCallback","line":9,"loc":{"start":{"line":9,"column":0},"end":{"line":9,"column":34}}},"2":{"name":"(anonymous_2)","line":10,"loc":{"start":{"line":10,"column":11},"end":{"line":10,"column":44}}},"3":{"name":"(anonymous_3)","line":30,"loc":{"start":{"line":30,"column":13},"end":{"line":30,"column":33}}},"4":{"name":"init","line":38,"loc":{"start":{"line":38,"column":11},"end":{"line":38,"column":29}}},"5":{"name":"commit","line":46,"loc":{"start":{"line":46,"column":13},"end":{"line":46,"column":33}}},"6":{"name":"commit","line":55,"loc":{"start":{"line":55,"column":13},"end":{"line":55,"column":42}}},"7":{"name":"push","line":65,"loc":{"start":{"line":65,"column":11},"end":{"line":65,"column":45}}},"8":{"name":"(anonymous_8)","line":74,"loc":{"start":{"line":74,"column":9},"end":{"line":74,"column":34}}},"9":{"name":"(anonymous_9)","line":84,"loc":{"start":{"line":84,"column":15},"end":{"line":84,"column":39}}}},"statementMap":{"1":{"start":{"line":1,"column":0},"end":{"line":7,"column":24}},"2":{"start":{"line":9,"column":0},"end":{"line":16,"column":1}},"3":{"start":{"line":10,"column":4},"end":{"line":16,"column":0}},"4":{"start":{"line":11,"column":8},"end":{"line":13,"column":9}},"5":{"start":{"line":12,"column":12},"end":{"line":12,"column":36}},"6":{"start":{"line":14,"column":8},"end":{"line":14,"column":31}},"7":{"start":{"line":19,"column":0},"end":{"line":21,"column":2}},"8":{"start":{"line":23,"column":0},"end":{"line":23,"column":21}},"9":{"start":{"line":30,"column":0},"end":{"line":32,"column":2}},"10":{"start":{"line":31,"column":4},"end":{"line":31,"column":25}},"11":{"start":{"line":38,"column":0},"end":{"line":40,"column":2}},"12":{"start":{"line":39,"column":4},"end":{"line":39,"column":41}},"13":{"start":{"line":46,"column":0},"end":{"line":48,"column":2}},"14":{"start":{"line":47,"column":4},"end":{"line":47,"column":43}},"15":{"start":{"line":55,"column":0},"end":{"line":57,"column":2}},"16":{"start":{"line":56,"column":4},"end":{"line":56,"column":64}},"17":{"start":{"line":65,"column":0},"end":{"line":67,"column":2}},"18":{"start":{"line":66,"column":4},"end":{"line":66,"column":78}},"19":{"start":{"line":73,"column":0},"end":{"line":77,"column":2}},"20":{"start":{"line":75,"column":8},"end":{"line":75,"column":71}},"21":{"start":{"line":84,"column":0},"end":{"line":86,"column":2}},"22":{"start":{"line":85,"column":4},"end":{"line":85,"column":59}}},"branchMap":{"1":{"line":11,"type":"if","locations":[{"start":{"line":11,"column":8},"end":{"line":11,"column":8}},{"start":{"line":11,"column":8},"end":{"line":11,"column":8}}]}}},"/mnt/safe/node/radic/lib/git/api.js":{"path":"/mnt/safe/node/radic/lib/git/api.js","s":{"1":1,"2":1,"3":1,"4":1,"5":0,"6":0,"7":1,"8":0,"9":0,"10":0,"11":0,"12":0,"13":0,"14":0,"15":0,"16":0,"17":0,"18":0,"19":1,"20":0,"21":0,"22":0,"23":0},"b":{"1":[0,0],"2":[0,0]},"f":{"1":0,"2":0,"3":0,"4":0,"5":0,"6":0},"fnMap":{"1":{"name":"opts","line":25,"loc":{"start":{"line":25,"column":0},"end":{"line":25,"column":33}}},"2":{"name":"(anonymous_2)","line":32,"loc":{"start":{"line":32,"column":19},"end":{"line":32,"column":40}}},"3":{"name":"(anonymous_3)","line":39,"loc":{"start":{"line":39,"column":20},"end":{"line":39,"column":56}}},"4":{"name":"(anonymous_4)","line":48,"loc":{"start":{"line":48,"column":19},"end":{"line":48,"column":40}}},"5":{"name":"(anonymous_5)","line":54,"loc":{"start":{"line":54,"column":20},"end":{"line":54,"column":56}}},"6":{"name":"(anonymous_6)","line":68,"loc":{"start":{"line":68,"column":17},"end":{"line":68,"column":37}}}},"statementMap":{"1":{"start":{"line":1,"column":0},"end":{"line":4,"column":38}},"2":{"start":{"line":7,"column":0},"end":{"line":7,"column":32}},"3":{"start":{"line":9,"column":0},"end":{"line":24,"column":2}},"4":{"start":{"line":25,"column":0},"end":{"line":28,"column":1}},"5":{"start":{"line":26,"column":4},"end":{"line":26,"column":28}},"6":{"start":{"line":27,"column":4},"end":{"line":27,"column":39}},"7":{"start":{"line":29,"column":0},"end":{"line":65,"column":2}},"8":{"start":{"line":33,"column":16},"end":{"line":33,"column":63}},"9":{"start":{"line":40,"column":16},"end":{"line":40,"column":63}},"10":{"start":{"line":41,"column":16},"end":{"line":41,"column":36}},"11":{"start":{"line":42,"column":16},"end":{"line":42,"column":78}},"12":{"start":{"line":49,"column":16},"end":{"line":49,"column":61}},"13":{"start":{"line":50,"column":16},"end":{"line":50,"column":53}},"14":{"start":{"line":55,"column":16},"end":{"line":55,"column":63}},"15":{"start":{"line":56,"column":16},"end":{"line":56,"column":36}},"16":{"start":{"line":57,"column":16},"end":{"line":61,"column":17}},"17":{"start":{"line":58,"column":20},"end":{"line":58,"column":58}},"18":{"start":{"line":60,"column":20},"end":{"line":60,"column":72}},"19":{"start":{"line":68,"column":0},"end":{"line":75,"column":2}},"20":{"start":{"line":69,"column":4},"end":{"line":69,"column":36}},"21":{"start":{"line":71,"column":4},"end":{"line":71,"column":101}},"22":{"start":{"line":72,"column":4},"end":{"line":72,"column":88}},"23":{"start":{"line":74,"column":4},"end":{"line":74,"column":31}}},"branchMap":{"1":{"line":26,"type":"binary-expr","locations":[{"start":{"line":26,"column":14},"end":{"line":26,"column":21}},{"start":{"line":26,"column":25},"end":{"line":26,"column":27}}]},"2":{"line":57,"type":"if","locations":[{"start":{"line":57,"column":16},"end":{"line":57,"column":16}},{"start":{"line":57,"column":16},"end":{"line":57,"column":16}}]}}},"/mnt/safe/node/radic/lib/git/curl.js":{"path":"/mnt/safe/node/radic/lib/git/curl.js","s":{"1":1,"2":1,"3":0,"4":0,"5":0,"6":0,"7":1,"8":0,"9":0,"10":0,"11":0,"12":0,"13":0,"14":0,"15":0,"16":0,"17":0,"18":0,"19":1,"20":0,"21":0,"22":0,"23":0,"24":0,"25":0,"26":0,"27":1,"28":0,"29":0,"30":0,"31":0,"32":0,"33":0,"34":0,"35":0,"36":0,"37":0,"38":0,"39":0,"40":0},"b":{"1":[0,0],"2":[0,0],"3":[0,0],"4":[0,0],"5":[0,0],"6":[0,0]},"f":{"1":0,"2":0,"3":0,"4":0,"5":0,"6":0,"7":0,"8":0,"9":0,"10":0},"fnMap":{"1":{"name":"getNewError","line":7,"loc":{"start":{"line":7,"column":0},"end":{"line":7,"column":41}}},"2":{"name":"parse","line":14,"loc":{"start":{"line":14,"column":0},"end":{"line":14,"column":28}}},"3":{"name":"run","line":37,"loc":{"start":{"line":37,"column":0},"end":{"line":37,"column":31}}},"4":{"name":"(anonymous_4)","line":39,"loc":{"start":{"line":39,"column":18},"end":{"line":39,"column":51}}},"5":{"name":"(anonymous_5)","line":48,"loc":{"start":{"line":48,"column":21},"end":{"line":48,"column":36}}},"6":{"name":"(anonymous_6)","line":53,"loc":{"start":{"line":53,"column":17},"end":{"line":53,"column":48}}},"7":{"name":"(anonymous_7)","line":56,"loc":{"start":{"line":56,"column":13},"end":{"line":56,"column":43}}},"8":{"name":"(anonymous_8)","line":72,"loc":{"start":{"line":72,"column":14},"end":{"line":72,"column":44}}},"9":{"name":"(anonymous_9)","line":78,"loc":{"start":{"line":78,"column":13},"end":{"line":78,"column":43}}},"10":{"name":"(anonymous_10)","line":86,"loc":{"start":{"line":86,"column":13},"end":{"line":86,"column":37}}}},"statementMap":{"1":{"start":{"line":2,"column":0},"end":{"line":5,"column":26}},"2":{"start":{"line":7,"column":0},"end":{"line":12,"column":1}},"3":{"start":{"line":8,"column":4},"end":{"line":8,"column":29}},"4":{"start":{"line":9,"column":4},"end":{"line":9,"column":23}},"5":{"start":{"line":10,"column":4},"end":{"line":10,"column":25}},"6":{"start":{"line":11,"column":4},"end":{"line":11,"column":14}},"7":{"start":{"line":14,"column":0},"end":{"line":35,"column":1}},"8":{"start":{"line":15,"column":4},"end":{"line":20,"column":5}},"9":{"start":{"line":16,"column":8},"end":{"line":19,"column":10}},"10":{"start":{"line":21,"column":4},"end":{"line":23,"column":5}},"11":{"start":{"line":22,"column":8},"end":{"line":22,"column":39}},"12":{"start":{"line":24,"column":4},"end":{"line":26,"column":5}},"13":{"start":{"line":25,"column":8},"end":{"line":25,"column":39}},"14":{"start":{"line":27,"column":4},"end":{"line":29,"column":5}},"15":{"start":{"line":28,"column":8},"end":{"line":28,"column":20}},"16":{"start":{"line":30,"column":4},"end":{"line":34,"column":5}},"17":{"start":{"line":31,"column":8},"end":{"line":31,"column":34}},"18":{"start":{"line":33,"column":8},"end":{"line":33,"column":52}},"19":{"start":{"line":37,"column":0},"end":{"line":51,"column":1}},"20":{"start":{"line":39,"column":4},"end":{"line":50,"column":11}},"21":{"start":{"line":40,"column":8},"end":{"line":46,"column":9}},"22":{"start":{"line":41,"column":12},"end":{"line":41,"column":46}},"23":{"start":{"line":42,"column":12},"end":{"line":42,"column":31}},"24":{"start":{"line":44,"column":12},"end":{"line":44,"column":46}},"25":{"start":{"line":45,"column":12},"end":{"line":45,"column":24}},"26":{"start":{"line":49,"column":12},"end":{"line":49,"column":26}},"27":{"start":{"line":53,"column":0},"end":{"line":91,"column":2}},"28":{"start":{"line":55,"column":4},"end":{"line":90,"column":6}},"29":{"start":{"line":57,"column":12},"end":{"line":57,"column":89}},"30":{"start":{"line":58,"column":12},"end":{"line":60,"column":13}},"31":{"start":{"line":59,"column":16},"end":{"line":59,"column":61}},"32":{"start":{"line":69,"column":12},"end":{"line":69,"column":34}},"33":{"start":{"line":73,"column":12},"end":{"line":73,"column":164}},"34":{"start":{"line":75,"column":12},"end":{"line":75,"column":34}},"35":{"start":{"line":79,"column":12},"end":{"line":81,"column":13}},"36":{"start":{"line":80,"column":16},"end":{"line":80,"column":28}},"37":{"start":{"line":82,"column":12},"end":{"line":82,"column":178}},"38":{"start":{"line":83,"column":12},"end":{"line":83,"column":34}},"39":{"start":{"line":87,"column":12},"end":{"line":87,"column":100}},"40":{"start":{"line":88,"column":12},"end":{"line":88,"column":34}}},"branchMap":{"1":{"line":15,"type":"if","locations":[{"start":{"line":15,"column":4},"end":{"line":15,"column":4}},{"start":{"line":15,"column":4},"end":{"line":15,"column":4}}]},"2":{"line":21,"type":"if","locations":[{"start":{"line":21,"column":4},"end":{"line":21,"column":4}},{"start":{"line":21,"column":4},"end":{"line":21,"column":4}}]},"3":{"line":24,"type":"if","locations":[{"start":{"line":24,"column":4},"end":{"line":24,"column":4}},{"start":{"line":24,"column":4},"end":{"line":24,"column":4}}]},"4":{"line":27,"type":"if","locations":[{"start":{"line":27,"column":4},"end":{"line":27,"column":4}},{"start":{"line":27,"column":4},"end":{"line":27,"column":4}}]},"5":{"line":58,"type":"if","locations":[{"start":{"line":58,"column":12},"end":{"line":58,"column":12}},{"start":{"line":58,"column":12},"end":{"line":58,"column":12}}]},"6":{"line":79,"type":"if","locations":[{"start":{"line":79,"column":12},"end":{"line":79,"column":12}},{"start":{"line":79,"column":12},"end":{"line":79,"column":12}}]}}},"/mnt/safe/node/radic/lib/cli/index.js":{"path":"/mnt/safe/node/radic/lib/cli/index.js","s":{"1":1,"2":1,"3":1,"4":25,"5":1,"6":0,"7":1,"8":0,"9":1,"10":0,"11":1,"12":0,"13":0,"14":0,"15":0,"16":0,"17":0,"18":0,"19":0,"20":0,"21":0,"22":0,"23":0,"24":0,"25":0,"26":0,"27":0,"28":0,"29":0,"30":0,"31":1,"32":1,"33":0,"34":0,"35":0,"36":0,"37":0,"38":1,"39":0,"40":1,"41":0,"42":1,"43":0,"44":1,"45":6,"46":0,"47":0,"48":0,"49":0,"50":0,"51":0,"52":0,"53":0,"54":0},"b":{"1":[0,0],"2":[0,0],"3":[0,0],"4":[0,0],"5":[0,0],"6":[0,0],"7":[0,0],"8":[0,0],"9":[0,0],"10":[0,0]},"f":{"1":25,"2":0,"3":0,"4":0,"5":0,"6":0,"7":0,"8":0,"9":0,"10":0,"11":0,"12":0,"13":6,"14":0},"fnMap":{"1":{"name":"(anonymous_1)","line":23,"loc":{"start":{"line":23,"column":20},"end":{"line":23,"column":35}}},"2":{"name":"(anonymous_2)","line":27,"loc":{"start":{"line":27,"column":12},"end":{"line":27,"column":46}}},"3":{"name":"(anonymous_3)","line":31,"loc":{"start":{"line":31,"column":14},"end":{"line":31,"column":30}}},"4":{"name":"(anonymous_4)","line":35,"loc":{"start":{"line":35,"column":12},"end":{"line":35,"column":25}}},"5":{"name":"(anonymous_5)","line":39,"loc":{"start":{"line":39,"column":12},"end":{"line":39,"column":28}}},"6":{"name":"(anonymous_6)","line":40,"loc":{"start":{"line":40,"column":26},"end":{"line":40,"column":45}}},"7":{"name":"(anonymous_7)","line":56,"loc":{"start":{"line":56,"column":34},"end":{"line":56,"column":54}}},"8":{"name":"(anonymous_8)","line":68,"loc":{"start":{"line":68,"column":37},"end":{"line":68,"column":57}}},"9":{"name":"(anonymous_9)","line":97,"loc":{"start":{"line":97,"column":10},"end":{"line":97,"column":20}}},"10":{"name":"(anonymous_10)","line":104,"loc":{"start":{"line":104,"column":12},"end":{"line":104,"column":25}}},"11":{"name":"(anonymous_11)","line":107,"loc":{"start":{"line":107,"column":12},"end":{"line":107,"column":25}}},"12":{"name":"(anonymous_12)","line":110,"loc":{"start":{"line":110,"column":14},"end":{"line":110,"column":27}}},"13":{"name":"(anonymous_13)","line":115,"loc":{"start":{"line":115,"column":16},"end":{"line":115,"column":38}}},"14":{"name":"(anonymous_14)","line":116,"loc":{"start":{"line":116,"column":20},"end":{"line":116,"column":35}}}},"statementMap":{"1":{"start":{"line":2,"column":0},"end":{"line":19,"column":6}},"2":{"start":{"line":22,"column":0},"end":{"line":22,"column":270}},"3":{"start":{"line":23,"column":0},"end":{"line":25,"column":3}},"4":{"start":{"line":24,"column":4},"end":{"line":24,"column":30}},"5":{"start":{"line":27,"column":0},"end":{"line":29,"column":2}},"6":{"start":{"line":28,"column":4},"end":{"line":29,"column":0}},"7":{"start":{"line":31,"column":0},"end":{"line":33,"column":2}},"8":{"start":{"line":32,"column":4},"end":{"line":32,"column":34}},"9":{"start":{"line":35,"column":0},"end":{"line":37,"column":2}},"10":{"start":{"line":36,"column":4},"end":{"line":36,"column":21}},"11":{"start":{"line":39,"column":0},"end":{"line":87,"column":2}},"12":{"start":{"line":40,"column":4},"end":{"line":76,"column":18}},"13":{"start":{"line":42,"column":8},"end":{"line":46,"column":10}},"14":{"start":{"line":48,"column":8},"end":{"line":64,"column":9}},"15":{"start":{"line":49,"column":12},"end":{"line":51,"column":48}},"16":{"start":{"line":56,"column":12},"end":{"line":58,"column":15}},"17":{"start":{"line":57,"column":16},"end":{"line":57,"column":39}},"18":{"start":{"line":60,"column":12},"end":{"line":60,"column":96}},"19":{"start":{"line":62,"column":13},"end":{"line":64,"column":9}},"20":{"start":{"line":63,"column":12},"end":{"line":63,"column":41}},"21":{"start":{"line":66,"column":8},"end":{"line":72,"column":9}},"22":{"start":{"line":67,"column":12},"end":{"line":67,"column":68}},"23":{"start":{"line":68,"column":12},"end":{"line":70,"column":15}},"24":{"start":{"line":69,"column":16},"end":{"line":69,"column":47}},"25":{"start":{"line":71,"column":12},"end":{"line":71,"column":99}},"26":{"start":{"line":73,"column":8},"end":{"line":73,"column":46}},"27":{"start":{"line":79,"column":4},"end":{"line":79,"column":29}},"28":{"start":{"line":82,"column":4},"end":{"line":82,"column":23}},"29":{"start":{"line":84,"column":4},"end":{"line":86,"column":5}},"30":{"start":{"line":85,"column":8},"end":{"line":85,"column":24}},"31":{"start":{"line":89,"column":0},"end":{"line":96,"column":2}},"32":{"start":{"line":97,"column":0},"end":{"line":103,"column":2}},"33":{"start":{"line":98,"column":4},"end":{"line":98,"column":36}},"34":{"start":{"line":99,"column":4},"end":{"line":99,"column":19}},"35":{"start":{"line":100,"column":4},"end":{"line":100,"column":48}},"36":{"start":{"line":101,"column":4},"end":{"line":101,"column":47}},"37":{"start":{"line":102,"column":4},"end":{"line":102,"column":24}},"38":{"start":{"line":104,"column":0},"end":{"line":106,"column":2}},"39":{"start":{"line":105,"column":4},"end":{"line":105,"column":26}},"40":{"start":{"line":107,"column":0},"end":{"line":109,"column":2}},"41":{"start":{"line":108,"column":4},"end":{"line":108,"column":20}},"42":{"start":{"line":110,"column":0},"end":{"line":112,"column":2}},"43":{"start":{"line":111,"column":4},"end":{"line":111,"column":26}},"44":{"start":{"line":115,"column":0},"end":{"line":132,"column":3}},"45":{"start":{"line":116,"column":4},"end":{"line":131,"column":6}},"46":{"start":{"line":118,"column":8},"end":{"line":120,"column":9}},"47":{"start":{"line":121,"column":8},"end":{"line":121,"column":35}},"48":{"start":{"line":122,"column":8},"end":{"line":122,"column":68}},"49":{"start":{"line":123,"column":8},"end":{"line":129,"column":9}},"50":{"start":{"line":124,"column":12},"end":{"line":126,"column":13}},"51":{"start":{"line":125,"column":16},"end":{"line":125,"column":42}},"52":{"start":{"line":128,"column":12},"end":{"line":128,"column":38}},"53":{"start":{"line":130,"column":8},"end":{"line":130,"column":44}},"54":{"start":{"line":130,"column":29},"end":{"line":130,"column":44}}},"branchMap":{"1":{"line":48,"type":"if","locations":[{"start":{"line":48,"column":8},"end":{"line":48,"column":8}},{"start":{"line":48,"column":8},"end":{"line":48,"column":8}}]},"2":{"line":62,"type":"if","locations":[{"start":{"line":62,"column":13},"end":{"line":62,"column":13}},{"start":{"line":62,"column":13},"end":{"line":62,"column":13}}]},"3":{"line":66,"type":"if","locations":[{"start":{"line":66,"column":8},"end":{"line":66,"column":8}},{"start":{"line":66,"column":8},"end":{"line":66,"column":8}}]},"4":{"line":84,"type":"if","locations":[{"start":{"line":84,"column":4},"end":{"line":84,"column":4}},{"start":{"line":84,"column":4},"end":{"line":84,"column":4}}]},"5":{"line":100,"type":"cond-expr","locations":[{"start":{"line":100,"column":31},"end":{"line":100,"column":37}},{"start":{"line":100,"column":40},"end":{"line":100,"column":47}}]},"6":{"line":101,"type":"cond-expr","locations":[{"start":{"line":101,"column":29},"end":{"line":101,"column":36}},{"start":{"line":101,"column":39},"end":{"line":101,"column":46}}]},"7":{"line":118,"type":"if","locations":[{"start":{"line":118,"column":8},"end":{"line":118,"column":8}},{"start":{"line":118,"column":8},"end":{"line":118,"column":8}}]},"8":{"line":123,"type":"if","locations":[{"start":{"line":123,"column":8},"end":{"line":123,"column":8}},{"start":{"line":123,"column":8},"end":{"line":123,"column":8}}]},"9":{"line":124,"type":"if","locations":[{"start":{"line":124,"column":12},"end":{"line":124,"column":12}},{"start":{"line":124,"column":12},"end":{"line":124,"column":12}}]},"10":{"line":130,"type":"if","locations":[{"start":{"line":130,"column":8},"end":{"line":130,"column":8}},{"start":{"line":130,"column":8},"end":{"line":130,"column":8}}]}}},"/mnt/safe/node/radic/lib/cli/command.js":{"path":"/mnt/safe/node/radic/lib/cli/command.js","s":{"1":1,"2":0,"3":0,"4":1,"5":0,"6":0,"7":1,"8":0,"9":0,"10":1,"11":0,"12":0,"13":1,"14":0,"15":0,"16":1,"17":0,"18":0},"b":{},"f":{"1":0,"2":0,"3":0,"4":0,"5":0,"6":0},"fnMap":{"1":{"name":"Command","line":1,"loc":{"start":{"line":1,"column":31},"end":{"line":1,"column":59}}},"2":{"name":"(anonymous_2)","line":11,"loc":{"start":{"line":11,"column":26},"end":{"line":11,"column":41}}},"3":{"name":"(anonymous_3)","line":16,"loc":{"start":{"line":16,"column":26},"end":{"line":16,"column":41}}},"4":{"name":"(anonymous_4)","line":21,"loc":{"start":{"line":21,"column":32},"end":{"line":21,"column":53}}},"5":{"name":"(anonymous_5)","line":28,"loc":{"start":{"line":28,"column":29},"end":{"line":28,"column":47}}},"6":{"name":"(anonymous_6)","line":33,"loc":{"start":{"line":33,"column":27},"end":{"line":33,"column":43}}}},"statementMap":{"1":{"start":{"line":1,"column":0},"end":{"line":8,"column":2}},"2":{"start":{"line":2,"column":4},"end":{"line":2,"column":19}},"3":{"start":{"line":3,"column":4},"end":{"line":7,"column":6}},"4":{"start":{"line":11,"column":0},"end":{"line":14,"column":2}},"5":{"start":{"line":12,"column":4},"end":{"line":12,"column":31}},"6":{"start":{"line":13,"column":4},"end":{"line":13,"column":16}},"7":{"start":{"line":16,"column":0},"end":{"line":19,"column":2}},"8":{"start":{"line":17,"column":4},"end":{"line":17,"column":31}},"9":{"start":{"line":18,"column":4},"end":{"line":18,"column":16}},"10":{"start":{"line":21,"column":0},"end":{"line":24,"column":2}},"11":{"start":{"line":22,"column":4},"end":{"line":22,"column":43}},"12":{"start":{"line":23,"column":4},"end":{"line":23,"column":16}},"13":{"start":{"line":28,"column":0},"end":{"line":31,"column":2}},"14":{"start":{"line":29,"column":4},"end":{"line":29,"column":37}},"15":{"start":{"line":30,"column":4},"end":{"line":30,"column":16}},"16":{"start":{"line":33,"column":0},"end":{"line":36,"column":2}},"17":{"start":{"line":34,"column":3},"end":{"line":34,"column":32}},"18":{"start":{"line":35,"column":3},"end":{"line":35,"column":41}}},"branchMap":{}},"/mnt/safe/node/radic/lib/cli/table.js":{"path":"/mnt/safe/node/radic/lib/cli/table.js","s":{"1":1,"2":1,"3":1,"4":1,"5":0,"6":1,"7":1,"8":1,"9":0,"10":0,"11":0,"12":1,"13":0,"14":0,"15":1,"16":0,"17":0,"18":0,"19":0,"20":0,"21":0,"22":0,"23":1,"24":0,"25":0,"26":0,"27":0,"28":0,"29":0,"30":1,"31":0},"b":{"1":[0,0],"2":[0,0],"3":[0,0],"4":[0,0],"5":[0,0]},"f":{"1":0,"2":0,"3":0,"4":0,"5":0,"6":0,"7":0},"fnMap":{"1":{"name":"Table","line":66,"loc":{"start":{"line":66,"column":0},"end":{"line":66,"column":39}}},"2":{"name":"(anonymous_2)","line":80,"loc":{"start":{"line":80,"column":22},"end":{"line":80,"column":34}}},"3":{"name":"(anonymous_3)","line":86,"loc":{"start":{"line":86,"column":23},"end":{"line":86,"column":35}}},"4":{"name":"(anonymous_4)","line":90,"loc":{"start":{"line":90,"column":28},"end":{"line":90,"column":59}}},"5":{"name":"(anonymous_5)","line":101,"loc":{"start":{"line":101,"column":28},"end":{"line":101,"column":59}}},"6":{"name":"(anonymous_6)","line":107,"loc":{"start":{"line":107,"column":21},"end":{"line":107,"column":40}}},"7":{"name":"(anonymous_7)","line":114,"loc":{"start":{"line":114,"column":23},"end":{"line":114,"column":35}}}},"statementMap":{"1":{"start":{"line":1,"column":0},"end":{"line":1,"column":36}},"2":{"start":{"line":2,"column":0},"end":{"line":2,"column":30}},"3":{"start":{"line":6,"column":0},"end":{"line":65,"column":2}},"4":{"start":{"line":66,"column":0},"end":{"line":76,"column":1}},"5":{"start":{"line":68,"column":4},"end":{"line":75,"column":8}},"6":{"start":{"line":77,"column":0},"end":{"line":77,"column":31}},"7":{"start":{"line":78,"column":0},"end":{"line":78,"column":23}},"8":{"start":{"line":80,"column":0},"end":{"line":84,"column":2}},"9":{"start":{"line":81,"column":4},"end":{"line":81,"column":36}},"10":{"start":{"line":82,"column":4},"end":{"line":82,"column":20}},"11":{"start":{"line":83,"column":4},"end":{"line":83,"column":16}},"12":{"start":{"line":86,"column":0},"end":{"line":89,"column":2}},"13":{"start":{"line":87,"column":4},"end":{"line":87,"column":45}},"14":{"start":{"line":88,"column":4},"end":{"line":88,"column":16}},"15":{"start":{"line":90,"column":0},"end":{"line":99,"column":2}},"16":{"start":{"line":91,"column":4},"end":{"line":91,"column":50}},"17":{"start":{"line":92,"column":4},"end":{"line":92,"column":35}},"18":{"start":{"line":93,"column":4},"end":{"line":93,"column":58}},"19":{"start":{"line":94,"column":4},"end":{"line":94,"column":35}},"20":{"start":{"line":95,"column":4},"end":{"line":97,"column":5}},"21":{"start":{"line":96,"column":8},"end":{"line":96,"column":46}},"22":{"start":{"line":98,"column":4},"end":{"line":98,"column":16}},"23":{"start":{"line":101,"column":0},"end":{"line":112,"column":2}},"24":{"start":{"line":103,"column":4},"end":{"line":103,"column":68}},"25":{"start":{"line":105,"column":4},"end":{"line":105,"column":20}},"26":{"start":{"line":107,"column":4},"end":{"line":110,"column":7}},"27":{"start":{"line":108,"column":8},"end":{"line":108,"column":48}},"28":{"start":{"line":109,"column":8},"end":{"line":109,"column":46}},"29":{"start":{"line":111,"column":4},"end":{"line":111,"column":16}},"30":{"start":{"line":114,"column":0},"end":{"line":116,"column":2}},"31":{"start":{"line":115,"column":4},"end":{"line":115,"column":33}}},"branchMap":{"1":{"line":69,"type":"binary-expr","locations":[{"start":{"line":69,"column":31},"end":{"line":69,"column":37}},{"start":{"line":69,"column":41},"end":{"line":69,"column":50}}]},"2":{"line":73,"type":"binary-expr","locations":[{"start":{"line":73,"column":30},"end":{"line":73,"column":35}},{"start":{"line":73,"column":39},"end":{"line":73,"column":48}}]},"3":{"line":91,"type":"binary-expr","locations":[{"start":{"line":91,"column":14},"end":{"line":91,"column":21}},{"start":{"line":91,"column":25},"end":{"line":91,"column":49}}]},"4":{"line":92,"type":"binary-expr","locations":[{"start":{"line":92,"column":17},"end":{"line":92,"column":27}},{"start":{"line":92,"column":31},"end":{"line":92,"column":34}}]},"5":{"line":103,"type":"binary-expr","locations":[{"start":{"line":103,"column":16},"end":{"line":103,"column":25}},{"start":{"line":103,"column":29},"end":{"line":103,"column":67}}]}}},"/mnt/safe/node/radic/lib/db/index.js":{"path":"/mnt/safe/node/radic/lib/db/index.js","s":{"1":1,"2":1,"3":2,"4":2,"5":2,"6":2,"7":2,"8":2,"9":1,"10":1,"11":1,"12":2,"13":1,"14":1,"15":1,"16":0,"17":1,"18":1},"b":{"1":[2,0],"2":[1,1],"3":[1,0]},"f":{"1":2,"2":0,"3":2,"4":1},"fnMap":{"1":{"name":"DB","line":18,"loc":{"start":{"line":18,"column":0},"end":{"line":18,"column":26}}},"2":{"name":"(anonymous_2)","line":24,"loc":{"start":{"line":24,"column":18},"end":{"line":24,"column":28}}},"3":{"name":"(anonymous_3)","line":41,"loc":{"start":{"line":41,"column":21},"end":{"line":41,"column":43}}},"4":{"name":"(anonymous_4)","line":52,"loc":{"start":{"line":52,"column":24},"end":{"line":52,"column":38}}}},"statementMap":{"1":{"start":{"line":1,"column":0},"end":{"line":8,"column":28}},"2":{"start":{"line":18,"column":0},"end":{"line":30,"column":1}},"3":{"start":{"line":19,"column":4},"end":{"line":19,"column":28}},"4":{"start":{"line":20,"column":4},"end":{"line":25,"column":6}},"5":{"start":{"line":26,"column":4},"end":{"line":26,"column":56}},"6":{"start":{"line":27,"column":4},"end":{"line":27,"column":22}},"7":{"start":{"line":28,"column":4},"end":{"line":28,"column":97}},"8":{"start":{"line":29,"column":4},"end":{"line":29,"column":49}},"9":{"start":{"line":37,"column":0},"end":{"line":37,"column":17}},"10":{"start":{"line":38,"column":0},"end":{"line":38,"column":20}},"11":{"start":{"line":41,"column":0},"end":{"line":49,"column":2}},"12":{"start":{"line":42,"column":4},"end":{"line":48,"column":5}},"13":{"start":{"line":43,"column":8},"end":{"line":43,"column":70}},"14":{"start":{"line":44,"column":11},"end":{"line":48,"column":5}},"15":{"start":{"line":45,"column":8},"end":{"line":45,"column":34}},"16":{"start":{"line":47,"column":8},"end":{"line":48,"column":4}},"17":{"start":{"line":52,"column":0},"end":{"line":54,"column":2}},"18":{"start":{"line":53,"column":4},"end":{"line":53,"column":44}}},"branchMap":{"1":{"line":19,"type":"binary-expr","locations":[{"start":{"line":19,"column":14},"end":{"line":19,"column":21}},{"start":{"line":19,"column":25},"end":{"line":19,"column":27}}]},"2":{"line":42,"type":"if","locations":[{"start":{"line":42,"column":4},"end":{"line":42,"column":4}},{"start":{"line":42,"column":4},"end":{"line":42,"column":4}}]},"3":{"line":44,"type":"if","locations":[{"start":{"line":44,"column":11},"end":{"line":44,"column":11}},{"start":{"line":44,"column":11},"end":{"line":44,"column":11}}]}}},"/mnt/safe/node/radic/lib/db/model.js":{"path":"/mnt/safe/node/radic/lib/db/model.js","s":{"1":1,"2":1,"3":1,"4":0,"5":1,"6":1,"7":1,"8":1,"9":1,"10":1,"11":2,"12":2,"13":2,"14":0,"15":2,"16":1,"17":1,"18":1,"19":1,"20":1,"21":1,"22":0,"23":1,"24":1,"25":1,"26":2,"27":1,"28":0},"b":{"1":[0,2],"2":[1,1],"3":[0,1]},"f":{"1":0,"2":1,"3":2,"4":2,"5":1,"6":1,"7":1,"8":0,"9":2,"10":0},"fnMap":{"1":{"name":"store","line":7,"loc":{"start":{"line":7,"column":0},"end":{"line":7,"column":31}}},"2":{"name":"Model","line":20,"loc":{"start":{"line":20,"column":0},"end":{"line":20,"column":32}}},"3":{"name":"(anonymous_3)","line":27,"loc":{"start":{"line":27,"column":25},"end":{"line":27,"column":49}}},"4":{"name":"(anonymous_4)","line":32,"loc":{"start":{"line":32,"column":42},"end":{"line":32,"column":65}}},"5":{"name":"(anonymous_5)","line":38,"loc":{"start":{"line":38,"column":29},"end":{"line":38,"column":52}}},"6":{"name":"(anonymous_6)","line":45,"loc":{"start":{"line":45,"column":25},"end":{"line":45,"column":47}}},"7":{"name":"(anonymous_7)","line":46,"loc":{"start":{"line":46,"column":17},"end":{"line":46,"column":35}}},"8":{"name":"(anonymous_8)","line":53,"loc":{"start":{"line":53,"column":23},"end":{"line":53,"column":51}}},"9":{"name":"(anonymous_9)","line":57,"loc":{"start":{"line":57,"column":22},"end":{"line":57,"column":44}}},"10":{"name":"(anonymous_10)","line":62,"loc":{"start":{"line":62,"column":25},"end":{"line":62,"column":43}}}},"statementMap":{"1":{"start":{"line":1,"column":0},"end":{"line":1,"column":32}},"2":{"start":{"line":2,"column":0},"end":{"line":5,"column":32}},"3":{"start":{"line":7,"column":0},"end":{"line":9,"column":1}},"4":{"start":{"line":8,"column":4},"end":{"line":8,"column":46}},"5":{"start":{"line":20,"column":0},"end":{"line":24,"column":1}},"6":{"start":{"line":21,"column":4},"end":{"line":21,"column":21}},"7":{"start":{"line":22,"column":4},"end":{"line":22,"column":25}},"8":{"start":{"line":23,"column":4},"end":{"line":23,"column":17}},"9":{"start":{"line":25,"column":0},"end":{"line":25,"column":23}},"10":{"start":{"line":27,"column":0},"end":{"line":43,"column":2}},"11":{"start":{"line":30,"column":4},"end":{"line":30,"column":42}},"12":{"start":{"line":32,"column":4},"end":{"line":42,"column":18}},"13":{"start":{"line":34,"column":8},"end":{"line":34,"column":37}},"14":{"start":{"line":34,"column":16},"end":{"line":34,"column":37}},"15":{"start":{"line":35,"column":8},"end":{"line":35,"column":81}},"16":{"start":{"line":35,"column":34},"end":{"line":35,"column":81}},"17":{"start":{"line":38,"column":8},"end":{"line":41,"column":11}},"18":{"start":{"line":40,"column":12},"end":{"line":41,"column":8}},"19":{"start":{"line":45,"column":0},"end":{"line":51,"column":2}},"20":{"start":{"line":46,"column":4},"end":{"line":51,"column":0}},"21":{"start":{"line":48,"column":8},"end":{"line":48,"column":37}},"22":{"start":{"line":48,"column":16},"end":{"line":48,"column":37}},"23":{"start":{"line":49,"column":8},"end":{"line":49,"column":50}},"24":{"start":{"line":53,"column":0},"end":{"line":55,"column":2}},"25":{"start":{"line":57,"column":0},"end":{"line":60,"column":2}},"26":{"start":{"line":59,"column":4},"end":{"line":60,"column":0}},"27":{"start":{"line":62,"column":0},"end":{"line":64,"column":2}},"28":{"start":{"line":63,"column":4},"end":{"line":63,"column":31}}},"branchMap":{"1":{"line":34,"type":"if","locations":[{"start":{"line":34,"column":8},"end":{"line":34,"column":8}},{"start":{"line":34,"column":8},"end":{"line":34,"column":8}}]},"2":{"line":35,"type":"if","locations":[{"start":{"line":35,"column":8},"end":{"line":35,"column":8}},{"start":{"line":35,"column":8},"end":{"line":35,"column":8}}]},"3":{"line":48,"type":"if","locations":[{"start":{"line":48,"column":8},"end":{"line":48,"column":8}},{"start":{"line":48,"column":8},"end":{"line":48,"column":8}}]}}}}