{"/mnt/safe/node/radic/lib/index.js":{"path":"/mnt/safe/node/radic/lib/index.js","s":{"1":1,"2":1},"b":{},"f":{},"fnMap":{},"statementMap":{"1":{"start":{"line":7,"column":0},"end":{"line":16,"column":33}},"2":{"start":{"line":20,"column":0},"end":{"line":97,"column":2}}},"branchMap":{}},"/mnt/safe/node/radic/lib/app.js":{"path":"/mnt/safe/node/radic/lib/app.js","s":{"1":1,"2":1,"3":1,"4":1,"5":1,"6":1,"7":1,"8":1,"9":0,"10":1},"b":{},"f":{"1":1,"2":1,"3":0},"fnMap":{"1":{"name":"(anonymous_1)","line":6,"loc":{"start":{"line":6,"column":17},"end":{"line":6,"column":29}}},"2":{"name":"App","line":7,"loc":{"start":{"line":7,"column":4},"end":{"line":7,"column":18}}},"3":{"name":"(anonymous_3)","line":14,"loc":{"start":{"line":14,"column":24},"end":{"line":14,"column":38}}}},"statementMap":{"1":{"start":{"line":1,"column":0},"end":{"line":4,"column":33}},"2":{"start":{"line":6,"column":0},"end":{"line":21,"column":9}},"3":{"start":{"line":7,"column":4},"end":{"line":12,"column":5}},"4":{"start":{"line":8,"column":8},"end":{"line":8,"column":63}},"5":{"start":{"line":9,"column":8},"end":{"line":9,"column":36}},"6":{"start":{"line":10,"column":8},"end":{"line":10,"column":50}},"7":{"start":{"line":11,"column":8},"end":{"line":11,"column":42}},"8":{"start":{"line":14,"column":4},"end":{"line":16,"column":6}},"9":{"start":{"line":15,"column":8},"end":{"line":15,"column":36}},"10":{"start":{"line":20,"column":4},"end":{"line":20,"column":21}}},"branchMap":{}},"/mnt/safe/node/radic/lib/util/index.js":{"path":"/mnt/safe/node/radic/lib/util/index.js","s":{"1":1,"2":1,"3":1,"4":1,"5":1,"6":1},"b":{},"f":{},"fnMap":{},"statementMap":{"1":{"start":{"line":2,"column":0},"end":{"line":9,"column":25}},"2":{"start":{"line":15,"column":0},"end":{"line":15,"column":14}},"3":{"start":{"line":16,"column":0},"end":{"line":16,"column":27}},"4":{"start":{"line":17,"column":0},"end":{"line":17,"column":22}},"5":{"start":{"line":19,"column":0},"end":{"line":19,"column":37}},"6":{"start":{"line":20,"column":0},"end":{"line":20,"column":39}}},"branchMap":{}},"/mnt/safe/node/radic/lib/util/general.js":{"path":"/mnt/safe/node/radic/lib/util/general.js","s":{"1":1,"2":1,"3":0,"4":0,"5":0,"6":0,"7":0,"8":0,"9":0,"10":0,"11":0,"12":0,"13":1,"14":5,"15":1,"16":9,"17":1,"18":0,"19":0,"20":0,"21":1,"22":0,"23":0},"b":{"1":[0,0],"2":[0,0],"3":[0,0],"4":[5,0,0]},"f":{"1":0,"2":0,"3":5,"4":9,"5":0,"6":0},"fnMap":{"1":{"name":"(anonymous_1)","line":5,"loc":{"start":{"line":5,"column":14},"end":{"line":5,"column":26}}},"2":{"name":"(anonymous_2)","line":7,"loc":{"start":{"line":7,"column":17},"end":{"line":7,"column":35}}},"3":{"name":"(anonymous_3)","line":23,"loc":{"start":{"line":23,"column":25},"end":{"line":23,"column":37}}},"4":{"name":"(anonymous_4)","line":27,"loc":{"start":{"line":27,"column":18},"end":{"line":27,"column":33}}},"5":{"name":"(anonymous_5)","line":32,"loc":{"start":{"line":32,"column":18},"end":{"line":32,"column":33}}},"6":{"name":"(anonymous_6)","line":41,"loc":{"start":{"line":41,"column":35},"end":{"line":41,"column":57}}}},"statementMap":{"1":{"start":{"line":1,"column":0},"end":{"line":3,"column":29}},"2":{"start":{"line":5,"column":0},"end":{"line":21,"column":2}},"3":{"start":{"line":6,"column":4},"end":{"line":6,"column":36}},"4":{"start":{"line":7,"column":4},"end":{"line":19,"column":18}},"5":{"start":{"line":8,"column":8},"end":{"line":18,"column":9}},"6":{"start":{"line":9,"column":12},"end":{"line":13,"column":13}},"7":{"start":{"line":10,"column":16},"end":{"line":10,"column":48}},"8":{"start":{"line":12,"column":16},"end":{"line":12,"column":44}},"9":{"start":{"line":14,"column":15},"end":{"line":18,"column":9}},"10":{"start":{"line":15,"column":12},"end":{"line":15,"column":84}},"11":{"start":{"line":17,"column":12},"end":{"line":17,"column":62}},"12":{"start":{"line":20,"column":4},"end":{"line":20,"column":37}},"13":{"start":{"line":23,"column":0},"end":{"line":25,"column":2}},"14":{"start":{"line":24,"column":4},"end":{"line":24,"column":79}},"15":{"start":{"line":27,"column":0},"end":{"line":29,"column":2}},"16":{"start":{"line":28,"column":4},"end":{"line":28,"column":38}},"17":{"start":{"line":32,"column":0},"end":{"line":38,"column":2}},"18":{"start":{"line":34,"column":4},"end":{"line":34,"column":14}},"19":{"start":{"line":35,"column":4},"end":{"line":36,"column":23}},"20":{"start":{"line":37,"column":4},"end":{"line":37,"column":29}},"21":{"start":{"line":41,"column":0},"end":{"line":44,"column":2}},"22":{"start":{"line":42,"column":4},"end":{"line":42,"column":55}},"23":{"start":{"line":43,"column":4},"end":{"line":43,"column":50}}},"branchMap":{"1":{"line":8,"type":"if","locations":[{"start":{"line":8,"column":8},"end":{"line":8,"column":8}},{"start":{"line":8,"column":8},"end":{"line":8,"column":8}}]},"2":{"line":9,"type":"if","locations":[{"start":{"line":9,"column":12},"end":{"line":9,"column":12}},{"start":{"line":9,"column":12},"end":{"line":9,"column":12}}]},"3":{"line":14,"type":"if","locations":[{"start":{"line":14,"column":15},"end":{"line":14,"column":15}},{"start":{"line":14,"column":15},"end":{"line":14,"column":15}}]},"4":{"line":24,"type":"binary-expr","locations":[{"start":{"line":24,"column":11},"end":{"line":24,"column":27}},{"start":{"line":24,"column":31},"end":{"line":24,"column":51}},{"start":{"line":24,"column":55},"end":{"line":24,"column":78}}]}}},"/mnt/safe/node/radic/lib/util/dotaccess.js":{"path":"/mnt/safe/node/radic/lib/util/dotaccess.js","s":{"1":1,"2":63,"3":0,"4":63,"5":1,"6":20,"7":20,"8":20,"9":16,"10":16,"11":8,"12":16,"13":16,"14":0,"15":20,"16":1,"17":16,"18":16,"19":15,"20":43,"21":0,"22":43,"23":43,"24":92,"25":92,"26":16,"27":76,"28":27,"29":4,"30":4},"b":{"1":[0,63],"2":[8,8],"3":[0,16],"4":[15,1],"5":[16,5],"6":[0,43],"7":[16,76]},"f":{"1":63,"2":20,"3":16,"4":43,"5":4},"fnMap":{"1":{"name":"parts","line":1,"loc":{"start":{"line":1,"column":-15},"end":{"line":1,"column":20}}},"2":{"name":"lookup","line":6,"loc":{"start":{"line":6,"column":0},"end":{"line":6,"column":26}}},"3":{"name":"(anonymous_3)","line":29,"loc":{"start":{"line":29,"column":13},"end":{"line":29,"column":51}}},"4":{"name":"(anonymous_4)","line":44,"loc":{"start":{"line":44,"column":13},"end":{"line":44,"column":38}}},"5":{"name":"(anonymous_5)","line":64,"loc":{"start":{"line":64,"column":13},"end":{"line":64,"column":33}}}},"statementMap":{"1":{"start":{"line":1,"column":-15},"end":{"line":4,"column":1}},"2":{"start":{"line":2,"column":4},"end":{"line":2,"column":39}},"3":{"start":{"line":2,"column":28},"end":{"line":2,"column":39}},"4":{"start":{"line":3,"column":4},"end":{"line":4,"column":0}},"5":{"start":{"line":6,"column":0},"end":{"line":16,"column":1}},"6":{"start":{"line":7,"column":4},"end":{"line":7,"column":21}},"7":{"start":{"line":8,"column":4},"end":{"line":8,"column":28}},"8":{"start":{"line":9,"column":4},"end":{"line":14,"column":5}},"9":{"start":{"line":10,"column":8},"end":{"line":10,"column":26}},"10":{"start":{"line":11,"column":8},"end":{"line":11,"column":43}},"11":{"start":{"line":11,"column":28},"end":{"line":11,"column":43}},"12":{"start":{"line":12,"column":8},"end":{"line":12,"column":24}},"13":{"start":{"line":13,"column":8},"end":{"line":14,"column":4}},"14":{"start":{"line":13,"column":18},"end":{"line":14,"column":4}},"15":{"start":{"line":15,"column":4},"end":{"line":15,"column":26}},"16":{"start":{"line":19,"column":0},"end":{"line":70,"column":2}},"17":{"start":{"line":30,"column":8},"end":{"line":32,"column":34}},"18":{"start":{"line":33,"column":8},"end":{"line":34,"column":4}},"19":{"start":{"line":33,"column":40},"end":{"line":34,"column":4}},"20":{"start":{"line":45,"column":8},"end":{"line":47,"column":9}},"21":{"start":{"line":46,"column":12},"end":{"line":46,"column":23}},"22":{"start":{"line":48,"column":8},"end":{"line":48,"column":25}},"23":{"start":{"line":49,"column":8},"end":{"line":53,"column":9}},"24":{"start":{"line":50,"column":12},"end":{"line":50,"column":30}},"25":{"start":{"line":51,"column":12},"end":{"line":51,"column":43}},"26":{"start":{"line":51,"column":32},"end":{"line":51,"column":43}},"27":{"start":{"line":52,"column":12},"end":{"line":53,"column":8}},"28":{"start":{"line":54,"column":8},"end":{"line":55,"column":4}},"29":{"start":{"line":65,"column":8},"end":{"line":67,"column":34}},"30":{"start":{"line":68,"column":8},"end":{"line":68,"column":31}}},"branchMap":{"1":{"line":2,"type":"if","locations":[{"start":{"line":2,"column":4},"end":{"line":2,"column":4}},{"start":{"line":2,"column":4},"end":{"line":2,"column":4}}]},"2":{"line":11,"type":"if","locations":[{"start":{"line":11,"column":8},"end":{"line":11,"column":8}},{"start":{"line":11,"column":8},"end":{"line":11,"column":8}}]},"3":{"line":13,"type":"if","locations":[{"start":{"line":13,"column":8},"end":{"line":13,"column":8}},{"start":{"line":13,"column":8},"end":{"line":13,"column":8}}]},"4":{"line":33,"type":"if","locations":[{"start":{"line":33,"column":8},"end":{"line":33,"column":8}},{"start":{"line":33,"column":8},"end":{"line":33,"column":8}}]},"5":{"line":33,"type":"binary-expr","locations":[{"start":{"line":33,"column":12},"end":{"line":33,"column":21}},{"start":{"line":33,"column":25},"end":{"line":33,"column":38}}]},"6":{"line":45,"type":"if","locations":[{"start":{"line":45,"column":8},"end":{"line":45,"column":8}},{"start":{"line":45,"column":8},"end":{"line":45,"column":8}}]},"7":{"line":51,"type":"if","locations":[{"start":{"line":51,"column":12},"end":{"line":51,"column":12}},{"start":{"line":51,"column":12},"end":{"line":51,"column":12}}]}}},"/mnt/safe/node/radic/lib/config/index.js":{"path":"/mnt/safe/node/radic/lib/config/index.js","s":{"1":1,"2":1,"3":4,"4":1,"5":3,"6":3,"7":3,"8":3,"9":1,"10":3,"11":1,"12":1,"13":10,"14":10,"15":10,"16":1,"17":10,"18":10,"19":1,"20":9,"21":2,"22":1,"23":35,"24":1,"25":3,"26":3,"27":3,"28":1,"29":2,"30":1,"31":3,"32":1,"33":3,"34":3,"35":3,"36":1,"37":2,"38":1,"39":3,"40":1,"41":9,"42":9,"43":9,"44":4,"45":4,"46":5,"47":9},"b":{"1":[1,3],"2":[3,1],"3":[1,2],"4":[10,7],"5":[1,9],"6":[1,9],"7":[2,7],"8":[3,1],"9":[1,2],"10":[1,1],"11":[3,1],"12":[1,2],"13":[1,1],"14":[9,5],"15":[4,5]},"f":{"1":4,"2":10,"3":35,"4":3,"5":3,"6":9,"7":4},"fnMap":{"1":{"name":"Config","line":34,"loc":{"start":{"line":34,"column":0},"end":{"line":34,"column":31}}},"2":{"name":"(anonymous_2)","line":61,"loc":{"start":{"line":61,"column":23},"end":{"line":61,"column":52}}},"3":{"name":"(anonymous_3)","line":86,"loc":{"start":{"line":86,"column":23},"end":{"line":86,"column":49}}},"4":{"name":"(anonymous_4)","line":97,"loc":{"start":{"line":97,"column":23},"end":{"line":97,"column":45}}},"5":{"name":"(anonymous_5)","line":115,"loc":{"start":{"line":115,"column":25},"end":{"line":115,"column":41}}},"6":{"name":"(anonymous_6)","line":132,"loc":{"start":{"line":132,"column":24},"end":{"line":132,"column":44}}},"7":{"name":"(anonymous_7)","line":136,"loc":{"start":{"line":136,"column":47},"end":{"line":136,"column":60}}}},"statementMap":{"1":{"start":{"line":1,"column":0},"end":{"line":7,"column":30}},"2":{"start":{"line":34,"column":0},"end":{"line":52,"column":1}},"3":{"start":{"line":35,"column":4},"end":{"line":35,"column":125}},"4":{"start":{"line":35,"column":29},"end":{"line":35,"column":125}},"5":{"start":{"line":38,"column":4},"end":{"line":38,"column":33}},"6":{"start":{"line":39,"column":4},"end":{"line":43,"column":7}},"7":{"start":{"line":44,"column":4},"end":{"line":44,"column":70}},"8":{"start":{"line":47,"column":4},"end":{"line":49,"column":5}},"9":{"start":{"line":48,"column":8},"end":{"line":48,"column":42}},"10":{"start":{"line":51,"column":4},"end":{"line":51,"column":50}},"11":{"start":{"line":53,"column":0},"end":{"line":53,"column":24}},"12":{"start":{"line":61,"column":0},"end":{"line":77,"column":2}},"13":{"start":{"line":62,"column":4},"end":{"line":62,"column":25}},"14":{"start":{"line":65,"column":4},"end":{"line":65,"column":29}},"15":{"start":{"line":67,"column":4},"end":{"line":69,"column":5}},"16":{"start":{"line":68,"column":8},"end":{"line":68,"column":36}},"17":{"start":{"line":71,"column":4},"end":{"line":71,"column":49}},"18":{"start":{"line":72,"column":4},"end":{"line":76,"column":5}},"19":{"start":{"line":73,"column":8},"end":{"line":73,"column":24}},"20":{"start":{"line":74,"column":11},"end":{"line":76,"column":5}},"21":{"start":{"line":75,"column":8},"end":{"line":75,"column":20}},"22":{"start":{"line":86,"column":0},"end":{"line":88,"column":2}},"23":{"start":{"line":87,"column":4},"end":{"line":87,"column":53}},"24":{"start":{"line":97,"column":0},"end":{"line":107,"column":2}},"25":{"start":{"line":98,"column":4},"end":{"line":98,"column":25}},"26":{"start":{"line":100,"column":4},"end":{"line":100,"column":36}},"27":{"start":{"line":101,"column":4},"end":{"line":105,"column":5}},"28":{"start":{"line":102,"column":8},"end":{"line":102,"column":24}},"29":{"start":{"line":103,"column":11},"end":{"line":105,"column":5}},"30":{"start":{"line":104,"column":8},"end":{"line":104,"column":20}},"31":{"start":{"line":106,"column":4},"end":{"line":106,"column":16}},"32":{"start":{"line":115,"column":0},"end":{"line":124,"column":2}},"33":{"start":{"line":116,"column":4},"end":{"line":116,"column":25}},"34":{"start":{"line":117,"column":4},"end":{"line":117,"column":21}},"35":{"start":{"line":118,"column":4},"end":{"line":122,"column":5}},"36":{"start":{"line":119,"column":8},"end":{"line":119,"column":24}},"37":{"start":{"line":120,"column":11},"end":{"line":122,"column":5}},"38":{"start":{"line":121,"column":8},"end":{"line":121,"column":20}},"39":{"start":{"line":123,"column":4},"end":{"line":123,"column":16}},"40":{"start":{"line":132,"column":0},"end":{"line":143,"column":2}},"41":{"start":{"line":133,"column":4},"end":{"line":133,"column":20}},"42":{"start":{"line":134,"column":4},"end":{"line":134,"column":33}},"43":{"start":{"line":135,"column":4},"end":{"line":141,"column":5}},"44":{"start":{"line":136,"column":8},"end":{"line":139,"column":4}},"45":{"start":{"line":137,"column":12},"end":{"line":138,"column":8}},"46":{"start":{"line":140,"column":8},"end":{"line":140,"column":51}},"47":{"start":{"line":142,"column":4},"end":{"line":142,"column":16}}},"branchMap":{"1":{"line":35,"type":"if","locations":[{"start":{"line":35,"column":4},"end":{"line":35,"column":4}},{"start":{"line":35,"column":4},"end":{"line":35,"column":4}}]},"2":{"line":38,"type":"binary-expr","locations":[{"start":{"line":38,"column":19},"end":{"line":38,"column":26}},{"start":{"line":38,"column":30},"end":{"line":38,"column":32}}]},"3":{"line":47,"type":"if","locations":[{"start":{"line":47,"column":4},"end":{"line":47,"column":4}},{"start":{"line":47,"column":4},"end":{"line":47,"column":4}}]},"4":{"line":62,"type":"binary-expr","locations":[{"start":{"line":62,"column":11},"end":{"line":62,"column":15}},{"start":{"line":62,"column":19},"end":{"line":62,"column":24}}]},"5":{"line":67,"type":"if","locations":[{"start":{"line":67,"column":4},"end":{"line":67,"column":4}},{"start":{"line":67,"column":4},"end":{"line":67,"column":4}}]},"6":{"line":72,"type":"if","locations":[{"start":{"line":72,"column":4},"end":{"line":72,"column":4}},{"start":{"line":72,"column":4},"end":{"line":72,"column":4}}]},"7":{"line":74,"type":"if","locations":[{"start":{"line":74,"column":11},"end":{"line":74,"column":11}},{"start":{"line":74,"column":11},"end":{"line":74,"column":11}}]},"8":{"line":98,"type":"binary-expr","locations":[{"start":{"line":98,"column":11},"end":{"line":98,"column":15}},{"start":{"line":98,"column":19},"end":{"line":98,"column":24}}]},"9":{"line":101,"type":"if","locations":[{"start":{"line":101,"column":4},"end":{"line":101,"column":4}},{"start":{"line":101,"column":4},"end":{"line":101,"column":4}}]},"10":{"line":103,"type":"if","locations":[{"start":{"line":103,"column":11},"end":{"line":103,"column":11}},{"start":{"line":103,"column":11},"end":{"line":103,"column":11}}]},"11":{"line":116,"type":"binary-expr","locations":[{"start":{"line":116,"column":11},"end":{"line":116,"column":15}},{"start":{"line":116,"column":19},"end":{"line":116,"column":24}}]},"12":{"line":118,"type":"if","locations":[{"start":{"line":118,"column":4},"end":{"line":118,"column":4}},{"start":{"line":118,"column":4},"end":{"line":118,"column":4}}]},"13":{"line":120,"type":"if","locations":[{"start":{"line":120,"column":11},"end":{"line":120,"column":11}},{"start":{"line":120,"column":11},"end":{"line":120,"column":11}}]},"14":{"line":134,"type":"binary-expr","locations":[{"start":{"line":134,"column":15},"end":{"line":134,"column":23}},{"start":{"line":134,"column":27},"end":{"line":134,"column":32}}]},"15":{"line":135,"type":"if","locations":[{"start":{"line":135,"column":4},"end":{"line":135,"column":4}},{"start":{"line":135,"column":4},"end":{"line":135,"column":4}}]}}},"/mnt/safe/node/radic/lib/git/index.js":{"path":"/mnt/safe/node/radic/lib/git/index.js","s":{"1":1,"2":1,"3":0,"4":0,"5":0,"6":0,"7":1,"8":1,"9":1,"10":0,"11":1,"12":0,"13":1,"14":0,"15":1,"16":0,"17":1,"18":0,"19":1,"20":0,"21":1,"22":0},"b":{"1":[0,0]},"f":{"1":0,"2":0,"3":0,"4":0,"5":0,"6":0,"7":0,"8":0,"9":0},"fnMap":{"1":{"name":"createCallback","line":9,"loc":{"start":{"line":9,"column":0},"end":{"line":9,"column":34}}},"2":{"name":"(anonymous_2)","line":10,"loc":{"start":{"line":10,"column":11},"end":{"line":10,"column":44}}},"3":{"name":"(anonymous_3)","line":34,"loc":{"start":{"line":34,"column":13},"end":{"line":34,"column":33}}},"4":{"name":"init","line":42,"loc":{"start":{"line":42,"column":11},"end":{"line":42,"column":29}}},"5":{"name":"commit","line":50,"loc":{"start":{"line":50,"column":13},"end":{"line":50,"column":33}}},"6":{"name":"commit","line":59,"loc":{"start":{"line":59,"column":13},"end":{"line":59,"column":42}}},"7":{"name":"push","line":69,"loc":{"start":{"line":69,"column":11},"end":{"line":69,"column":45}}},"8":{"name":"(anonymous_8)","line":78,"loc":{"start":{"line":78,"column":9},"end":{"line":78,"column":34}}},"9":{"name":"(anonymous_9)","line":88,"loc":{"start":{"line":88,"column":15},"end":{"line":88,"column":39}}}},"statementMap":{"1":{"start":{"line":1,"column":0},"end":{"line":7,"column":24}},"2":{"start":{"line":9,"column":0},"end":{"line":16,"column":1}},"3":{"start":{"line":10,"column":4},"end":{"line":16,"column":0}},"4":{"start":{"line":11,"column":8},"end":{"line":13,"column":9}},"5":{"start":{"line":12,"column":12},"end":{"line":12,"column":36}},"6":{"start":{"line":14,"column":8},"end":{"line":14,"column":31}},"7":{"start":{"line":22,"column":0},"end":{"line":24,"column":2}},"8":{"start":{"line":26,"column":0},"end":{"line":26,"column":21}},"9":{"start":{"line":34,"column":0},"end":{"line":36,"column":2}},"10":{"start":{"line":35,"column":4},"end":{"line":35,"column":25}},"11":{"start":{"line":42,"column":0},"end":{"line":44,"column":2}},"12":{"start":{"line":43,"column":4},"end":{"line":43,"column":41}},"13":{"start":{"line":50,"column":0},"end":{"line":52,"column":2}},"14":{"start":{"line":51,"column":4},"end":{"line":51,"column":43}},"15":{"start":{"line":59,"column":0},"end":{"line":61,"column":2}},"16":{"start":{"line":60,"column":4},"end":{"line":60,"column":64}},"17":{"start":{"line":69,"column":0},"end":{"line":71,"column":2}},"18":{"start":{"line":70,"column":4},"end":{"line":70,"column":78}},"19":{"start":{"line":77,"column":0},"end":{"line":81,"column":2}},"20":{"start":{"line":79,"column":8},"end":{"line":79,"column":71}},"21":{"start":{"line":88,"column":0},"end":{"line":90,"column":2}},"22":{"start":{"line":89,"column":4},"end":{"line":89,"column":59}}},"branchMap":{"1":{"line":11,"type":"if","locations":[{"start":{"line":11,"column":8},"end":{"line":11,"column":8}},{"start":{"line":11,"column":8},"end":{"line":11,"column":8}}]}}},"/mnt/safe/node/radic/lib/git/api.js":{"path":"/mnt/safe/node/radic/lib/git/api.js","s":{"1":1,"2":1,"3":1,"4":1,"5":0,"6":0,"7":1,"8":0,"9":0,"10":0,"11":0,"12":0,"13":0,"14":0,"15":0,"16":0,"17":0,"18":0,"19":1,"20":0,"21":0,"22":0,"23":0},"b":{"1":[0,0],"2":[0,0]},"f":{"1":0,"2":0,"3":0,"4":0,"5":0,"6":0},"fnMap":{"1":{"name":"opts","line":25,"loc":{"start":{"line":25,"column":0},"end":{"line":25,"column":33}}},"2":{"name":"(anonymous_2)","line":32,"loc":{"start":{"line":32,"column":19},"end":{"line":32,"column":40}}},"3":{"name":"(anonymous_3)","line":39,"loc":{"start":{"line":39,"column":20},"end":{"line":39,"column":56}}},"4":{"name":"(anonymous_4)","line":48,"loc":{"start":{"line":48,"column":19},"end":{"line":48,"column":40}}},"5":{"name":"(anonymous_5)","line":54,"loc":{"start":{"line":54,"column":20},"end":{"line":54,"column":56}}},"6":{"name":"(anonymous_6)","line":68,"loc":{"start":{"line":68,"column":17},"end":{"line":68,"column":37}}}},"statementMap":{"1":{"start":{"line":1,"column":0},"end":{"line":4,"column":38}},"2":{"start":{"line":7,"column":0},"end":{"line":7,"column":32}},"3":{"start":{"line":9,"column":0},"end":{"line":24,"column":2}},"4":{"start":{"line":25,"column":0},"end":{"line":28,"column":1}},"5":{"start":{"line":26,"column":4},"end":{"line":26,"column":28}},"6":{"start":{"line":27,"column":4},"end":{"line":27,"column":39}},"7":{"start":{"line":29,"column":0},"end":{"line":65,"column":2}},"8":{"start":{"line":33,"column":16},"end":{"line":33,"column":63}},"9":{"start":{"line":40,"column":16},"end":{"line":40,"column":63}},"10":{"start":{"line":41,"column":16},"end":{"line":41,"column":36}},"11":{"start":{"line":42,"column":16},"end":{"line":42,"column":78}},"12":{"start":{"line":49,"column":16},"end":{"line":49,"column":61}},"13":{"start":{"line":50,"column":16},"end":{"line":50,"column":53}},"14":{"start":{"line":55,"column":16},"end":{"line":55,"column":63}},"15":{"start":{"line":56,"column":16},"end":{"line":56,"column":36}},"16":{"start":{"line":57,"column":16},"end":{"line":61,"column":17}},"17":{"start":{"line":58,"column":20},"end":{"line":58,"column":58}},"18":{"start":{"line":60,"column":20},"end":{"line":60,"column":72}},"19":{"start":{"line":68,"column":0},"end":{"line":75,"column":2}},"20":{"start":{"line":69,"column":4},"end":{"line":69,"column":36}},"21":{"start":{"line":71,"column":4},"end":{"line":71,"column":101}},"22":{"start":{"line":72,"column":4},"end":{"line":72,"column":88}},"23":{"start":{"line":74,"column":4},"end":{"line":74,"column":31}}},"branchMap":{"1":{"line":26,"type":"binary-expr","locations":[{"start":{"line":26,"column":14},"end":{"line":26,"column":21}},{"start":{"line":26,"column":25},"end":{"line":26,"column":27}}]},"2":{"line":57,"type":"if","locations":[{"start":{"line":57,"column":16},"end":{"line":57,"column":16}},{"start":{"line":57,"column":16},"end":{"line":57,"column":16}}]}}},"/mnt/safe/node/radic/lib/git/curl.js":{"path":"/mnt/safe/node/radic/lib/git/curl.js","s":{"1":1,"2":1,"3":0,"4":0,"5":0,"6":0,"7":1,"8":0,"9":0,"10":0,"11":0,"12":0,"13":0,"14":0,"15":0,"16":0,"17":0,"18":0,"19":1,"20":0,"21":0,"22":0,"23":0,"24":0,"25":0,"26":0,"27":1,"28":0,"29":0,"30":0,"31":0,"32":0,"33":0,"34":0,"35":0,"36":0,"37":0,"38":0,"39":0,"40":0},"b":{"1":[0,0],"2":[0,0],"3":[0,0],"4":[0,0],"5":[0,0],"6":[0,0]},"f":{"1":0,"2":0,"3":0,"4":0,"5":0,"6":0,"7":0,"8":0,"9":0,"10":0},"fnMap":{"1":{"name":"getNewError","line":7,"loc":{"start":{"line":7,"column":0},"end":{"line":7,"column":41}}},"2":{"name":"parse","line":14,"loc":{"start":{"line":14,"column":0},"end":{"line":14,"column":28}}},"3":{"name":"run","line":37,"loc":{"start":{"line":37,"column":0},"end":{"line":37,"column":31}}},"4":{"name":"(anonymous_4)","line":39,"loc":{"start":{"line":39,"column":18},"end":{"line":39,"column":51}}},"5":{"name":"(anonymous_5)","line":48,"loc":{"start":{"line":48,"column":21},"end":{"line":48,"column":36}}},"6":{"name":"(anonymous_6)","line":53,"loc":{"start":{"line":53,"column":17},"end":{"line":53,"column":48}}},"7":{"name":"(anonymous_7)","line":56,"loc":{"start":{"line":56,"column":13},"end":{"line":56,"column":43}}},"8":{"name":"(anonymous_8)","line":72,"loc":{"start":{"line":72,"column":14},"end":{"line":72,"column":44}}},"9":{"name":"(anonymous_9)","line":78,"loc":{"start":{"line":78,"column":13},"end":{"line":78,"column":43}}},"10":{"name":"(anonymous_10)","line":86,"loc":{"start":{"line":86,"column":13},"end":{"line":86,"column":37}}}},"statementMap":{"1":{"start":{"line":2,"column":0},"end":{"line":5,"column":26}},"2":{"start":{"line":7,"column":0},"end":{"line":12,"column":1}},"3":{"start":{"line":8,"column":4},"end":{"line":8,"column":29}},"4":{"start":{"line":9,"column":4},"end":{"line":9,"column":23}},"5":{"start":{"line":10,"column":4},"end":{"line":10,"column":25}},"6":{"start":{"line":11,"column":4},"end":{"line":11,"column":14}},"7":{"start":{"line":14,"column":0},"end":{"line":35,"column":1}},"8":{"start":{"line":15,"column":4},"end":{"line":20,"column":5}},"9":{"start":{"line":16,"column":8},"end":{"line":19,"column":10}},"10":{"start":{"line":21,"column":4},"end":{"line":23,"column":5}},"11":{"start":{"line":22,"column":8},"end":{"line":22,"column":39}},"12":{"start":{"line":24,"column":4},"end":{"line":26,"column":5}},"13":{"start":{"line":25,"column":8},"end":{"line":25,"column":39}},"14":{"start":{"line":27,"column":4},"end":{"line":29,"column":5}},"15":{"start":{"line":28,"column":8},"end":{"line":28,"column":20}},"16":{"start":{"line":30,"column":4},"end":{"line":34,"column":5}},"17":{"start":{"line":31,"column":8},"end":{"line":31,"column":34}},"18":{"start":{"line":33,"column":8},"end":{"line":33,"column":52}},"19":{"start":{"line":37,"column":0},"end":{"line":51,"column":1}},"20":{"start":{"line":39,"column":4},"end":{"line":50,"column":11}},"21":{"start":{"line":40,"column":8},"end":{"line":46,"column":9}},"22":{"start":{"line":41,"column":12},"end":{"line":41,"column":46}},"23":{"start":{"line":42,"column":12},"end":{"line":42,"column":31}},"24":{"start":{"line":44,"column":12},"end":{"line":44,"column":46}},"25":{"start":{"line":45,"column":12},"end":{"line":45,"column":24}},"26":{"start":{"line":49,"column":12},"end":{"line":49,"column":26}},"27":{"start":{"line":53,"column":0},"end":{"line":91,"column":2}},"28":{"start":{"line":55,"column":4},"end":{"line":90,"column":6}},"29":{"start":{"line":57,"column":12},"end":{"line":57,"column":89}},"30":{"start":{"line":58,"column":12},"end":{"line":60,"column":13}},"31":{"start":{"line":59,"column":16},"end":{"line":59,"column":61}},"32":{"start":{"line":69,"column":12},"end":{"line":69,"column":34}},"33":{"start":{"line":73,"column":12},"end":{"line":73,"column":164}},"34":{"start":{"line":75,"column":12},"end":{"line":75,"column":34}},"35":{"start":{"line":79,"column":12},"end":{"line":81,"column":13}},"36":{"start":{"line":80,"column":16},"end":{"line":80,"column":28}},"37":{"start":{"line":82,"column":12},"end":{"line":82,"column":178}},"38":{"start":{"line":83,"column":12},"end":{"line":83,"column":34}},"39":{"start":{"line":87,"column":12},"end":{"line":87,"column":100}},"40":{"start":{"line":88,"column":12},"end":{"line":88,"column":34}}},"branchMap":{"1":{"line":15,"type":"if","locations":[{"start":{"line":15,"column":4},"end":{"line":15,"column":4}},{"start":{"line":15,"column":4},"end":{"line":15,"column":4}}]},"2":{"line":21,"type":"if","locations":[{"start":{"line":21,"column":4},"end":{"line":21,"column":4}},{"start":{"line":21,"column":4},"end":{"line":21,"column":4}}]},"3":{"line":24,"type":"if","locations":[{"start":{"line":24,"column":4},"end":{"line":24,"column":4}},{"start":{"line":24,"column":4},"end":{"line":24,"column":4}}]},"4":{"line":27,"type":"if","locations":[{"start":{"line":27,"column":4},"end":{"line":27,"column":4}},{"start":{"line":27,"column":4},"end":{"line":27,"column":4}}]},"5":{"line":58,"type":"if","locations":[{"start":{"line":58,"column":12},"end":{"line":58,"column":12}},{"start":{"line":58,"column":12},"end":{"line":58,"column":12}}]},"6":{"line":79,"type":"if","locations":[{"start":{"line":79,"column":12},"end":{"line":79,"column":12}},{"start":{"line":79,"column":12},"end":{"line":79,"column":12}}]}}},"/mnt/safe/node/radic/lib/sh.js":{"path":"/mnt/safe/node/radic/lib/sh.js","s":{"1":1,"2":1,"3":0,"4":0,"5":0,"6":0,"7":0,"8":0,"9":0,"10":0,"11":0,"12":0,"13":0,"14":0,"15":0,"16":0,"17":0,"18":0,"19":0,"20":0,"21":0,"22":0,"23":0,"24":0,"25":0,"26":0,"27":0,"28":0,"29":0,"30":0,"31":0,"32":0,"33":0,"34":0,"35":0,"36":0,"37":0,"38":0,"39":1,"40":0,"41":1,"42":0,"43":1,"44":0,"45":1},"b":{"1":[0,0],"2":[0,0],"3":[0,0],"4":[0,0],"5":[0,0],"6":[0,0],"7":[0,0],"8":[0,0],"9":[0,0],"10":[0,0],"11":[0,0],"12":[0,0],"13":[0,0],"14":[0,0],"15":[0,0]},"f":{"1":0,"2":0,"3":0,"4":0,"5":0,"6":0,"7":0,"8":0,"9":0,"10":0,"11":0},"fnMap":{"1":{"name":"(anonymous_1)","line":22,"loc":{"start":{"line":22,"column":15},"end":{"line":22,"column":55}}},"2":{"name":"(anonymous_2)","line":49,"loc":{"start":{"line":49,"column":44},"end":{"line":49,"column":56}}},"3":{"name":"(anonymous_3)","line":51,"loc":{"start":{"line":51,"column":42},"end":{"line":51,"column":54}}},"4":{"name":"(anonymous_4)","line":53,"loc":{"start":{"line":53,"column":42},"end":{"line":53,"column":54}}},"5":{"name":"(anonymous_5)","line":66,"loc":{"start":{"line":66,"column":27},"end":{"line":66,"column":43}}},"6":{"name":"(anonymous_6)","line":72,"loc":{"start":{"line":72,"column":27},"end":{"line":72,"column":43}}},"7":{"name":"(anonymous_7)","line":78,"loc":{"start":{"line":78,"column":20},"end":{"line":78,"column":36}}},"8":{"name":"(anonymous_8)","line":99,"loc":{"start":{"line":99,"column":19},"end":{"line":99,"column":31}}},"9":{"name":"(anonymous_9)","line":103,"loc":{"start":{"line":103,"column":19},"end":{"line":103,"column":35}}},"10":{"name":"(anonymous_10)","line":113,"loc":{"start":{"line":113,"column":14},"end":{"line":113,"column":46}}},"11":{"name":"(anonymous_11)","line":118,"loc":{"start":{"line":118,"column":12},"end":{"line":118,"column":24}}}},"statementMap":{"1":{"start":{"line":5,"column":0},"end":{"line":11,"column":29}},"2":{"start":{"line":22,"column":0},"end":{"line":89,"column":2}},"3":{"start":{"line":24,"column":4},"end":{"line":32,"column":5}},"4":{"start":{"line":25,"column":8},"end":{"line":25,"column":24}},"5":{"start":{"line":26,"column":8},"end":{"line":26,"column":18}},"6":{"start":{"line":27,"column":8},"end":{"line":27,"column":17}},"7":{"start":{"line":28,"column":11},"end":{"line":32,"column":5}},"8":{"start":{"line":29,"column":8},"end":{"line":29,"column":23}},"9":{"start":{"line":30,"column":8},"end":{"line":30,"column":19}},"10":{"start":{"line":31,"column":8},"end":{"line":31,"column":18}},"11":{"start":{"line":35,"column":4},"end":{"line":38,"column":5}},"12":{"start":{"line":36,"column":8},"end":{"line":36,"column":23}},"13":{"start":{"line":37,"column":8},"end":{"line":37,"column":17}},"14":{"start":{"line":41,"column":4},"end":{"line":41,"column":50}},"15":{"start":{"line":41,"column":19},"end":{"line":41,"column":50}},"16":{"start":{"line":43,"column":4},"end":{"line":43,"column":23}},"17":{"start":{"line":45,"column":4},"end":{"line":47,"column":5}},"18":{"start":{"line":46,"column":8},"end":{"line":46,"column":29}},"19":{"start":{"line":49,"column":4},"end":{"line":50,"column":6}},"20":{"start":{"line":49,"column":26},"end":{"line":50,"column":6}},"21":{"start":{"line":51,"column":4},"end":{"line":52,"column":6}},"22":{"start":{"line":51,"column":25},"end":{"line":52,"column":6}},"23":{"start":{"line":53,"column":4},"end":{"line":54,"column":6}},"24":{"start":{"line":53,"column":25},"end":{"line":54,"column":6}},"25":{"start":{"line":57,"column":4},"end":{"line":61,"column":6}},"26":{"start":{"line":64,"column":4},"end":{"line":64,"column":83}},"27":{"start":{"line":66,"column":4},"end":{"line":70,"column":7}},"28":{"start":{"line":67,"column":8},"end":{"line":67,"column":26}},"29":{"start":{"line":69,"column":8},"end":{"line":69,"column":29}},"30":{"start":{"line":72,"column":4},"end":{"line":76,"column":7}},"31":{"start":{"line":73,"column":8},"end":{"line":73,"column":26}},"32":{"start":{"line":75,"column":8},"end":{"line":75,"column":30}},"33":{"start":{"line":78,"column":4},"end":{"line":85,"column":7}},"34":{"start":{"line":80,"column":8},"end":{"line":84,"column":9}},"35":{"start":{"line":81,"column":12},"end":{"line":81,"column":105}},"36":{"start":{"line":82,"column":15},"end":{"line":84,"column":9}},"37":{"start":{"line":83,"column":12},"end":{"line":83,"column":33}},"38":{"start":{"line":87,"column":4},"end":{"line":87,"column":16}},"39":{"start":{"line":99,"column":0},"end":{"line":101,"column":2}},"40":{"start":{"line":100,"column":4},"end":{"line":101,"column":0}},"41":{"start":{"line":103,"column":0},"end":{"line":105,"column":2}},"42":{"start":{"line":104,"column":4},"end":{"line":104,"column":54}},"43":{"start":{"line":113,"column":0},"end":{"line":116,"column":2}},"44":{"start":{"line":114,"column":4},"end":{"line":114,"column":72}},"45":{"start":{"line":118,"column":0},"end":{"line":120,"column":2}}},"branchMap":{"1":{"line":24,"type":"if","locations":[{"start":{"line":24,"column":4},"end":{"line":24,"column":4}},{"start":{"line":24,"column":4},"end":{"line":24,"column":4}}]},"2":{"line":28,"type":"if","locations":[{"start":{"line":28,"column":11},"end":{"line":28,"column":11}},{"start":{"line":28,"column":11},"end":{"line":28,"column":11}}]},"3":{"line":35,"type":"if","locations":[{"start":{"line":35,"column":4},"end":{"line":35,"column":4}},{"start":{"line":35,"column":4},"end":{"line":35,"column":4}}]},"4":{"line":41,"type":"if","locations":[{"start":{"line":41,"column":4},"end":{"line":41,"column":4}},{"start":{"line":41,"column":4},"end":{"line":41,"column":4}}]},"5":{"line":41,"type":"binary-expr","locations":[{"start":{"line":41,"column":30},"end":{"line":41,"column":42}},{"start":{"line":41,"column":46},"end":{"line":41,"column":49}}]},"6":{"line":45,"type":"if","locations":[{"start":{"line":45,"column":4},"end":{"line":45,"column":4}},{"start":{"line":45,"column":4},"end":{"line":45,"column":4}}]},"7":{"line":49,"type":"if","locations":[{"start":{"line":49,"column":4},"end":{"line":49,"column":4}},{"start":{"line":49,"column":4},"end":{"line":49,"column":4}}]},"8":{"line":51,"type":"if","locations":[{"start":{"line":51,"column":4},"end":{"line":51,"column":4}},{"start":{"line":51,"column":4},"end":{"line":51,"column":4}}]},"9":{"line":53,"type":"if","locations":[{"start":{"line":53,"column":4},"end":{"line":53,"column":4}},{"start":{"line":53,"column":4},"end":{"line":53,"column":4}}]},"10":{"line":64,"type":"binary-expr","locations":[{"start":{"line":64,"column":30},"end":{"line":64,"column":38}},{"start":{"line":64,"column":42},"end":{"line":64,"column":46}}]},"11":{"line":80,"type":"if","locations":[{"start":{"line":80,"column":8},"end":{"line":80,"column":8}},{"start":{"line":80,"column":8},"end":{"line":80,"column":8}}]},"12":{"line":81,"type":"cond-expr","locations":[{"start":{"line":81,"column":37},"end":{"line":81,"column":53}},{"start":{"line":81,"column":56},"end":{"line":81,"column":61}}]},"13":{"line":81,"type":"cond-expr","locations":[{"start":{"line":81,"column":79},"end":{"line":81,"column":95}},{"start":{"line":81,"column":98},"end":{"line":81,"column":103}}]},"14":{"line":82,"type":"if","locations":[{"start":{"line":82,"column":15},"end":{"line":82,"column":15}},{"start":{"line":82,"column":15},"end":{"line":82,"column":15}}]},"15":{"line":114,"type":"cond-expr","locations":[{"start":{"line":114,"column":51},"end":{"line":114,"column":65}},{"start":{"line":114,"column":68},"end":{"line":114,"column":70}}]}}},"/mnt/safe/node/radic/lib/cli/index.js":{"path":"/mnt/safe/node/radic/lib/cli/index.js","s":{"1":1,"2":1,"3":1,"4":1,"5":1,"6":25,"7":1,"8":0,"9":1,"10":0,"11":1,"12":0,"13":1,"14":0,"15":0,"16":0,"17":0,"18":0,"19":0,"20":0,"21":0,"22":0,"23":0,"24":0,"25":0,"26":0,"27":0,"28":0,"29":0,"30":0,"31":0,"32":0,"33":1,"34":1,"35":0,"36":0,"37":0,"38":0,"39":0,"40":1,"41":0,"42":1,"43":0,"44":1,"45":0,"46":1,"47":6,"48":0,"49":0,"50":0,"51":0,"52":0,"53":0,"54":0,"55":0,"56":0},"b":{"1":[0,0],"2":[0,0],"3":[0,0],"4":[0,0],"5":[0,0],"6":[0,0],"7":[0,0],"8":[0,0],"9":[0,0],"10":[0,0]},"f":{"1":25,"2":0,"3":0,"4":0,"5":0,"6":0,"7":0,"8":0,"9":0,"10":0,"11":0,"12":0,"13":6,"14":0},"fnMap":{"1":{"name":"(anonymous_1)","line":44,"loc":{"start":{"line":44,"column":20},"end":{"line":44,"column":35}}},"2":{"name":"(anonymous_2)","line":60,"loc":{"start":{"line":60,"column":12},"end":{"line":60,"column":46}}},"3":{"name":"(anonymous_3)","line":70,"loc":{"start":{"line":70,"column":14},"end":{"line":70,"column":30}}},"4":{"name":"(anonymous_4)","line":78,"loc":{"start":{"line":78,"column":12},"end":{"line":78,"column":25}}},"5":{"name":"(anonymous_5)","line":86,"loc":{"start":{"line":86,"column":12},"end":{"line":86,"column":28}}},"6":{"name":"(anonymous_6)","line":87,"loc":{"start":{"line":87,"column":26},"end":{"line":87,"column":45}}},"7":{"name":"(anonymous_7)","line":103,"loc":{"start":{"line":103,"column":34},"end":{"line":103,"column":54}}},"8":{"name":"(anonymous_8)","line":115,"loc":{"start":{"line":115,"column":37},"end":{"line":115,"column":57}}},"9":{"name":"(anonymous_9)","line":144,"loc":{"start":{"line":144,"column":10},"end":{"line":144,"column":20}}},"10":{"name":"(anonymous_10)","line":151,"loc":{"start":{"line":151,"column":12},"end":{"line":151,"column":25}}},"11":{"name":"(anonymous_11)","line":154,"loc":{"start":{"line":154,"column":12},"end":{"line":154,"column":25}}},"12":{"name":"(anonymous_12)","line":157,"loc":{"start":{"line":157,"column":14},"end":{"line":157,"column":27}}},"13":{"name":"(anonymous_13)","line":162,"loc":{"start":{"line":162,"column":16},"end":{"line":162,"column":38}}},"14":{"name":"(anonymous_14)","line":163,"loc":{"start":{"line":163,"column":20},"end":{"line":163,"column":35}}}},"statementMap":{"1":{"start":{"line":1,"column":0},"end":{"line":11,"column":31}},"2":{"start":{"line":34,"column":0},"end":{"line":40,"column":2}},"3":{"start":{"line":41,"column":0},"end":{"line":41,"column":21}},"4":{"start":{"line":43,"column":0},"end":{"line":43,"column":270}},"5":{"start":{"line":44,"column":0},"end":{"line":46,"column":3}},"6":{"start":{"line":45,"column":4},"end":{"line":45,"column":30}},"7":{"start":{"line":60,"column":0},"end":{"line":62,"column":2}},"8":{"start":{"line":61,"column":4},"end":{"line":62,"column":0}},"9":{"start":{"line":70,"column":0},"end":{"line":72,"column":2}},"10":{"start":{"line":71,"column":4},"end":{"line":71,"column":34}},"11":{"start":{"line":78,"column":0},"end":{"line":80,"column":2}},"12":{"start":{"line":79,"column":4},"end":{"line":79,"column":21}},"13":{"start":{"line":86,"column":0},"end":{"line":134,"column":2}},"14":{"start":{"line":87,"column":4},"end":{"line":123,"column":18}},"15":{"start":{"line":89,"column":8},"end":{"line":93,"column":10}},"16":{"start":{"line":95,"column":8},"end":{"line":111,"column":9}},"17":{"start":{"line":96,"column":12},"end":{"line":98,"column":48}},"18":{"start":{"line":103,"column":12},"end":{"line":105,"column":15}},"19":{"start":{"line":104,"column":16},"end":{"line":104,"column":39}},"20":{"start":{"line":107,"column":12},"end":{"line":107,"column":96}},"21":{"start":{"line":109,"column":13},"end":{"line":111,"column":9}},"22":{"start":{"line":110,"column":12},"end":{"line":110,"column":41}},"23":{"start":{"line":113,"column":8},"end":{"line":119,"column":9}},"24":{"start":{"line":114,"column":12},"end":{"line":114,"column":68}},"25":{"start":{"line":115,"column":12},"end":{"line":117,"column":15}},"26":{"start":{"line":116,"column":16},"end":{"line":116,"column":47}},"27":{"start":{"line":118,"column":12},"end":{"line":118,"column":99}},"28":{"start":{"line":120,"column":8},"end":{"line":120,"column":46}},"29":{"start":{"line":126,"column":4},"end":{"line":126,"column":29}},"30":{"start":{"line":129,"column":4},"end":{"line":129,"column":23}},"31":{"start":{"line":131,"column":4},"end":{"line":133,"column":5}},"32":{"start":{"line":132,"column":8},"end":{"line":132,"column":24}},"33":{"start":{"line":136,"column":0},"end":{"line":143,"column":2}},"34":{"start":{"line":144,"column":0},"end":{"line":150,"column":2}},"35":{"start":{"line":145,"column":4},"end":{"line":145,"column":36}},"36":{"start":{"line":146,"column":4},"end":{"line":146,"column":19}},"37":{"start":{"line":147,"column":4},"end":{"line":147,"column":48}},"38":{"start":{"line":148,"column":4},"end":{"line":148,"column":47}},"39":{"start":{"line":149,"column":4},"end":{"line":149,"column":24}},"40":{"start":{"line":151,"column":0},"end":{"line":153,"column":2}},"41":{"start":{"line":152,"column":4},"end":{"line":152,"column":26}},"42":{"start":{"line":154,"column":0},"end":{"line":156,"column":2}},"43":{"start":{"line":155,"column":4},"end":{"line":155,"column":20}},"44":{"start":{"line":157,"column":0},"end":{"line":159,"column":2}},"45":{"start":{"line":158,"column":4},"end":{"line":158,"column":26}},"46":{"start":{"line":162,"column":0},"end":{"line":179,"column":3}},"47":{"start":{"line":163,"column":4},"end":{"line":178,"column":6}},"48":{"start":{"line":165,"column":8},"end":{"line":167,"column":9}},"49":{"start":{"line":168,"column":8},"end":{"line":168,"column":35}},"50":{"start":{"line":169,"column":8},"end":{"line":169,"column":68}},"51":{"start":{"line":170,"column":8},"end":{"line":176,"column":9}},"52":{"start":{"line":171,"column":12},"end":{"line":173,"column":13}},"53":{"start":{"line":172,"column":16},"end":{"line":172,"column":42}},"54":{"start":{"line":175,"column":12},"end":{"line":175,"column":38}},"55":{"start":{"line":177,"column":8},"end":{"line":177,"column":44}},"56":{"start":{"line":177,"column":29},"end":{"line":177,"column":44}}},"branchMap":{"1":{"line":95,"type":"if","locations":[{"start":{"line":95,"column":8},"end":{"line":95,"column":8}},{"start":{"line":95,"column":8},"end":{"line":95,"column":8}}]},"2":{"line":109,"type":"if","locations":[{"start":{"line":109,"column":13},"end":{"line":109,"column":13}},{"start":{"line":109,"column":13},"end":{"line":109,"column":13}}]},"3":{"line":113,"type":"if","locations":[{"start":{"line":113,"column":8},"end":{"line":113,"column":8}},{"start":{"line":113,"column":8},"end":{"line":113,"column":8}}]},"4":{"line":131,"type":"if","locations":[{"start":{"line":131,"column":4},"end":{"line":131,"column":4}},{"start":{"line":131,"column":4},"end":{"line":131,"column":4}}]},"5":{"line":147,"type":"cond-expr","locations":[{"start":{"line":147,"column":31},"end":{"line":147,"column":37}},{"start":{"line":147,"column":40},"end":{"line":147,"column":47}}]},"6":{"line":148,"type":"cond-expr","locations":[{"start":{"line":148,"column":29},"end":{"line":148,"column":36}},{"start":{"line":148,"column":39},"end":{"line":148,"column":46}}]},"7":{"line":165,"type":"if","locations":[{"start":{"line":165,"column":8},"end":{"line":165,"column":8}},{"start":{"line":165,"column":8},"end":{"line":165,"column":8}}]},"8":{"line":170,"type":"if","locations":[{"start":{"line":170,"column":8},"end":{"line":170,"column":8}},{"start":{"line":170,"column":8},"end":{"line":170,"column":8}}]},"9":{"line":171,"type":"if","locations":[{"start":{"line":171,"column":12},"end":{"line":171,"column":12}},{"start":{"line":171,"column":12},"end":{"line":171,"column":12}}]},"10":{"line":177,"type":"if","locations":[{"start":{"line":177,"column":8},"end":{"line":177,"column":8}},{"start":{"line":177,"column":8},"end":{"line":177,"column":8}}]}}},"/mnt/safe/node/radic/lib/cli/command.js":{"path":"/mnt/safe/node/radic/lib/cli/command.js","s":{"1":1,"2":0,"3":0,"4":1,"5":0,"6":0,"7":1,"8":0,"9":0,"10":1,"11":0,"12":0,"13":1,"14":0,"15":0,"16":1,"17":0,"18":0},"b":{},"f":{"1":0,"2":0,"3":0,"4":0,"5":0,"6":0},"fnMap":{"1":{"name":"Command","line":1,"loc":{"start":{"line":1,"column":31},"end":{"line":1,"column":59}}},"2":{"name":"(anonymous_2)","line":11,"loc":{"start":{"line":11,"column":26},"end":{"line":11,"column":41}}},"3":{"name":"(anonymous_3)","line":16,"loc":{"start":{"line":16,"column":26},"end":{"line":16,"column":41}}},"4":{"name":"(anonymous_4)","line":21,"loc":{"start":{"line":21,"column":32},"end":{"line":21,"column":53}}},"5":{"name":"(anonymous_5)","line":28,"loc":{"start":{"line":28,"column":29},"end":{"line":28,"column":47}}},"6":{"name":"(anonymous_6)","line":33,"loc":{"start":{"line":33,"column":27},"end":{"line":33,"column":43}}}},"statementMap":{"1":{"start":{"line":1,"column":0},"end":{"line":8,"column":2}},"2":{"start":{"line":2,"column":4},"end":{"line":2,"column":19}},"3":{"start":{"line":3,"column":4},"end":{"line":7,"column":6}},"4":{"start":{"line":11,"column":0},"end":{"line":14,"column":2}},"5":{"start":{"line":12,"column":4},"end":{"line":12,"column":31}},"6":{"start":{"line":13,"column":4},"end":{"line":13,"column":16}},"7":{"start":{"line":16,"column":0},"end":{"line":19,"column":2}},"8":{"start":{"line":17,"column":4},"end":{"line":17,"column":31}},"9":{"start":{"line":18,"column":4},"end":{"line":18,"column":16}},"10":{"start":{"line":21,"column":0},"end":{"line":24,"column":2}},"11":{"start":{"line":22,"column":4},"end":{"line":22,"column":43}},"12":{"start":{"line":23,"column":4},"end":{"line":23,"column":16}},"13":{"start":{"line":28,"column":0},"end":{"line":31,"column":2}},"14":{"start":{"line":29,"column":4},"end":{"line":29,"column":37}},"15":{"start":{"line":30,"column":4},"end":{"line":30,"column":16}},"16":{"start":{"line":33,"column":0},"end":{"line":36,"column":2}},"17":{"start":{"line":34,"column":3},"end":{"line":34,"column":32}},"18":{"start":{"line":35,"column":3},"end":{"line":35,"column":41}}},"branchMap":{}},"/mnt/safe/node/radic/lib/cli/table.js":{"path":"/mnt/safe/node/radic/lib/cli/table.js","s":{"1":1,"2":1,"3":1,"4":1,"5":0,"6":1,"7":1,"8":1,"9":0,"10":0,"11":0,"12":1,"13":0,"14":0,"15":1,"16":0,"17":0,"18":0,"19":0,"20":0,"21":0,"22":0,"23":1,"24":0,"25":0,"26":0,"27":0,"28":0,"29":0,"30":1,"31":0},"b":{"1":[0,0],"2":[0,0],"3":[0,0],"4":[0,0],"5":[0,0]},"f":{"1":0,"2":0,"3":0,"4":0,"5":0,"6":0,"7":0},"fnMap":{"1":{"name":"Table","line":74,"loc":{"start":{"line":74,"column":0},"end":{"line":74,"column":39}}},"2":{"name":"(anonymous_2)","line":92,"loc":{"start":{"line":92,"column":22},"end":{"line":92,"column":34}}},"3":{"name":"(anonymous_3)","line":102,"loc":{"start":{"line":102,"column":23},"end":{"line":102,"column":35}}},"4":{"name":"(anonymous_4)","line":106,"loc":{"start":{"line":106,"column":28},"end":{"line":106,"column":59}}},"5":{"name":"(anonymous_5)","line":117,"loc":{"start":{"line":117,"column":28},"end":{"line":117,"column":59}}},"6":{"name":"(anonymous_6)","line":123,"loc":{"start":{"line":123,"column":21},"end":{"line":123,"column":40}}},"7":{"name":"(anonymous_7)","line":130,"loc":{"start":{"line":130,"column":23},"end":{"line":130,"column":35}}}},"statementMap":{"1":{"start":{"line":1,"column":0},"end":{"line":1,"column":36}},"2":{"start":{"line":2,"column":0},"end":{"line":2,"column":30}},"3":{"start":{"line":6,"column":0},"end":{"line":65,"column":2}},"4":{"start":{"line":74,"column":0},"end":{"line":84,"column":1}},"5":{"start":{"line":76,"column":4},"end":{"line":83,"column":8}},"6":{"start":{"line":85,"column":0},"end":{"line":85,"column":31}},"7":{"start":{"line":86,"column":0},"end":{"line":86,"column":23}},"8":{"start":{"line":92,"column":0},"end":{"line":96,"column":2}},"9":{"start":{"line":93,"column":4},"end":{"line":93,"column":36}},"10":{"start":{"line":94,"column":4},"end":{"line":94,"column":20}},"11":{"start":{"line":95,"column":4},"end":{"line":95,"column":16}},"12":{"start":{"line":102,"column":0},"end":{"line":105,"column":2}},"13":{"start":{"line":103,"column":4},"end":{"line":103,"column":45}},"14":{"start":{"line":104,"column":4},"end":{"line":104,"column":16}},"15":{"start":{"line":106,"column":0},"end":{"line":115,"column":2}},"16":{"start":{"line":107,"column":4},"end":{"line":107,"column":50}},"17":{"start":{"line":108,"column":4},"end":{"line":108,"column":35}},"18":{"start":{"line":109,"column":4},"end":{"line":109,"column":58}},"19":{"start":{"line":110,"column":4},"end":{"line":110,"column":35}},"20":{"start":{"line":111,"column":4},"end":{"line":113,"column":5}},"21":{"start":{"line":112,"column":8},"end":{"line":112,"column":46}},"22":{"start":{"line":114,"column":4},"end":{"line":114,"column":16}},"23":{"start":{"line":117,"column":0},"end":{"line":128,"column":2}},"24":{"start":{"line":119,"column":4},"end":{"line":119,"column":68}},"25":{"start":{"line":121,"column":4},"end":{"line":121,"column":20}},"26":{"start":{"line":123,"column":4},"end":{"line":126,"column":7}},"27":{"start":{"line":124,"column":8},"end":{"line":124,"column":48}},"28":{"start":{"line":125,"column":8},"end":{"line":125,"column":46}},"29":{"start":{"line":127,"column":4},"end":{"line":127,"column":16}},"30":{"start":{"line":130,"column":0},"end":{"line":132,"column":2}},"31":{"start":{"line":131,"column":4},"end":{"line":131,"column":33}}},"branchMap":{"1":{"line":77,"type":"binary-expr","locations":[{"start":{"line":77,"column":31},"end":{"line":77,"column":37}},{"start":{"line":77,"column":41},"end":{"line":77,"column":50}}]},"2":{"line":82,"type":"binary-expr","locations":[{"start":{"line":82,"column":30},"end":{"line":82,"column":35}},{"start":{"line":82,"column":39},"end":{"line":82,"column":48}}]},"3":{"line":107,"type":"binary-expr","locations":[{"start":{"line":107,"column":14},"end":{"line":107,"column":21}},{"start":{"line":107,"column":25},"end":{"line":107,"column":49}}]},"4":{"line":108,"type":"binary-expr","locations":[{"start":{"line":108,"column":17},"end":{"line":108,"column":27}},{"start":{"line":108,"column":31},"end":{"line":108,"column":34}}]},"5":{"line":119,"type":"binary-expr","locations":[{"start":{"line":119,"column":16},"end":{"line":119,"column":25}},{"start":{"line":119,"column":29},"end":{"line":119,"column":67}}]}}},"/mnt/safe/node/radic/lib/vboxmanage.js":{"path":"/mnt/safe/node/radic/lib/vboxmanage.js","s":{"1":1,"2":1,"3":0,"4":0,"5":0,"6":0,"7":0,"8":0,"9":0,"10":0,"11":0,"12":0,"13":0,"14":0,"15":1,"16":0,"17":1,"18":1,"19":0,"20":0,"21":0,"22":0,"23":0,"24":0,"25":0,"26":0,"27":0},"b":{"1":[0,0],"2":[0,0],"3":[0,0],"4":[0,0],"5":[0,0],"6":[0,0],"7":[0,0]},"f":{"1":0,"2":0,"3":0,"4":0,"5":0,"6":0,"7":0},"fnMap":{"1":{"name":"createExecString","line":7,"loc":{"start":{"line":7,"column":0},"end":{"line":7,"column":31}}},"2":{"name":"(anonymous_2)","line":9,"loc":{"start":{"line":9,"column":20},"end":{"line":9,"column":36}}},"3":{"name":"(anonymous_3)","line":15,"loc":{"start":{"line":15,"column":27},"end":{"line":15,"column":46}}},"4":{"name":"vboxmanage","line":32,"loc":{"start":{"line":32,"column":0},"end":{"line":32,"column":21}}},"5":{"name":"(anonymous_5)","line":46,"loc":{"start":{"line":46,"column":19},"end":{"line":46,"column":29}}},"6":{"name":"(anonymous_6)","line":49,"loc":{"start":{"line":49,"column":20},"end":{"line":49,"column":36}}},"7":{"name":"(anonymous_7)","line":57,"loc":{"start":{"line":57,"column":33},"end":{"line":57,"column":62}}}},"statementMap":{"1":{"start":{"line":1,"column":0},"end":{"line":4,"column":25}},"2":{"start":{"line":7,"column":0},"end":{"line":26,"column":1}},"3":{"start":{"line":8,"column":4},"end":{"line":8,"column":27}},"4":{"start":{"line":9,"column":4},"end":{"line":23,"column":7}},"5":{"start":{"line":10,"column":8},"end":{"line":22,"column":9}},"6":{"start":{"line":11,"column":12},"end":{"line":11,"column":45}},"7":{"start":{"line":12,"column":15},"end":{"line":22,"column":9}},"8":{"start":{"line":13,"column":12},"end":{"line":13,"column":29}},"9":{"start":{"line":14,"column":15},"end":{"line":22,"column":9}},"10":{"start":{"line":15,"column":12},"end":{"line":21,"column":15}},"11":{"start":{"line":16,"column":16},"end":{"line":20,"column":17}},"12":{"start":{"line":17,"column":20},"end":{"line":17,"column":40}},"13":{"start":{"line":19,"column":20},"end":{"line":19,"column":68}},"14":{"start":{"line":25,"column":4},"end":{"line":25,"column":15}},"15":{"start":{"line":32,"column":0},"end":{"line":34,"column":1}},"16":{"start":{"line":33,"column":4},"end":{"line":33,"column":63}},"17":{"start":{"line":40,"column":0},"end":{"line":40,"column":28}},"18":{"start":{"line":46,"column":0},"end":{"line":61,"column":2}},"19":{"start":{"line":47,"column":4},"end":{"line":47,"column":36}},"20":{"start":{"line":48,"column":4},"end":{"line":48,"column":17}},"21":{"start":{"line":49,"column":4},"end":{"line":53,"column":7}},"22":{"start":{"line":50,"column":8},"end":{"line":52,"column":9}},"23":{"start":{"line":51,"column":12},"end":{"line":51,"column":27}},"24":{"start":{"line":54,"column":4},"end":{"line":56,"column":5}},"25":{"start":{"line":55,"column":8},"end":{"line":56,"column":4}},"26":{"start":{"line":57,"column":4},"end":{"line":59,"column":7}},"27":{"start":{"line":58,"column":8},"end":{"line":58,"column":30}}},"branchMap":{"1":{"line":10,"type":"if","locations":[{"start":{"line":10,"column":8},"end":{"line":10,"column":8}},{"start":{"line":10,"column":8},"end":{"line":10,"column":8}}]},"2":{"line":12,"type":"if","locations":[{"start":{"line":12,"column":15},"end":{"line":12,"column":15}},{"start":{"line":12,"column":15},"end":{"line":12,"column":15}}]},"3":{"line":14,"type":"if","locations":[{"start":{"line":14,"column":15},"end":{"line":14,"column":15}},{"start":{"line":14,"column":15},"end":{"line":14,"column":15}}]},"4":{"line":16,"type":"if","locations":[{"start":{"line":16,"column":16},"end":{"line":16,"column":16}},{"start":{"line":16,"column":16},"end":{"line":16,"column":16}}]},"5":{"line":50,"type":"if","locations":[{"start":{"line":50,"column":8},"end":{"line":50,"column":8}},{"start":{"line":50,"column":8},"end":{"line":50,"column":8}}]},"6":{"line":50,"type":"binary-expr","locations":[{"start":{"line":50,"column":12},"end":{"line":50,"column":37}},{"start":{"line":50,"column":41},"end":{"line":50,"column":64}}]},"7":{"line":54,"type":"if","locations":[{"start":{"line":54,"column":4},"end":{"line":54,"column":4}},{"start":{"line":54,"column":4},"end":{"line":54,"column":4}}]}}},"/mnt/safe/node/radic/lib/net/index.js":{"path":"/mnt/safe/node/radic/lib/net/index.js","s":{"1":1,"2":1,"3":0,"4":0,"5":0,"6":0,"7":0,"8":0,"9":1,"10":1,"11":1,"12":0,"13":0,"14":0,"15":0,"16":0,"17":0,"18":0,"19":0,"20":0,"21":0,"22":0,"23":0,"24":0,"25":0},"b":{"1":[0,0],"2":[0,0],"3":[0,0],"4":[0,0],"5":[0,0]},"f":{"1":0,"2":0,"3":0,"4":0,"5":0,"6":0,"7":0},"fnMap":{"1":{"name":"_download","line":9,"loc":{"start":{"line":9,"column":0},"end":{"line":9,"column":49}}},"2":{"name":"(anonymous_2)","line":15,"loc":{"start":{"line":15,"column":17},"end":{"line":15,"column":47}}},"3":{"name":"(anonymous_3)","line":43,"loc":{"start":{"line":43,"column":15},"end":{"line":43,"column":55}}},"4":{"name":"(anonymous_4)","line":58,"loc":{"start":{"line":58,"column":23},"end":{"line":58,"column":42}}},"5":{"name":"(anonymous_5)","line":59,"loc":{"start":{"line":59,"column":23},"end":{"line":59,"column":37}}},"6":{"name":"(anonymous_6)","line":60,"loc":{"start":{"line":60,"column":47},"end":{"line":60,"column":59}}},"7":{"name":"(anonymous_7)","line":65,"loc":{"start":{"line":65,"column":31},"end":{"line":65,"column":46}}}},"statementMap":{"1":{"start":{"line":1,"column":0},"end":{"line":6,"column":30}},"2":{"start":{"line":9,"column":0},"end":{"line":24,"column":1}},"3":{"start":{"line":10,"column":4},"end":{"line":13,"column":25}},"4":{"start":{"line":15,"column":4},"end":{"line":23,"column":7}},"5":{"start":{"line":16,"column":8},"end":{"line":18,"column":9}},"6":{"start":{"line":17,"column":12},"end":{"line":17,"column":22}},"7":{"start":{"line":20,"column":8},"end":{"line":22,"column":9}},"8":{"start":{"line":21,"column":12},"end":{"line":21,"column":41}},"9":{"start":{"line":30,"column":0},"end":{"line":30,"column":25}},"10":{"start":{"line":31,"column":0},"end":{"line":31,"column":21}},"11":{"start":{"line":43,"column":0},"end":{"line":72,"column":2}},"12":{"start":{"line":45,"column":4},"end":{"line":48,"column":5}},"13":{"start":{"line":46,"column":8},"end":{"line":46,"column":24}},"14":{"start":{"line":47,"column":8},"end":{"line":47,"column":18}},"15":{"start":{"line":56,"column":4},"end":{"line":71,"column":5}},"16":{"start":{"line":57,"column":8},"end":{"line":57,"column":23}},"17":{"start":{"line":58,"column":8},"end":{"line":64,"column":11}},"18":{"start":{"line":59,"column":12},"end":{"line":64,"column":8}},"19":{"start":{"line":60,"column":16},"end":{"line":62,"column":19}},"20":{"start":{"line":61,"column":20},"end":{"line":61,"column":27}},"21":{"start":{"line":65,"column":8},"end":{"line":68,"column":11}},"22":{"start":{"line":66,"column":12},"end":{"line":66,"column":31}},"23":{"start":{"line":66,"column":21},"end":{"line":66,"column":31}},"24":{"start":{"line":67,"column":12},"end":{"line":67,"column":26}},"25":{"start":{"line":70,"column":8},"end":{"line":70,"column":48}}},"branchMap":{"1":{"line":16,"type":"if","locations":[{"start":{"line":16,"column":8},"end":{"line":16,"column":8}},{"start":{"line":16,"column":8},"end":{"line":16,"column":8}}]},"2":{"line":20,"type":"if","locations":[{"start":{"line":20,"column":8},"end":{"line":20,"column":8}},{"start":{"line":20,"column":8},"end":{"line":20,"column":8}}]},"3":{"line":45,"type":"if","locations":[{"start":{"line":45,"column":4},"end":{"line":45,"column":4}},{"start":{"line":45,"column":4},"end":{"line":45,"column":4}}]},"4":{"line":56,"type":"if","locations":[{"start":{"line":56,"column":4},"end":{"line":56,"column":4}},{"start":{"line":56,"column":4},"end":{"line":56,"column":4}}]},"5":{"line":66,"type":"if","locations":[{"start":{"line":66,"column":12},"end":{"line":66,"column":12}},{"start":{"line":66,"column":12},"end":{"line":66,"column":12}}]}}},"/mnt/safe/node/radic/lib/net/download.js":{"path":"/mnt/safe/node/radic/lib/net/download.js","s":{"1":1,"2":1,"3":1,"4":0,"5":0,"6":0,"7":0,"8":0,"9":0,"10":0,"11":0,"12":0,"13":0,"14":0,"15":0,"16":0,"17":0,"18":0,"19":0,"20":0,"21":0,"22":0},"b":{"1":[0,0],"2":[0,0]},"f":{"1":0,"2":0,"3":0},"fnMap":{"1":{"name":"(anonymous_1)","line":9,"loc":{"start":{"line":9,"column":25},"end":{"line":9,"column":49}}},"2":{"name":"(anonymous_2)","line":28,"loc":{"start":{"line":28,"column":19},"end":{"line":28,"column":35}}},"3":{"name":"(anonymous_3)","line":37,"loc":{"start":{"line":37,"column":18},"end":{"line":37,"column":30}}}},"statementMap":{"1":{"start":{"line":1,"column":0},"end":{"line":5,"column":30}},"2":{"start":{"line":7,"column":0},"end":{"line":7,"column":26}},"3":{"start":{"line":9,"column":0},"end":{"line":46,"column":2}},"4":{"start":{"line":10,"column":4},"end":{"line":10,"column":17}},"5":{"start":{"line":11,"column":4},"end":{"line":11,"column":16}},"6":{"start":{"line":12,"column":4},"end":{"line":12,"column":64}},"7":{"start":{"line":13,"column":4},"end":{"line":13,"column":49}},"8":{"start":{"line":14,"column":4},"end":{"line":14,"column":35}},"9":{"start":{"line":15,"column":4},"end":{"line":25,"column":5}},"10":{"start":{"line":16,"column":8},"end":{"line":19,"column":21}},"11":{"start":{"line":21,"column":8},"end":{"line":21,"column":34}},"12":{"start":{"line":22,"column":8},"end":{"line":22,"column":22}},"13":{"start":{"line":23,"column":8},"end":{"line":23,"column":16}},"14":{"start":{"line":24,"column":8},"end":{"line":24,"column":15}},"15":{"start":{"line":27,"column":4},"end":{"line":27,"column":24}},"16":{"start":{"line":28,"column":4},"end":{"line":33,"column":7}},"17":{"start":{"line":30,"column":8},"end":{"line":30,"column":28}},"18":{"start":{"line":32,"column":8},"end":{"line":32,"column":27}},"19":{"start":{"line":35,"column":4},"end":{"line":35,"column":28}},"20":{"start":{"line":37,"column":4},"end":{"line":45,"column":18}},"21":{"start":{"line":39,"column":8},"end":{"line":39,"column":22}},"22":{"start":{"line":40,"column":8},"end":{"line":44,"column":11}}},"branchMap":{"1":{"line":15,"type":"if","locations":[{"start":{"line":15,"column":4},"end":{"line":15,"column":4}},{"start":{"line":15,"column":4},"end":{"line":15,"column":4}}]},"2":{"line":15,"type":"binary-expr","locations":[{"start":{"line":15,"column":8},"end":{"line":15,"column":28}},{"start":{"line":15,"column":32},"end":{"line":15,"column":53}}]}}},"/mnt/safe/node/radic/lib/db/index.js":{"path":"/mnt/safe/node/radic/lib/db/index.js","s":{"1":1,"2":1,"3":2,"4":2,"5":2,"6":2,"7":2,"8":2,"9":1,"10":1,"11":1,"12":2,"13":1,"14":1,"15":1,"16":0,"17":1,"18":1},"b":{"1":[2,0],"2":[1,1],"3":[1,0]},"f":{"1":2,"2":0,"3":2,"4":1},"fnMap":{"1":{"name":"DB","line":25,"loc":{"start":{"line":25,"column":0},"end":{"line":25,"column":26}}},"2":{"name":"(anonymous_2)","line":31,"loc":{"start":{"line":31,"column":18},"end":{"line":31,"column":28}}},"3":{"name":"(anonymous_3)","line":56,"loc":{"start":{"line":56,"column":21},"end":{"line":56,"column":43}}},"4":{"name":"(anonymous_4)","line":71,"loc":{"start":{"line":71,"column":24},"end":{"line":71,"column":38}}}},"statementMap":{"1":{"start":{"line":1,"column":0},"end":{"line":8,"column":28}},"2":{"start":{"line":25,"column":0},"end":{"line":37,"column":1}},"3":{"start":{"line":26,"column":4},"end":{"line":26,"column":28}},"4":{"start":{"line":27,"column":4},"end":{"line":32,"column":6}},"5":{"start":{"line":33,"column":4},"end":{"line":33,"column":56}},"6":{"start":{"line":34,"column":4},"end":{"line":34,"column":22}},"7":{"start":{"line":35,"column":4},"end":{"line":35,"column":97}},"8":{"start":{"line":36,"column":4},"end":{"line":36,"column":49}},"9":{"start":{"line":44,"column":0},"end":{"line":44,"column":17}},"10":{"start":{"line":45,"column":0},"end":{"line":45,"column":20}},"11":{"start":{"line":56,"column":0},"end":{"line":64,"column":2}},"12":{"start":{"line":57,"column":4},"end":{"line":63,"column":5}},"13":{"start":{"line":58,"column":8},"end":{"line":58,"column":70}},"14":{"start":{"line":59,"column":11},"end":{"line":63,"column":5}},"15":{"start":{"line":60,"column":8},"end":{"line":60,"column":34}},"16":{"start":{"line":62,"column":8},"end":{"line":63,"column":4}},"17":{"start":{"line":71,"column":0},"end":{"line":73,"column":2}},"18":{"start":{"line":72,"column":4},"end":{"line":72,"column":44}}},"branchMap":{"1":{"line":26,"type":"binary-expr","locations":[{"start":{"line":26,"column":14},"end":{"line":26,"column":21}},{"start":{"line":26,"column":25},"end":{"line":26,"column":27}}]},"2":{"line":57,"type":"if","locations":[{"start":{"line":57,"column":4},"end":{"line":57,"column":4}},{"start":{"line":57,"column":4},"end":{"line":57,"column":4}}]},"3":{"line":59,"type":"if","locations":[{"start":{"line":59,"column":11},"end":{"line":59,"column":11}},{"start":{"line":59,"column":11},"end":{"line":59,"column":11}}]}}},"/mnt/safe/node/radic/lib/db/model.js":{"path":"/mnt/safe/node/radic/lib/db/model.js","s":{"1":1,"2":1,"3":1,"4":0,"5":1,"6":1,"7":1,"8":1,"9":1,"10":1,"11":2,"12":2,"13":2,"14":0,"15":2,"16":1,"17":1,"18":1,"19":1,"20":1,"21":1,"22":0,"23":1,"24":1,"25":1,"26":2,"27":1,"28":0},"b":{"1":[0,2],"2":[1,1],"3":[0,1]},"f":{"1":0,"2":1,"3":2,"4":2,"5":1,"6":1,"7":1,"8":0,"9":2,"10":0},"fnMap":{"1":{"name":"store","line":7,"loc":{"start":{"line":7,"column":0},"end":{"line":7,"column":31}}},"2":{"name":"Model","line":46,"loc":{"start":{"line":46,"column":0},"end":{"line":46,"column":32}}},"3":{"name":"(anonymous_3)","line":63,"loc":{"start":{"line":63,"column":25},"end":{"line":63,"column":49}}},"4":{"name":"(anonymous_4)","line":65,"loc":{"start":{"line":65,"column":42},"end":{"line":65,"column":65}}},"5":{"name":"(anonymous_5)","line":68,"loc":{"start":{"line":68,"column":29},"end":{"line":68,"column":52}}},"6":{"name":"(anonymous_6)","line":83,"loc":{"start":{"line":83,"column":25},"end":{"line":83,"column":47}}},"7":{"name":"(anonymous_7)","line":84,"loc":{"start":{"line":84,"column":17},"end":{"line":84,"column":35}}},"8":{"name":"(anonymous_8)","line":90,"loc":{"start":{"line":90,"column":23},"end":{"line":90,"column":51}}},"9":{"name":"(anonymous_9)","line":94,"loc":{"start":{"line":94,"column":22},"end":{"line":94,"column":44}}},"10":{"name":"(anonymous_10)","line":98,"loc":{"start":{"line":98,"column":25},"end":{"line":98,"column":43}}}},"statementMap":{"1":{"start":{"line":1,"column":0},"end":{"line":1,"column":32}},"2":{"start":{"line":2,"column":0},"end":{"line":5,"column":32}},"3":{"start":{"line":7,"column":0},"end":{"line":9,"column":1}},"4":{"start":{"line":8,"column":4},"end":{"line":8,"column":46}},"5":{"start":{"line":46,"column":0},"end":{"line":50,"column":1}},"6":{"start":{"line":47,"column":4},"end":{"line":47,"column":21}},"7":{"start":{"line":48,"column":4},"end":{"line":48,"column":25}},"8":{"start":{"line":49,"column":4},"end":{"line":49,"column":17}},"9":{"start":{"line":51,"column":0},"end":{"line":51,"column":23}},"10":{"start":{"line":63,"column":0},"end":{"line":72,"column":2}},"11":{"start":{"line":64,"column":4},"end":{"line":64,"column":42}},"12":{"start":{"line":65,"column":4},"end":{"line":71,"column":18}},"13":{"start":{"line":66,"column":8},"end":{"line":66,"column":37}},"14":{"start":{"line":66,"column":16},"end":{"line":66,"column":37}},"15":{"start":{"line":67,"column":8},"end":{"line":67,"column":81}},"16":{"start":{"line":67,"column":34},"end":{"line":67,"column":81}},"17":{"start":{"line":68,"column":8},"end":{"line":70,"column":11}},"18":{"start":{"line":69,"column":12},"end":{"line":70,"column":8}},"19":{"start":{"line":83,"column":0},"end":{"line":88,"column":2}},"20":{"start":{"line":84,"column":4},"end":{"line":88,"column":0}},"21":{"start":{"line":85,"column":8},"end":{"line":85,"column":37}},"22":{"start":{"line":85,"column":16},"end":{"line":85,"column":37}},"23":{"start":{"line":86,"column":8},"end":{"line":86,"column":50}},"24":{"start":{"line":90,"column":0},"end":{"line":92,"column":2}},"25":{"start":{"line":94,"column":0},"end":{"line":96,"column":2}},"26":{"start":{"line":95,"column":4},"end":{"line":96,"column":0}},"27":{"start":{"line":98,"column":0},"end":{"line":100,"column":2}},"28":{"start":{"line":99,"column":4},"end":{"line":99,"column":31}}},"branchMap":{"1":{"line":66,"type":"if","locations":[{"start":{"line":66,"column":8},"end":{"line":66,"column":8}},{"start":{"line":66,"column":8},"end":{"line":66,"column":8}}]},"2":{"line":67,"type":"if","locations":[{"start":{"line":67,"column":8},"end":{"line":67,"column":8}},{"start":{"line":67,"column":8},"end":{"line":67,"column":8}}]},"3":{"line":85,"type":"if","locations":[{"start":{"line":85,"column":8},"end":{"line":85,"column":8}},{"start":{"line":85,"column":8},"end":{"line":85,"column":8}}]}}}}