TN:
SF:/mnt/safe/node/radic/lib/index.js
FNF:0
FNH:0
DA:9,1
DA:22,1
LF:2
LH:2
BRF:0
BRH:0
end_of_record
TN:
SF:/mnt/safe/node/radic/lib/app.js
FN:6,(anonymous_1)
FN:7,App
FN:15,(anonymous_3)
FNF:3
FNH:2
FNDA:1,(anonymous_1)
FNDA:1,App
FNDA:0,(anonymous_3)
DA:1,1
DA:6,1
DA:7,1
DA:8,1
DA:9,1
DA:10,1
DA:11,1
DA:15,1
DA:16,0
DA:19,1
LF:10
LH:9
BRF:0
BRH:0
end_of_record
TN:
SF:/mnt/safe/node/radic/lib/util/index.js
FN:11,util
FNF:1
FNH:0
FNDA:0,util
DA:2,1
DA:11,1
DA:14,1
DA:15,1
DA:17,1
DA:18,1
LF:6
LH:6
BRF:0
BRH:0
end_of_record
TN:
SF:/mnt/safe/node/radic/lib/util/general.js
FN:5,(anonymous_1)
FN:7,(anonymous_2)
FN:23,(anonymous_3)
FN:27,(anonymous_4)
FN:32,(anonymous_5)
FN:41,(anonymous_6)
FNF:6
FNH:2
FNDA:0,(anonymous_1)
FNDA:0,(anonymous_2)
FNDA:5,(anonymous_3)
FNDA:9,(anonymous_4)
FNDA:0,(anonymous_5)
FNDA:0,(anonymous_6)
DA:1,1
DA:5,1
DA:6,0
DA:7,0
DA:8,0
DA:9,0
DA:10,0
DA:12,0
DA:14,0
DA:15,0
DA:17,0
DA:20,0
DA:23,1
DA:24,5
DA:27,1
DA:28,9
DA:32,1
DA:34,0
DA:35,0
DA:37,0
DA:41,1
DA:42,0
DA:43,0
LF:23
LH:8
BRDA:8,1,0,0
BRDA:8,1,1,0
BRDA:9,2,0,0
BRDA:9,2,1,0
BRDA:14,3,0,0
BRDA:14,3,1,0
BRDA:24,4,0,5
BRDA:24,4,1,0
BRDA:24,4,2,0
BRF:9
BRH:1
end_of_record
TN:
SF:/mnt/safe/node/radic/lib/util/dotaccess.js
FN:1,(anonymous_1)
FN:2,parts
FN:7,lookup
FN:19,set
FN:26,unset
FN:33,get
FNF:6
FNH:6
FNDA:1,(anonymous_1)
FNDA:62,parts
FNDA:20,lookup
FNDA:16,set
FNDA:4,unset
FNDA:42,get
DA:1,1
DA:2,1
DA:3,62
DA:4,62
DA:7,1
DA:8,20
DA:9,20
DA:10,20
DA:11,16
DA:12,16
DA:13,16
DA:14,16
DA:16,20
DA:19,1
DA:20,16
DA:23,16
DA:26,1
DA:27,4
DA:30,4
DA:33,1
DA:34,42
DA:35,42
DA:36,91
DA:37,91
DA:38,76
DA:40,27
DA:43,1
LF:27
LH:27
BRDA:3,1,0,0
BRDA:3,1,1,62
BRDA:12,2,0,8
BRDA:12,2,1,8
BRDA:14,3,0,0
BRDA:14,3,1,16
BRDA:23,4,0,15
BRDA:23,4,1,1
BRDA:23,5,0,16
BRDA:23,5,1,5
BRDA:37,6,0,15
BRDA:37,6,1,76
BRF:12
BRH:10
end_of_record
TN:
SF:/mnt/safe/node/radic/lib/config/index.js
FN:34,Config
FN:60,(anonymous_2)
FN:85,(anonymous_3)
FN:96,(anonymous_4)
FN:114,(anonymous_5)
FN:131,(anonymous_6)
FN:135,(anonymous_7)
FNF:7
FNH:7
FNDA:4,Config
FNDA:10,(anonymous_2)
FNDA:34,(anonymous_3)
FNDA:3,(anonymous_4)
FNDA:3,(anonymous_5)
FNDA:9,(anonymous_6)
FNDA:4,(anonymous_7)
DA:2,1
DA:34,1
DA:35,4
DA:38,3
DA:39,3
DA:43,3
DA:46,3
DA:47,1
DA:50,3
DA:52,1
DA:60,1
DA:61,10
DA:64,10
DA:66,10
DA:67,1
DA:70,10
DA:71,10
DA:72,1
DA:73,9
DA:74,2
DA:85,1
DA:86,34
DA:96,1
DA:97,3
DA:99,3
DA:100,3
DA:101,1
DA:102,2
DA:103,1
DA:105,3
DA:114,1
DA:115,3
DA:116,3
DA:117,3
DA:118,1
DA:119,2
DA:120,1
DA:122,3
DA:131,1
DA:132,9
DA:133,9
DA:134,9
DA:135,4
DA:136,4
DA:139,5
DA:141,9
LF:46
LH:46
BRDA:35,1,0,1
BRDA:35,1,1,3
BRDA:38,2,0,3
BRDA:38,2,1,1
BRDA:46,3,0,1
BRDA:46,3,1,2
BRDA:61,4,0,10
BRDA:61,4,1,7
BRDA:66,5,0,1
BRDA:66,5,1,9
BRDA:71,6,0,1
BRDA:71,6,1,9
BRDA:73,7,0,2
BRDA:73,7,1,7
BRDA:97,8,0,3
BRDA:97,8,1,1
BRDA:100,9,0,1
BRDA:100,9,1,2
BRDA:102,10,0,1
BRDA:102,10,1,1
BRDA:115,11,0,3
BRDA:115,11,1,1
BRDA:117,12,0,1
BRDA:117,12,1,2
BRDA:119,13,0,1
BRDA:119,13,1,1
BRDA:133,14,0,9
BRDA:133,14,1,5
BRDA:134,15,0,4
BRDA:134,15,1,5
BRF:30
BRH:30
end_of_record
TN:
SF:/mnt/safe/node/radic/lib/git/index.js
FN:9,createCallback
FN:10,(anonymous_2)
FN:18,(anonymous_3)
FN:58,(anonymous_4)
FN:71,git
FN:76,(anonymous_6)
FN:80,init
FN:84,commit
FN:88,commit
FN:92,push
FN:97,(anonymous_11)
FNF:11
FNH:0
FNDA:0,createCallback
FNDA:0,(anonymous_2)
FNDA:0,(anonymous_3)
FNDA:0,(anonymous_4)
FNDA:0,git
FNDA:0,(anonymous_6)
FNDA:0,init
FNDA:0,commit
FNDA:0,commit
FNDA:0,push
FNDA:0,(anonymous_11)
DA:1,1
DA:9,1
DA:10,0
DA:11,0
DA:12,0
DA:14,0
DA:18,1
DA:19,0
DA:32,0
DA:33,0
DA:35,0
DA:40,0
DA:41,0
DA:42,0
DA:43,0
DA:45,0
DA:46,0
DA:49,0
DA:50,0
DA:51,0
DA:52,0
DA:55,0
DA:56,0
DA:57,0
DA:58,0
DA:59,0
DA:60,0
DA:61,0
DA:68,0
DA:71,1
DA:72,0
DA:74,1
DA:76,1
DA:77,0
DA:80,1
DA:81,0
DA:84,1
DA:85,0
DA:88,1
DA:89,0
DA:92,1
DA:93,0
DA:96,1
DA:98,0
LF:44
LH:11
BRDA:11,1,0,0
BRDA:11,1,1,0
BRDA:33,2,0,0
BRDA:33,2,1,0
BRDA:40,3,0,0
BRDA:40,3,1,0
BRDA:42,4,0,0
BRDA:42,4,1,0
BRDA:45,5,0,0
BRDA:45,5,1,0
BRDA:49,6,0,0
BRDA:49,6,1,0
BRDA:49,7,0,0
BRDA:49,7,1,0
BRDA:51,8,0,0
BRDA:51,8,1,0
BRDA:55,9,0,0
BRDA:55,9,1,0
BRDA:57,10,0,0
BRDA:57,10,1,0
BRDA:59,11,0,0
BRDA:59,11,1,0
BRDA:60,12,0,0
BRDA:60,12,1,0
BRDA:61,13,0,0
BRDA:61,13,1,0
BRF:26
BRH:0
end_of_record
TN:
SF:/mnt/safe/node/radic/lib/git/api.js
FN:25,opts
FN:32,(anonymous_2)
FN:39,(anonymous_3)
FN:48,(anonymous_4)
FN:54,(anonymous_5)
FN:68,(anonymous_6)
FNF:6
FNH:0
FNDA:0,opts
FNDA:0,(anonymous_2)
FNDA:0,(anonymous_3)
FNDA:0,(anonymous_4)
FNDA:0,(anonymous_5)
FNDA:0,(anonymous_6)
DA:1,1
DA:7,1
DA:9,1
DA:25,1
DA:26,0
DA:27,0
DA:29,1
DA:33,0
DA:40,0
DA:41,0
DA:42,0
DA:49,0
DA:50,0
DA:55,0
DA:56,0
DA:57,0
DA:58,0
DA:60,0
DA:68,1
DA:69,0
DA:71,0
DA:72,0
DA:74,0
LF:23
LH:6
BRDA:26,1,0,0
BRDA:26,1,1,0
BRDA:57,2,0,0
BRDA:57,2,1,0
BRF:4
BRH:0
end_of_record
TN:
SF:/mnt/safe/node/radic/lib/git/curl.js
FN:7,getNewError
FN:14,parse
FN:37,run
FN:39,(anonymous_4)
FN:48,(anonymous_5)
FN:53,(anonymous_6)
FN:56,(anonymous_7)
FN:72,(anonymous_8)
FN:78,(anonymous_9)
FN:86,(anonymous_10)
FNF:10
FNH:0
FNDA:0,getNewError
FNDA:0,parse
FNDA:0,run
FNDA:0,(anonymous_4)
FNDA:0,(anonymous_5)
FNDA:0,(anonymous_6)
FNDA:0,(anonymous_7)
FNDA:0,(anonymous_8)
FNDA:0,(anonymous_9)
FNDA:0,(anonymous_10)
DA:2,1
DA:7,1
DA:8,0
DA:9,0
DA:10,0
DA:11,0
DA:14,1
DA:15,0
DA:16,0
DA:21,0
DA:22,0
DA:24,0
DA:25,0
DA:27,0
DA:28,0
DA:30,0
DA:31,0
DA:33,0
DA:37,1
DA:39,0
DA:40,0
DA:41,0
DA:42,0
DA:44,0
DA:45,0
DA:49,0
DA:53,1
DA:55,0
DA:57,0
DA:58,0
DA:59,0
DA:69,0
DA:73,0
DA:75,0
DA:79,0
DA:80,0
DA:82,0
DA:83,0
DA:87,0
DA:88,0
LF:40
LH:5
BRDA:15,1,0,0
BRDA:15,1,1,0
BRDA:21,2,0,0
BRDA:21,2,1,0
BRDA:24,3,0,0
BRDA:24,3,1,0
BRDA:27,4,0,0
BRDA:27,4,1,0
BRDA:58,5,0,0
BRDA:58,5,1,0
BRDA:79,6,0,0
BRDA:79,6,1,0
BRF:12
BRH:0
end_of_record
TN:
SF:/mnt/safe/node/radic/lib/cli/index.js
FN:23,(anonymous_1)
FN:27,(anonymous_2)
FN:31,(anonymous_3)
FN:35,(anonymous_4)
FN:39,(anonymous_5)
FN:40,(anonymous_6)
FN:56,(anonymous_7)
FN:68,(anonymous_8)
FN:97,(anonymous_9)
FN:104,(anonymous_10)
FN:107,(anonymous_11)
FN:110,(anonymous_12)
FN:115,(anonymous_13)
FN:116,(anonymous_14)
FNF:14
FNH:2
FNDA:25,(anonymous_1)
FNDA:0,(anonymous_2)
FNDA:0,(anonymous_3)
FNDA:0,(anonymous_4)
FNDA:0,(anonymous_5)
FNDA:0,(anonymous_6)
FNDA:0,(anonymous_7)
FNDA:0,(anonymous_8)
FNDA:0,(anonymous_9)
FNDA:0,(anonymous_10)
FNDA:0,(anonymous_11)
FNDA:0,(anonymous_12)
FNDA:6,(anonymous_13)
FNDA:0,(anonymous_14)
DA:2,1
DA:22,1
DA:23,1
DA:24,25
DA:27,1
DA:28,0
DA:31,1
DA:32,0
DA:35,1
DA:36,0
DA:39,1
DA:40,0
DA:42,0
DA:48,0
DA:49,0
DA:56,0
DA:57,0
DA:60,0
DA:62,0
DA:63,0
DA:66,0
DA:67,0
DA:68,0
DA:69,0
DA:71,0
DA:73,0
DA:79,0
DA:82,0
DA:84,0
DA:85,0
DA:89,1
DA:97,1
DA:98,0
DA:99,0
DA:100,0
DA:101,0
DA:102,0
DA:104,1
DA:105,0
DA:107,1
DA:108,0
DA:110,1
DA:111,0
DA:115,1
DA:116,6
DA:118,0
DA:121,0
DA:122,0
DA:123,0
DA:124,0
DA:125,0
DA:128,0
DA:130,0
LF:53
LH:15
BRDA:48,1,0,0
BRDA:48,1,1,0
BRDA:62,2,0,0
BRDA:62,2,1,0
BRDA:66,3,0,0
BRDA:66,3,1,0
BRDA:84,4,0,0
BRDA:84,4,1,0
BRDA:100,5,0,0
BRDA:100,5,1,0
BRDA:101,6,0,0
BRDA:101,6,1,0
BRDA:118,7,0,0
BRDA:118,7,1,0
BRDA:123,8,0,0
BRDA:123,8,1,0
BRDA:124,9,0,0
BRDA:124,9,1,0
BRDA:130,10,0,0
BRDA:130,10,1,0
BRF:20
BRH:0
end_of_record
TN:
SF:/mnt/safe/node/radic/lib/cli/celeri/index.js
FN:21,(anonymous_1)
FN:32,(anonymous_2)
FN:42,(anonymous_3)
FN:50,(anonymous_4)
FN:57,(anonymous_5)
FN:67,(anonymous_6)
FN:79,(anonymous_7)
FN:103,(anonymous_8)
FN:113,(anonymous_9)
FN:125,(anonymous_10)
FN:136,stringRep
FN:146,(anonymous_12)
FN:150,(anonymous_13)
FN:156,(anonymous_14)
FN:171,(anonymous_15)
FN:217,(anonymous_16)
FN:249,(anonymous_17)
FN:274,(anonymous_18)
FN:281,(anonymous_19)
FN:289,(anonymous_20)
FNF:20
FNH:1
FNDA:0,(anonymous_1)
FNDA:0,(anonymous_2)
FNDA:0,(anonymous_3)
FNDA:0,(anonymous_4)
FNDA:0,(anonymous_5)
FNDA:0,(anonymous_6)
FNDA:0,(anonymous_7)
FNDA:0,(anonymous_8)
FNDA:0,(anonymous_9)
FNDA:0,(anonymous_10)
FNDA:0,stringRep
FNDA:0,(anonymous_12)
FNDA:0,(anonymous_13)
FNDA:0,(anonymous_14)
FNDA:0,(anonymous_15)
FNDA:0,(anonymous_16)
FNDA:0,(anonymous_17)
FNDA:0,(anonymous_18)
FNDA:1,(anonymous_19)
FNDA:0,(anonymous_20)
DA:1,1
DA:6,1
DA:8,1
DA:10,1
DA:12,1
DA:14,1
DA:21,1
DA:22,0
DA:24,0
DA:32,1
DA:33,0
DA:42,1
DA:43,0
DA:50,1
DA:51,0
DA:57,1
DA:58,0
DA:61,0
DA:67,1
DA:68,0
DA:70,0
DA:72,0
DA:79,1
DA:81,0
DA:84,0
DA:87,0
DA:90,0
DA:93,0
DA:95,0
DA:103,1
DA:104,0
DA:105,0
DA:113,1
DA:115,0
DA:116,0
DA:119,1
DA:125,1
DA:126,0
DA:129,0
DA:131,0
DA:136,1
DA:137,0
DA:139,0
DA:140,0
DA:141,0
DA:143,0
DA:146,1
DA:147,0
DA:150,1
DA:151,0
DA:152,0
DA:153,0
DA:156,1
DA:157,0
DA:158,0
DA:161,0
DA:162,0
DA:165,0
DA:166,0
DA:167,0
DA:171,0
DA:174,0
DA:175,0
DA:177,0
DA:180,0
DA:184,0
DA:185,0
DA:186,0
DA:188,0
DA:194,0
DA:196,0
DA:197,0
DA:198,0
DA:205,0
DA:208,0
DA:209,0
DA:217,1
DA:219,0
DA:221,0
DA:222,0
DA:227,0
DA:228,0
DA:230,0
DA:231,0
DA:233,0
DA:234,0
DA:238,0
DA:239,0
DA:241,0
DA:242,0
DA:243,0
DA:247,0
DA:249,0
DA:250,0
DA:251,0
DA:252,0
DA:255,0
DA:256,0
DA:257,0
DA:259,0
DA:261,0
DA:263,0
DA:264,0
DA:267,0
DA:268,0
DA:271,0
DA:274,1
DA:275,0
DA:278,1
DA:282,1
DA:283,0
DA:284,0
DA:289,1
DA:290,0
LF:114
LH:26
BRDA:43,1,0,0
BRDA:43,1,1,0
BRDA:58,2,0,0
BRDA:58,2,1,0
BRDA:61,3,0,0
BRDA:61,3,1,0
BRDA:68,4,0,0
BRDA:68,4,1,0
BRDA:72,5,0,0
BRDA:72,5,1,0
BRDA:81,6,0,0
BRDA:81,6,1,0
BRDA:93,7,0,0
BRDA:93,7,1,0
BRDA:126,8,0,0
BRDA:126,8,1,0
BRDA:139,9,0,0
BRDA:139,9,1,0
BRDA:140,10,0,0
BRDA:140,10,1,0
BRDA:141,11,0,0
BRDA:141,11,1,0
BRDA:151,12,0,0
BRDA:151,12,1,0
BRDA:157,13,0,0
BRDA:157,13,1,0
BRDA:158,14,0,0
BRDA:158,14,1,0
BRDA:161,15,0,0
BRDA:161,15,1,0
BRDA:174,16,0,0
BRDA:174,16,1,0
BRDA:175,17,0,0
BRDA:175,17,1,0
BRDA:180,18,0,0
BRDA:180,18,1,0
BRDA:184,19,0,0
BRDA:184,19,1,0
BRDA:184,20,0,0
BRDA:184,20,1,0
BRDA:185,21,0,0
BRDA:185,21,1,0
BRDA:194,22,0,0
BRDA:194,22,1,0
BRDA:194,23,0,0
BRDA:194,23,1,0
BRDA:208,24,0,0
BRDA:208,24,1,0
BRDA:230,25,0,0
BRDA:230,25,1,0
BRDA:241,26,0,0
BRDA:241,26,1,0
BRDA:243,27,0,0
BRDA:243,27,1,0
BRDA:250,28,0,0
BRDA:250,28,1,0
BRDA:255,29,0,0
BRDA:255,29,1,0
BRDA:256,30,0,0
BRDA:256,30,1,0
BRDA:259,31,0,0
BRDA:259,31,1,0
BRDA:268,32,0,0
BRDA:268,32,1,0
BRDA:282,33,0,0
BRDA:282,33,1,1
BRF:66
BRH:1
end_of_record
TN:
SF:/mnt/safe/node/radic/lib/cli/celeri/utils.js
FN:1,(anonymous_1)
FN:5,(anonymous_2)
FN:11,(anonymous_3)
FN:16,(anonymous_4)
FN:21,(anonymous_5)
FN:31,(anonymous_6)
FNF:6
FNH:0
FNDA:0,(anonymous_1)
FNDA:0,(anonymous_2)
FNDA:0,(anonymous_3)
FNDA:0,(anonymous_4)
FNDA:0,(anonymous_5)
FNDA:0,(anonymous_6)
DA:1,1
DA:2,0
DA:5,1
DA:6,0
DA:11,1
DA:12,0
DA:16,1
DA:17,0
DA:21,1
DA:22,0
DA:24,0
DA:25,0
DA:28,0
DA:31,1
DA:32,0
DA:34,0
DA:36,0
LF:17
LH:6
BRDA:12,1,0,0
BRDA:12,1,1,0
BRF:2
BRH:0
end_of_record
TN:
SF:/mnt/safe/node/radic/lib/cli/celeri/plugins/argv/index.js
FN:2,(anonymous_1)
FN:4,(anonymous_2)
FN:37,(anonymous_3)
FNF:3
FNH:2
FNDA:1,(anonymous_1)
FNDA:2,(anonymous_2)
FNDA:0,(anonymous_3)
DA:1,1
DA:2,1
DA:4,1
DA:7,2
DA:11,2
DA:12,0
DA:16,2
DA:18,2
DA:20,2
DA:23,2
DA:24,0
DA:28,2
DA:31,2
DA:32,2
DA:34,2
DA:37,2
DA:38,0
DA:39,0
DA:42,2
LF:19
LH:15
BRDA:11,1,0,0
BRDA:11,1,1,2
BRDA:16,2,0,2
BRDA:16,2,1,0
BRDA:18,3,0,2
BRDA:18,3,1,0
BRDA:23,4,0,0
BRDA:23,4,1,2
BRDA:32,5,0,2
BRDA:32,5,1,2
BRDA:34,6,0,0
BRDA:34,6,1,2
BRDA:38,7,0,0
BRDA:38,7,1,0
BRF:14
BRH:7
end_of_record
TN:
SF:/mnt/safe/node/radic/lib/cli/celeri/plugins/auth.js
FN:2,(anonymous_1)
FNF:1
FNH:1
FNDA:1,(anonymous_1)
DA:2,1
DA:4,1
LF:2
LH:2
BRF:0
BRH:0
end_of_record
TN:
SF:/mnt/safe/node/radic/lib/cli/celeri/plugins/backspace.js
FN:2,(anonymous_1)
FN:6,(anonymous_2)
FN:17,(anonymous_3)
FNF:3
FNH:1
FNDA:1,(anonymous_1)
FNDA:0,(anonymous_2)
FNDA:0,(anonymous_3)
DA:1,1
DA:2,1
DA:4,1
DA:6,0
DA:7,0
DA:9,0
DA:11,0
DA:17,0
DA:18,0
DA:20,0
LF:10
LH:3
BRDA:9,1,0,0
BRDA:9,1,1,0
BRF:2
BRH:0
end_of_record
TN:
SF:/mnt/safe/node/radic/lib/cli/celeri/plugins/command.api.js
FN:6,(anonymous_1)
FN:10,normalizeApi
FN:35,flattenMethods
FN:67,demormalizeApi
FN:80,(anonymous_5)
FN:95,(anonymous_6)
FN:98,(anonymous_7)
FNF:7
FNH:1
FNDA:1,(anonymous_1)
FNDA:0,normalizeApi
FNDA:0,flattenMethods
FNDA:0,demormalizeApi
FNDA:0,(anonymous_5)
FNDA:0,(anonymous_6)
FNDA:0,(anonymous_7)
DA:1,1
DA:5,1
DA:6,1
DA:8,1
DA:10,1
DA:12,0
DA:14,0
DA:16,0
DA:18,0
DA:20,0
DA:22,0
DA:23,0
DA:28,0
DA:32,0
DA:35,1
DA:37,0
DA:39,0
DA:40,0
DA:43,0
DA:44,0
DA:49,0
DA:52,0
DA:54,0
DA:56,0
DA:57,0
DA:58,0
DA:59,0
DA:63,0
DA:67,1
DA:68,0
DA:69,0
DA:72,0
DA:73,0
DA:76,0
DA:80,1
DA:82,0
DA:90,0
DA:94,1
DA:96,0
DA:100,0
DA:101,0
DA:104,0
DA:106,0
DA:108,0
LF:44
LH:9
BRDA:12,1,0,0
BRDA:12,1,1,0
BRDA:12,2,0,0
BRDA:12,2,1,0
BRDA:16,3,0,0
BRDA:16,3,1,0
BRDA:22,4,0,0
BRDA:22,4,1,0
BRDA:39,5,0,0
BRDA:39,5,1,0
BRDA:39,6,0,0
BRDA:39,6,1,0
BRDA:43,7,0,0
BRDA:43,7,1,0
BRDA:56,8,0,0
BRDA:56,8,1,0
BRDA:68,9,0,0
BRDA:68,9,1,0
BRDA:96,10,0,0
BRDA:96,10,1,0
BRF:20
BRH:0
end_of_record
TN:
SF:/mnt/safe/node/radic/lib/cli/celeri/plugins/command.js
FN:3,(anonymous_1)
FN:9,getHandler
FN:10,(anonymous_3)
FN:21,(anonymous_4)
FN:26,(anonymous_5)
FNF:5
FNH:1
FNDA:1,(anonymous_1)
FNDA:0,getHandler
FNDA:0,(anonymous_3)
FNDA:0,(anonymous_4)
FNDA:0,(anonymous_5)
DA:1,1
DA:3,1
DA:5,1
DA:9,1
DA:10,0
DA:11,0
DA:12,0
DA:13,0
DA:16,0
DA:21,1
DA:23,0
DA:26,0
DA:27,0
DA:29,0
DA:30,0
DA:31,0
DA:35,0
DA:38,0
DA:39,0
DA:43,0
DA:47,1
LF:21
LH:6
BRDA:13,1,0,0
BRDA:13,1,1,0
BRDA:13,2,0,0
BRDA:13,2,1,0
BRDA:29,3,0,0
BRDA:29,3,1,0
BRF:6
BRH:0
end_of_record
TN:
SF:/mnt/safe/node/radic/lib/cli/celeri/plugins/command.route.js
FN:9,fixRoute
FN:20,(anonymous_2)
FN:27,(anonymous_3)
FN:29,(anonymous_4)
FN:51,(anonymous_5)
FN:60,(anonymous_6)
FN:65,(anonymous_7)
FN:69,(anonymous_8)
FN:81,(anonymous_9)
FN:87,(anonymous_10)
FN:115,(anonymous_11)
FN:118,(anonymous_12)
FN:134,(anonymous_13)
FNF:13
FNH:6
FNDA:13,fixRoute
FNDA:0,(anonymous_2)
FNDA:0,(anonymous_3)
FNDA:0,(anonymous_4)
FNDA:0,(anonymous_5)
FNDA:1,(anonymous_6)
FNDA:1,(anonymous_7)
FNDA:1,(anonymous_8)
FNDA:2,(anonymous_9)
FNDA:11,(anonymous_10)
FNDA:0,(anonymous_11)
FNDA:0,(anonymous_12)
FNDA:0,(anonymous_13)
DA:1,1
DA:9,1
DA:12,13
DA:18,1
DA:22,0
DA:23,0
DA:24,0
DA:27,0
DA:28,0
DA:29,0
DA:31,0
DA:33,0
DA:35,0
DA:38,0
DA:47,1
DA:52,0
DA:57,1
DA:60,1
DA:62,1
DA:65,1
DA:67,1
DA:69,1
DA:70,1
DA:78,1
DA:81,1
DA:82,2
DA:87,1
DA:90,11
DA:92,11
DA:94,0
DA:95,0
DA:98,0
DA:101,11
DA:102,0
DA:104,11
DA:107,11
DA:108,0
DA:111,11
DA:114,1
DA:116,0
DA:120,0
DA:122,0
DA:123,0
DA:125,0
DA:126,0
DA:130,0
DA:133,0
DA:135,0
DA:140,0
LF:49
LH:23
BRDA:24,1,0,0
BRDA:24,1,1,0
BRDA:31,2,0,0
BRDA:31,2,1,0
BRDA:92,3,0,0
BRDA:92,3,1,11
BRDA:92,4,0,11
BRDA:92,4,1,0
BRDA:101,5,0,0
BRDA:101,5,1,11
BRDA:107,6,0,0
BRDA:107,6,1,11
BRDA:116,7,0,0
BRDA:116,7,1,0
BRDA:122,8,0,0
BRDA:122,8,1,0
BRF:16
BRH:4
end_of_record
TN:
SF:/mnt/safe/node/radic/lib/cli/celeri/plugins/confirm.js
FN:1,(anonymous_1)
FNF:1
FNH:1
FNDA:1,(anonymous_1)
DA:1,1
DA:3,1
LF:2
LH:2
BRF:0
BRH:0
end_of_record
TN:
SF:/mnt/safe/node/radic/lib/cli/celeri/plugins/enter.js
FN:2,(anonymous_1)
FN:5,(anonymous_2)
FN:33,(anonymous_3)
FN:40,(anonymous_4)
FN:41,(anonymous_5)
FN:42,(anonymous_6)
FNF:6
FNH:1
FNDA:1,(anonymous_1)
FNDA:0,(anonymous_2)
FNDA:0,(anonymous_3)
FNDA:0,(anonymous_4)
FNDA:0,(anonymous_5)
FNDA:0,(anonymous_6)
DA:1,1
DA:2,1
DA:5,1
DA:33,1
DA:35,0
DA:37,0
DA:40,0
DA:41,0
DA:42,0
DA:43,0
DA:45,0
DA:46,0
LF:12
LH:4
BRDA:43,1,0,0
BRDA:43,1,1,0
BRDA:45,2,0,0
BRDA:45,2,1,0
BRDA:45,3,0,0
BRDA:45,3,1,0
BRF:6
BRH:0
end_of_record
TN:
SF:/mnt/safe/node/radic/lib/cli/celeri/plugins/exec.js
FN:3,(anonymous_1)
FN:9,(anonymous_2)
FN:38,(anonymous_3)
FN:39,(anonymous_4)
FN:40,(anonymous_5)
FN:52,(anonymous_6)
FN:58,(anonymous_7)
FN:64,(anonymous_8)
FNF:8
FNH:1
FNDA:1,(anonymous_1)
FNDA:0,(anonymous_2)
FNDA:0,(anonymous_3)
FNDA:0,(anonymous_4)
FNDA:0,(anonymous_5)
FNDA:0,(anonymous_6)
FNDA:0,(anonymous_7)
FNDA:0,(anonymous_8)
DA:1,1
DA:3,1
DA:9,1
DA:11,0
DA:12,0
DA:13,0
DA:14,0
DA:16,0
DA:17,0
DA:18,0
DA:19,0
DA:24,0
DA:25,0
DA:26,0
DA:30,0
DA:32,0
DA:34,0
DA:35,0
DA:38,0
DA:39,0
DA:40,0
DA:43,0
DA:50,0
DA:52,0
DA:53,0
DA:55,0
DA:58,0
DA:59,0
DA:61,0
DA:64,0
DA:66,0
DA:67,0
DA:69,0
DA:70,0
LF:34
LH:3
BRDA:11,1,0,0
BRDA:11,1,1,0
BRDA:16,2,0,0
BRDA:16,2,1,0
BRDA:24,3,0,0
BRDA:24,3,1,0
BRDA:30,4,0,0
BRDA:30,4,1,0
BRDA:30,5,0,0
BRDA:30,5,1,0
BRDA:34,6,0,0
BRDA:34,6,1,0
BRDA:38,7,0,0
BRDA:38,7,1,0
BRDA:39,8,0,0
BRDA:39,8,1,0
BRDA:40,9,0,0
BRDA:40,9,1,0
BRDA:50,10,0,0
BRDA:50,10,1,0
BRDA:66,11,0,0
BRDA:66,11,1,0
BRDA:67,12,0,0
BRDA:67,12,1,0
BRDA:67,13,0,0
BRDA:67,13,1,0
BRDA:69,14,0,0
BRDA:69,14,1,0
BRF:28
BRH:0
end_of_record
TN:
SF:/mnt/safe/node/radic/lib/cli/celeri/plugins/help.js
FN:3,capitalizeFirst
FN:7,(anonymous_2)
FN:21,(anonymous_3)
FN:30,(anonymous_4)
FN:42,(anonymous_5)
FN:58,(anonymous_6)
FN:65,(anonymous_7)
FN:105,(anonymous_8)
FN:110,(anonymous_9)
FN:155,(anonymous_10)
FN:161,(anonymous_11)
FNF:11
FNH:7
FNDA:0,capitalizeFirst
FNDA:3,(anonymous_2)
FNDA:2,(anonymous_3)
FNDA:3,(anonymous_4)
FNDA:2,(anonymous_5)
FNDA:2,(anonymous_6)
FNDA:0,(anonymous_7)
FNDA:1,(anonymous_8)
FNDA:2,(anonymous_9)
FNDA:0,(anonymous_10)
FNDA:0,(anonymous_11)
DA:1,1
DA:3,1
DA:4,0
DA:7,1
DA:9,3
DA:16,3
DA:23,2
DA:32,3
DA:44,2
DA:45,2
DA:47,2
DA:49,2
DA:59,2
DA:68,0
DA:70,0
DA:71,0
DA:74,0
DA:76,0
DA:78,0
DA:80,0
DA:93,0
DA:94,0
DA:99,3
DA:105,1
DA:107,1
DA:110,1
DA:114,2
DA:115,0
DA:119,2
DA:122,2
DA:124,2
DA:125,2
DA:128,2
DA:131,2
DA:132,0
DA:134,0
DA:136,0
DA:137,0
DA:141,0
DA:146,2
DA:149,1
DA:152,1
DA:155,1
DA:157,0
DA:161,1
DA:165,0
DA:167,0
DA:169,0
DA:172,0
DA:175,1
DA:178,1
DA:184,1
LF:52
LH:31
BRDA:44,1,0,0
BRDA:44,1,1,2
BRDA:47,2,0,1
BRDA:47,2,1,1
BRDA:59,3,0,2
BRDA:59,3,1,2
BRDA:70,4,0,0
BRDA:70,4,1,0
BRDA:74,5,0,0
BRDA:74,5,1,0
BRDA:114,6,0,0
BRDA:114,6,1,2
BRDA:119,7,0,2
BRDA:119,7,1,0
BRDA:119,8,0,2
BRDA:119,8,1,0
BRDA:131,9,0,0
BRDA:131,9,1,2
BRDA:136,10,0,0
BRDA:136,10,1,0
BRDA:165,11,0,0
BRDA:165,11,1,0
BRDA:165,12,0,0
BRDA:165,12,1,0
BRF:24
BRH:9
end_of_record
TN:
SF:/mnt/safe/node/radic/lib/cli/celeri/plugins/history.js
FN:2,(anonymous_1)
FN:5,(anonymous_2)
FN:19,(anonymous_3)
FN:25,(anonymous_4)
FNF:4
FNH:1
FNDA:1,(anonymous_1)
FNDA:0,(anonymous_2)
FNDA:0,(anonymous_3)
FNDA:0,(anonymous_4)
DA:1,1
DA:2,1
DA:3,1
DA:5,1
DA:6,0
DA:8,0
DA:10,0
DA:14,0
DA:19,1
DA:20,0
DA:22,0
DA:25,1
DA:26,0
DA:28,0
LF:14
LH:6
BRDA:8,1,0,0
BRDA:8,1,1,0
BRDA:20,2,0,0
BRDA:20,2,1,0
BRDA:26,3,0,0
BRDA:26,3,1,0
BRF:6
BRH:0
end_of_record
TN:
SF:/mnt/safe/node/radic/lib/cli/celeri/plugins/loading.js
FN:1,(anonymous_1)
FN:3,(anonymous_2)
FN:10,done
FN:28,(anonymous_4)
FNF:4
FNH:1
FNDA:1,(anonymous_1)
FNDA:0,(anonymous_2)
FNDA:0,done
FNDA:0,(anonymous_4)
DA:1,1
DA:3,1
DA:5,0
DA:6,0
DA:10,1
DA:11,0
DA:12,0
DA:13,0
DA:14,0
DA:16,0
DA:17,0
DA:20,0
DA:21,0
DA:22,0
DA:26,0
DA:27,0
DA:29,0
DA:33,0
LF:18
LH:3
BRDA:5,1,0,0
BRDA:5,1,1,0
BRDA:6,2,0,0
BRDA:6,2,1,0
BRDA:12,3,0,0
BRDA:12,3,1,0
BRF:6
BRH:0
end_of_record
TN:
SF:/mnt/safe/node/radic/lib/cli/celeri/plugins/nav.js
FN:2,(anonymous_1)
FN:4,(anonymous_2)
FN:8,(anonymous_3)
FN:12,(anonymous_4)
FN:16,(anonymous_5)
FNF:5
FNH:1
FNDA:1,(anonymous_1)
FNDA:0,(anonymous_2)
FNDA:0,(anonymous_3)
FNDA:0,(anonymous_4)
FNDA:0,(anonymous_5)
DA:1,1
DA:2,1
DA:4,1
DA:5,0
DA:8,1
DA:9,0
DA:12,1
DA:13,0
DA:16,1
DA:17,0
LF:10
LH:6
BRF:0
BRH:0
end_of_record
TN:
SF:/mnt/safe/node/radic/lib/cli/celeri/plugins/password.js
FN:1,(anonymous_1)
FN:3,getMask
FNF:2
FNH:1
FNDA:1,(anonymous_1)
FNDA:0,getMask
DA:1,1
DA:3,1
DA:4,0
DA:6,0
DA:8,0
DA:10,0
DA:13,0
DA:17,1
LF:8
LH:3
BRDA:4,1,0,0
BRDA:4,1,1,0
BRF:2
BRH:0
end_of_record
TN:
SF:/mnt/safe/node/radic/lib/cli/celeri/plugins/progress.js
FN:1,(anonymous_1)
FN:5,percentBuffer
FN:11,(anonymous_3)
FNF:3
FNH:1
FNDA:1,(anonymous_1)
FNDA:0,percentBuffer
FNDA:0,(anonymous_3)
DA:1,1
DA:2,1
DA:5,1
DA:6,0
DA:8,0
DA:11,1
DA:13,0
DA:14,0
DA:15,0
DA:18,0
DA:20,0
DA:22,0
DA:23,0
LF:13
LH:4
BRDA:13,1,0,0
BRDA:13,1,1,0
BRDA:20,2,0,0
BRDA:20,2,1,0
BRDA:22,3,0,0
BRDA:22,3,1,0
BRF:6
BRH:0
end_of_record
TN:
SF:/mnt/safe/node/radic/lib/cli/celeri/plugins/prompt.js
FN:1,(anonymous_1)
FNF:1
FNH:1
FNDA:1,(anonymous_1)
DA:1,1
DA:2,1
LF:2
LH:2
BRF:0
BRH:0
end_of_record
TN:
SF:/mnt/safe/node/radic/lib/cli/celeri/plugins/quit.js
FN:2,(anonymous_1)
FN:4,(anonymous_2)
FNF:2
FNH:1
FNDA:1,(anonymous_1)
FNDA:0,(anonymous_2)
DA:1,1
DA:2,1
DA:4,1
DA:5,0
LF:4
LH:3
BRF:0
BRH:0
end_of_record
TN:
SF:/mnt/safe/node/radic/lib/cli/celeri/plugins/section.js
FN:1,(anonymous_1)
FN:2,(anonymous_2)
FNF:2
FNH:1
FNDA:1,(anonymous_1)
FNDA:0,(anonymous_2)
DA:1,1
DA:2,1
LF:2
LH:2
BRF:0
BRH:0
end_of_record
TN:
SF:/mnt/safe/node/radic/lib/cli/celeri/plugins/table.js
FN:3,(anonymous_1)
FN:4,normalizeOptions
FN:112,splitLines
FN:116,addLines
FN:126,addLine
FN:153,getRowLineTable
FN:249,logRow
FN:253,drawBreak
FN:257,drawRow
FN:265,drawTable
FN:281,(anonymous_11)
FNF:11
FNH:1
FNDA:1,(anonymous_1)
FNDA:0,normalizeOptions
FNDA:0,splitLines
FNDA:0,addLines
FNDA:0,addLine
FNDA:0,getRowLineTable
FNDA:0,logRow
FNDA:0,drawBreak
FNDA:0,drawRow
FNDA:0,drawTable
FNDA:0,(anonymous_11)
DA:1,1
DA:3,1
DA:4,1
DA:5,0
DA:7,0
DA:13,0
DA:14,0
DA:15,0
DA:16,0
DA:17,0
DA:19,0
DA:22,0
DA:23,0
DA:24,0
DA:29,0
DA:32,0
DA:33,0
DA:37,0
DA:40,0
DA:41,0
DA:44,0
DA:45,0
DA:49,0
DA:50,0
DA:52,0
DA:53,0
DA:57,0
DA:59,0
DA:66,0
DA:69,0
DA:72,0
DA:74,0
DA:76,0
DA:77,0
DA:82,0
DA:87,0
DA:90,0
DA:92,0
DA:95,0
DA:98,0
DA:100,0
DA:112,1
DA:113,0
DA:116,1
DA:118,0
DA:121,0
DA:122,0
DA:126,1
DA:129,0
DA:131,0
DA:133,0
DA:136,0
DA:138,0
DA:139,0
DA:142,0
DA:143,0
DA:146,0
DA:147,0
DA:150,0
DA:153,1
DA:154,0
DA:160,0
DA:161,0
DA:164,0
DA:165,0
DA:167,0
DA:171,0
DA:175,0
DA:177,0
DA:180,0
DA:183,0
DA:185,0
DA:187,0
DA:188,0
DA:190,0
DA:193,0
DA:196,0
DA:198,0
DA:199,0
DA:205,0
DA:214,0
DA:218,0
DA:223,0
DA:224,0
DA:227,0
DA:228,0
DA:233,0
DA:235,0
DA:236,0
DA:239,0
DA:240,0
DA:242,0
DA:246,0
DA:249,1
DA:250,0
DA:253,1
DA:254,0
DA:257,1
DA:258,0
DA:259,0
DA:262,0
DA:265,1
DA:266,0
DA:269,0
DA:271,0
DA:272,0
DA:274,0
DA:277,0
DA:281,1
DA:282,0
DA:283,0
LF:111
LH:12
BRDA:9,1,0,0
BRDA:9,1,1,0
BRDA:9,1,2,0
BRDA:10,2,0,0
BRDA:10,2,1,0
BRDA:10,2,2,0
BRDA:13,3,0,0
BRDA:13,3,1,0
BRDA:14,4,0,0
BRDA:14,4,1,0
BRDA:15,5,0,0
BRDA:15,5,1,0
BRDA:16,6,0,0
BRDA:16,6,1,0
BRDA:17,7,0,0
BRDA:17,7,1,0
BRDA:22,8,0,0
BRDA:22,8,1,0
BRDA:23,9,0,0
BRDA:23,9,1,0
BRDA:24,10,0,0
BRDA:24,10,1,0
BRDA:40,11,0,0
BRDA:40,11,1,0
BRDA:44,12,0,0
BRDA:44,12,1,0
BRDA:49,13,0,0
BRDA:49,13,1,0
BRDA:52,14,0,0
BRDA:52,14,1,0
BRDA:57,15,0,0
BRDA:57,15,1,0
BRDA:77,16,0,0
BRDA:77,16,1,0
BRDA:87,17,0,0
BRDA:87,17,1,0
BRDA:90,18,0,0
BRDA:90,18,1,0
BRDA:113,19,0,0
BRDA:113,19,1,0
BRDA:131,20,0,0
BRDA:131,20,1,0
BRDA:136,21,0,0
BRDA:136,21,1,0
BRDA:136,21,2,0
BRDA:146,22,0,0
BRDA:146,22,1,0
BRDA:164,23,0,0
BRDA:164,23,1,0
BRDA:165,24,0,0
BRDA:165,24,1,0
BRDA:167,25,0,0
BRDA:167,25,1,0
BRDA:175,26,0,0
BRDA:175,26,1,0
BRDA:185,27,0,0
BRDA:185,27,1,0
BRDA:187,28,0,0
BRDA:187,28,1,0
BRDA:227,29,0,0
BRDA:227,29,1,0
BRDA:240,30,0,0
BRDA:240,30,1,0
BRDA:254,31,0,0
BRDA:254,31,1,0
BRDA:266,32,0,0
BRDA:266,32,1,0
BRDA:277,33,0,0
BRDA:277,33,1,0
BRF:69
BRH:0
end_of_record
TN:
SF:/mnt/safe/node/radic/lib/cli/celeri/plugins/tree.js
FN:5,(anonymous_1)
FN:11,(anonymous_2)
FNF:2
FNH:1
FNDA:1,(anonymous_1)
FNDA:0,(anonymous_2)
DA:1,1
DA:5,1
DA:11,1
DA:12,0
DA:15,0
DA:17,0
DA:18,0
DA:29,0
DA:39,0
DA:41,0
DA:43,0
DA:45,0
DA:50,0
DA:52,0
DA:58,0
DA:61,0
DA:64,0
DA:65,0
DA:73,0
DA:78,0
DA:79,0
DA:80,0
DA:83,0
LF:23
LH:3
BRDA:12,1,0,0
BRDA:12,1,1,0
BRDA:17,2,0,0
BRDA:17,2,1,0
BRDA:39,3,0,0
BRDA:39,3,1,0
BRDA:43,4,0,0
BRDA:43,4,1,0
BRDA:55,5,0,0
BRDA:55,5,1,0
BRDA:58,6,0,0
BRDA:58,6,1,0
BRDA:61,7,0,0
BRDA:61,7,1,0
BRDA:61,8,0,0
BRDA:61,8,1,0
BRDA:64,9,0,0
BRDA:64,9,1,0
BRDA:65,10,0,0
BRDA:65,10,1,0
BRDA:65,11,0,0
BRDA:65,11,1,0
BRDA:78,12,0,0
BRDA:78,12,1,0
BRF:24
BRH:0
end_of_record
TN:
SF:/mnt/safe/node/radic/lib/cli/command.js
FN:1,Command
FN:11,(anonymous_2)
FN:16,(anonymous_3)
FN:21,(anonymous_4)
FN:28,(anonymous_5)
FN:33,(anonymous_6)
FNF:6
FNH:0
FNDA:0,Command
FNDA:0,(anonymous_2)
FNDA:0,(anonymous_3)
FNDA:0,(anonymous_4)
FNDA:0,(anonymous_5)
FNDA:0,(anonymous_6)
DA:1,1
DA:2,0
DA:3,0
DA:11,1
DA:12,0
DA:13,0
DA:16,1
DA:17,0
DA:18,0
DA:21,1
DA:22,0
DA:23,0
DA:28,1
DA:29,0
DA:30,0
DA:33,1
DA:34,0
DA:35,0
LF:18
LH:6
BRF:0
BRH:0
end_of_record
TN:
SF:/mnt/safe/node/radic/lib/cli/table.js
FN:66,Table
FN:80,(anonymous_2)
FN:86,(anonymous_3)
FN:90,(anonymous_4)
FN:101,(anonymous_5)
FN:107,(anonymous_6)
FN:114,(anonymous_7)
FNF:7
FNH:0
FNDA:0,Table
FNDA:0,(anonymous_2)
FNDA:0,(anonymous_3)
FNDA:0,(anonymous_4)
FNDA:0,(anonymous_5)
FNDA:0,(anonymous_6)
FNDA:0,(anonymous_7)
DA:1,1
DA:2,1
DA:6,1
DA:66,1
DA:68,0
DA:77,1
DA:78,1
DA:80,1
DA:81,0
DA:82,0
DA:83,0
DA:86,1
DA:87,0
DA:88,0
DA:90,1
DA:91,0
DA:92,0
DA:93,0
DA:94,0
DA:95,0
DA:96,0
DA:98,0
DA:101,1
DA:103,0
DA:105,0
DA:107,0
DA:108,0
DA:109,0
DA:111,0
DA:114,1
DA:115,0
LF:31
LH:11
BRDA:69,1,0,0
BRDA:69,1,1,0
BRDA:73,2,0,0
BRDA:73,2,1,0
BRDA:91,3,0,0
BRDA:91,3,1,0
BRDA:92,4,0,0
BRDA:92,4,1,0
BRDA:103,5,0,0
BRDA:103,5,1,0
BRF:10
BRH:0
end_of_record
TN:
SF:/mnt/safe/node/radic/lib/db/index.js
FN:18,DB
FN:24,(anonymous_2)
FN:35,(anonymous_3)
FN:46,(anonymous_4)
FNF:4
FNH:3
FNDA:2,DB
FNDA:0,(anonymous_2)
FNDA:2,(anonymous_3)
FNDA:1,(anonymous_4)
DA:2,1
DA:18,1
DA:19,2
DA:20,2
DA:26,2
DA:27,2
DA:28,2
DA:29,2
DA:31,1
DA:32,1
DA:35,1
DA:36,2
DA:37,1
DA:38,1
DA:39,1
DA:41,0
DA:46,1
DA:47,1
LF:18
LH:17
BRDA:19,1,0,2
BRDA:19,1,1,0
BRDA:36,2,0,1
BRDA:36,2,1,1
BRDA:38,3,0,1
BRDA:38,3,1,0
BRF:6
BRH:4
end_of_record
TN:
SF:/mnt/safe/node/radic/lib/db/model.js
FN:7,store
FN:11,Model
FN:18,(anonymous_3)
FN:23,(anonymous_4)
FN:29,(anonymous_5)
FN:36,(anonymous_6)
FN:37,(anonymous_7)
FN:44,(anonymous_8)
FN:48,(anonymous_9)
FN:53,(anonymous_10)
FNF:10
FNH:7
FNDA:0,store
FNDA:1,Model
FNDA:2,(anonymous_3)
FNDA:2,(anonymous_4)
FNDA:1,(anonymous_5)
FNDA:1,(anonymous_6)
FNDA:1,(anonymous_7)
FNDA:0,(anonymous_8)
FNDA:2,(anonymous_9)
FNDA:0,(anonymous_10)
DA:1,1
DA:2,1
DA:7,1
DA:8,0
DA:11,1
DA:12,1
DA:13,1
DA:14,1
DA:16,1
DA:18,1
DA:21,2
DA:23,2
DA:25,2
DA:26,2
DA:29,1
DA:31,1
DA:36,1
DA:37,1
DA:39,1
DA:40,1
DA:44,1
DA:48,1
DA:50,2
DA:53,1
DA:54,0
LF:25
LH:23
BRDA:25,1,0,0
BRDA:25,1,1,2
BRDA:26,2,0,1
BRDA:26,2,1,1
BRDA:39,3,0,0
BRDA:39,3,1,1
BRF:6
BRH:4
end_of_record
